2021-11-16 21:12:03.494  INFO 80 --- [main] org.obiba.mica.Application               : Starting Application on b619253a5597 with PID 80 (/usr/share/mica2/webapp/WEB-INF/classes started by mica in /srv)
2021-11-16 21:12:03.499  INFO 80 --- [main] org.obiba.mica.Application               : The following profiles are active: prod
2021-11-16 21:12:03.576  INFO 80 --- [main] ationConfigEmbeddedWebApplicationContext : Refreshing org.springframework.boot.context.embedded.AnnotationConfigEmbeddedWebApplicationContext@2e2ff723: startup date [Tue Nov 16 21:12:03 UTC 2021]; root of context hierarchy
2021-11-16 21:12:08.326  INFO 80 --- [main] o.s.b.f.xml.XmlBeanDefinitionReader      : Loading XML bean definitions from class path resource [context.xml]
2021-11-16 21:12:09.620  INFO 80 --- [main] o.s.b.f.s.DefaultListableBeanFactory     : Overriding bean definition for bean 'getMetricRegistry' with a different definition: replacing [Root bean: class [null]; scope=; abstract=false; lazyInit=false; autowireMode=3; dependencyCheck=0; autowireCandidate=true; primary=false; factoryBeanName=com.ryantenney.metrics.spring.config.annotation.DelegatingMetricsConfiguration; factoryMethodName=getMetricRegistry; initMethodName=null; destroyMethodName=(inferred); defined in class path resource [com/ryantenney/metrics/spring/config/annotation/DelegatingMetricsConfiguration.class]] with [Root bean: class [null]; scope=; abstract=false; lazyInit=false; autowireMode=3; dependencyCheck=0; autowireCandidate=true; primary=false; factoryBeanName=metricsConfiguration; factoryMethodName=getMetricRegistry; initMethodName=null; destroyMethodName=(inferred); defined in class path resource [org/obiba/mica/config/MetricsConfiguration.class]]
2021-11-16 21:12:09.627  INFO 80 --- [main] o.s.b.f.s.DefaultListableBeanFactory     : Overriding bean definition for bean 'getHealthCheckRegistry' with a different definition: replacing [Root bean: class [null]; scope=; abstract=false; lazyInit=false; autowireMode=3; dependencyCheck=0; autowireCandidate=true; primary=false; factoryBeanName=com.ryantenney.metrics.spring.config.annotation.DelegatingMetricsConfiguration; factoryMethodName=getHealthCheckRegistry; initMethodName=null; destroyMethodName=(inferred); defined in class path resource [com/ryantenney/metrics/spring/config/annotation/DelegatingMetricsConfiguration.class]] with [Root bean: class [null]; scope=; abstract=false; lazyInit=false; autowireMode=3; dependencyCheck=0; autowireCandidate=true; primary=false; factoryBeanName=metricsConfiguration; factoryMethodName=getHealthCheckRegistry; initMethodName=null; destroyMethodName=(inferred); defined in class path resource [org/obiba/mica/config/MetricsConfiguration.class]]
2021-11-16 21:12:09.902  INFO 80 --- [main] o.s.b.f.s.DefaultListableBeanFactory     : Overriding bean definition for bean 'requestContextFilter' with a different definition: replacing [Root bean: class [null]; scope=; abstract=false; lazyInit=false; autowireMode=3; dependencyCheck=0; autowireCandidate=true; primary=false; factoryBeanName=org.springframework.boot.autoconfigure.jersey.JerseyAutoConfiguration; factoryMethodName=requestContextFilter; initMethodName=null; destroyMethodName=(inferred); defined in class path resource [org/springframework/boot/autoconfigure/jersey/JerseyAutoConfiguration.class]] with [Root bean: class [org.springframework.boot.autoconfigure.web.WebMvcAutoConfiguration$WebMvcAutoConfigurationAdapter]; scope=; abstract=false; lazyInit=false; autowireMode=3; dependencyCheck=0; autowireCandidate=true; primary=false; factoryBeanName=null; factoryMethodName=requestContextFilter; initMethodName=null; destroyMethodName=(inferred); defined in class path resource [org/springframework/boot/autoconfigure/web/WebMvcAutoConfiguration$WebMvcAutoConfigurationAdapter.class]]
2021-11-16 21:12:10.686  INFO 80 --- [main] f.a.AutowiredAnnotationBeanPostProcessor : JSR-330 'javax.inject.Inject' annotation found and supported for autowiring
2021-11-16 21:12:10.746  INFO 80 --- [main] trationDelegate$BeanPostProcessorChecker : Bean 'securityConfiguration' of type [org.obiba.mica.config.SecurityConfiguration$$EnhancerBySpringCGLIB$$a5f9a69d] is not eligible for getting processed by all BeanPostProcessors (for example: not eligible for auto-proxying)
2021-11-16 21:12:10.870  INFO 80 --- [main] trationDelegate$BeanPostProcessorChecker : Bean 'validationConfiguration' of type [org.obiba.mica.config.ValidationConfiguration$$EnhancerBySpringCGLIB$$d3ba9ea4] is not eligible for getting processed by all BeanPostProcessors (for example: not eligible for auto-proxying)
2021-11-16 21:12:10.970  INFO 80 --- [main] trationDelegate$BeanPostProcessorChecker : Bean 'validator' of type [org.springframework.validation.beanvalidation.LocalValidatorFactoryBean] is not eligible for getting processed by all BeanPostProcessors (for example: not eligible for auto-proxying)
2021-11-16 21:12:11.079  INFO 80 --- [main] trationDelegate$BeanPostProcessorChecker : Bean 'asyncConfiguration' of type [org.obiba.mica.config.AsyncConfiguration$$EnhancerBySpringCGLIB$$acc800f7] is not eligible for getting processed by all BeanPostProcessors (for example: not eligible for auto-proxying)
2021-11-16 21:12:11.097  INFO 80 --- [main] o.s.s.concurrent.ThreadPoolTaskExecutor  : Initializing ExecutorService
2021-11-16 21:12:11.097  INFO 80 --- [main] trationDelegate$BeanPostProcessorChecker : Bean 'getAsyncExecutor' of type [org.obiba.mica.core.MicaAsyncTaskExecutor] is not eligible for getting processed by all BeanPostProcessors (for example: not eligible for auto-proxying)
2021-11-16 21:12:11.168  INFO 80 --- [main] trationDelegate$BeanPostProcessorChecker : Bean 'authorizationAttributeSourceAdvisor' of type [org.apache.shiro.spring.security.interceptor.AuthorizationAttributeSourceAdvisor] is not eligible for getting processed by all BeanPostProcessors (for example: not eligible for auto-proxying)
2021-11-16 21:12:11.910  INFO 80 --- [main] o.o.mica.config.MetricsConfiguration     : Initializing Metrics JMX reporting
2021-11-16 21:12:11.950  INFO 80 --- [main] trationDelegate$BeanPostProcessorChecker : Bean 'metricsConfiguration' of type [org.obiba.mica.config.MetricsConfiguration$$EnhancerBySpringCGLIB$$eb963170] is not eligible for getting processed by all BeanPostProcessors (for example: not eligible for auto-proxying)
2021-11-16 21:12:12.118  INFO 80 --- [main] trationDelegate$BeanPostProcessorChecker : Bean 'com.ryantenney.metrics.spring.config.annotation.DelegatingMetricsConfiguration' of type [com.ryantenney.metrics.spring.config.annotation.DelegatingMetricsConfiguration$$EnhancerBySpringCGLIB$$74ab4a38] is not eligible for getting processed by all BeanPostProcessors (for example: not eligible for auto-proxying)
2021-11-16 21:12:12.244  INFO 80 --- [main] trationDelegate$BeanPostProcessorChecker : Bean 'getMetricRegistry' of type [com.codahale.metrics.MetricRegistry] is not eligible for getting processed by all BeanPostProcessors (for example: not eligible for auto-proxying)
2021-11-16 21:12:12.306  INFO 80 --- [main] trationDelegate$BeanPostProcessorChecker : Bean 'getHealthCheckRegistry' of type [com.codahale.metrics.health.HealthCheckRegistry] is not eligible for getting processed by all BeanPostProcessors (for example: not eligible for auto-proxying)
2021-11-16 21:12:12.319  INFO 80 --- [main] trationDelegate$BeanPostProcessorChecker : Bean 'eventBusConfiguration' of type [org.obiba.mica.config.EventBusConfiguration$$EnhancerBySpringCGLIB$$7301c757] is not eligible for getting processed by all BeanPostProcessors (for example: not eligible for auto-proxying)
2021-11-16 21:12:12.386  INFO 80 --- [main] trationDelegate$BeanPostProcessorChecker : Bean 'eventBus' of type [com.google.common.eventbus.AsyncEventBus] is not eligible for getting processed by all BeanPostProcessors (for example: not eligible for auto-proxying)
2021-11-16 21:12:13.808  INFO 80 --- [main] org.mongodb.driver.cluster               : Cluster created with settings {hosts=[mongo:27017], mode=SINGLE, requiredClusterType=UNKNOWN, serverSelectionTimeout='30000 ms', maxWaitQueueSize=500}
2021-11-16 21:12:14.121  INFO 80 --- [cluster-ClusterId{value='61941ead2f9c16641a9b8c20', description='null'}-mongo:27017] org.mongodb.driver.connection            : Opened connection [connectionId{localValue:1, serverValue:5}] to mongo:27017
2021-11-16 21:12:14.154  INFO 80 --- [cluster-ClusterId{value='61941ead2f9c16641a9b8c20', description='null'}-mongo:27017] org.mongodb.driver.cluster               : Monitor thread successfully connected to server with description ServerDescription{address=mongo:27017, type=STANDALONE, state=CONNECTED, ok=true, version=ServerVersion{versionList=[5, 0, 3]}, minWireVersion=0, maxWireVersion=13, maxDocumentSize=16777216, logicalSessionTimeoutMinutes=30, roundTripTimeNanos=15972000}
2021-11-16 21:12:16.182  INFO 80 --- [main] org.mongodb.driver.connection            : Opened connection [connectionId{localValue:2, serverValue:6}] to mongo:27017
2021-11-16 21:12:18.048  INFO 80 --- [main] org.eclipse.jetty.util.log               : Logging initialized @16532ms to org.eclipse.jetty.util.log.Slf4jLog
2021-11-16 21:12:18.317  INFO 80 --- [main] e.j.JettyEmbeddedServletContainerFactory : Server initialized with port: 8082
2021-11-16 21:12:18.361  INFO 80 --- [main] org.eclipse.jetty.server.Server          : jetty-9.4.44.v20210927; built: 2021-09-27T23:02:44.612Z; git: 8da83308eeca865e495e53ef315a249d63ba9332; jvm 1.8.0_312-b07
2021-11-16 21:12:18.486  INFO 80 --- [main] o.e.j.s.h.ContextHandler.application     : Initializing Spring embedded WebApplicationContext
2021-11-16 21:12:18.487  INFO 80 --- [main] o.s.web.context.ContextLoader            : Root WebApplicationContext: initialization completed in 14913 ms
2021-11-16 21:12:19.696  INFO 80 --- [main] o.s.c.ehcache.EhCacheManagerFactoryBean  : Initializing EhCache CacheManager 'mica'
2021-11-16 21:12:19.764  INFO 80 --- [main] n.s.e.p.s.filter.AnnotationSizeOfFilter  : Using regular expression provided through VM argument net.sf.ehcache.pool.sizeof.ignore.pattern for IgnoreSizeOf annotation : ^.*cache\..*IgnoreSizeOf$
2021-11-16 21:12:19.772  INFO 80 --- [main] net.sf.ehcache.pool.sizeof.AgentLoader   : Located valid 'tools.jar' at '/usr/local/openjdk-8/jre/../lib/tools.jar'
2021-11-16 21:12:19.779  INFO 80 --- [main] n.sf.ehcache.pool.sizeof.JvmInformation  : Detected JVM data model settings of: Unrecognized 64-Bit JVM
2021-11-16 21:12:20.061  INFO 80 --- [main] net.sf.ehcache.pool.sizeof.AgentLoader   : Extracted agent jar to temporary file /tmp/ehcache-sizeof-agent6090301419609794694.jar
2021-11-16 21:12:20.061  INFO 80 --- [main] net.sf.ehcache.pool.sizeof.AgentLoader   : Trying to load agent @ /tmp/ehcache-sizeof-agent6090301419609794694.jar
2021-11-16 21:12:20.070  INFO 80 --- [main] n.s.e.pool.impl.DefaultSizeOfEngine      : using Agent sizeof engine
2021-11-16 21:12:20.190  INFO 80 --- [main] n.s.e.pool.impl.DefaultSizeOfEngine      : using Agent sizeof engine
2021-11-16 21:12:20.297  INFO 80 --- [main] n.s.e.pool.impl.DefaultSizeOfEngine      : using Agent sizeof engine
2021-11-16 21:12:20.343  INFO 80 --- [main] n.s.e.pool.impl.DefaultSizeOfEngine      : using Agent sizeof engine
2021-11-16 21:12:20.349  INFO 80 --- [main] n.s.e.pool.impl.DefaultSizeOfEngine      : using Agent sizeof engine
2021-11-16 21:12:20.423  INFO 80 --- [main] o.a.shiro.cache.ehcache.EhCacheManager   : Cache with name 'org.obiba.shiro.realm.ObibaRealm.authorizationCache.1' does not yet exist.  Creating now.
2021-11-16 21:12:20.442  INFO 80 --- [main] o.a.shiro.cache.ehcache.EhCacheManager   : Added EhCache named [org.obiba.shiro.realm.ObibaRealm.authorizationCache.1]
2021-11-16 21:12:20.447  INFO 80 --- [main] o.a.shiro.cache.ehcache.EhCacheManager   : Cache with name 'org.obiba.mica.security.realm.MicaAuthorizingRealm.authorizationCache.2' does not yet exist.  Creating now.
2021-11-16 21:12:20.463  INFO 80 --- [main] o.a.shiro.cache.ehcache.EhCacheManager   : Added EhCache named [org.obiba.mica.security.realm.MicaAuthorizingRealm.authorizationCache.2]
2021-11-16 21:12:20.477  INFO 80 --- [main] o.a.shiro.cache.ehcache.EhCacheManager   : Cache with name 'org.obiba.shiro.realm.SudoRealm.authorizationCache.3' does not yet exist.  Creating now.
2021-11-16 21:12:20.482  INFO 80 --- [main] o.a.shiro.cache.ehcache.EhCacheManager   : Added EhCache named [org.obiba.shiro.realm.SudoRealm.authorizationCache.3]
2021-11-16 21:12:20.513  INFO 80 --- [main] o.a.shiro.cache.ehcache.EhCacheManager   : Cache with name 'org.obiba.shiro.realm.HttpHeaderAuthenticatingRealm.authorizationCache.4' does not yet exist.  Creating now.
2021-11-16 21:12:20.518  INFO 80 --- [main] o.a.shiro.cache.ehcache.EhCacheManager   : Added EhCache named [org.obiba.shiro.realm.HttpHeaderAuthenticatingRealm.authorizationCache.4]
2021-11-16 21:12:20.521  INFO 80 --- [main] o.a.shiro.cache.ehcache.EhCacheManager   : Cache with name 'org.obiba.shiro.realm.CookieAuthenticatingRealm.authorizationCache.5' does not yet exist.  Creating now.
2021-11-16 21:12:20.551  INFO 80 --- [main] o.a.shiro.cache.ehcache.EhCacheManager   : Added EhCache named [org.obiba.shiro.realm.CookieAuthenticatingRealm.authorizationCache.5]
2021-11-16 21:12:21.327  INFO 80 --- [main] org.obiba.mica.config.WebConfiguration   : Web application configuration, using profiles: [prod]
2021-11-16 21:12:21.335  INFO 80 --- [main] org.obiba.mica.config.WebConfiguration   : Web application fully configured
2021-11-16 21:12:21.335  INFO 80 --- [main] o.s.b.w.servlet.ServletRegistrationBean  : Mapping servlet: 'org.obiba.mica.config.JerseyConfiguration' to [/ws/*]
2021-11-16 21:12:21.336  INFO 80 --- [main] o.s.b.w.servlet.ServletRegistrationBean  : Mapping servlet: 'dispatcherServlet' to [/]
2021-11-16 21:12:21.338  INFO 80 --- [main] o.s.b.w.servlet.FilterRegistrationBean   : Mapping filter: 'characterEncodingFilter' to: [/*]
2021-11-16 21:12:21.339  INFO 80 --- [main] o.s.b.w.servlet.FilterRegistrationBean   : Mapping filter: 'hiddenHttpMethodFilter' to: [/*]
2021-11-16 21:12:21.339  INFO 80 --- [main] o.s.b.w.servlet.FilterRegistrationBean   : Mapping filter: 'httpPutFormContentFilter' to: [/*]
2021-11-16 21:12:21.339  INFO 80 --- [main] o.s.b.w.servlet.FilterRegistrationBean   : Mapping filter: 'requestContextFilter' to: [/*]
2021-11-16 21:12:21.339  INFO 80 --- [main] o.s.b.w.servlet.FilterRegistrationBean   : Mapping filter: 'authenticationFilter' to: [/*]
2021-11-16 21:12:21.434  INFO 80 --- [main] org.eclipse.jetty.server.session         : DefaultSessionIdManager workerName=node0
2021-11-16 21:12:21.435  INFO 80 --- [main] org.eclipse.jetty.server.session         : No SessionScavenger set, using defaults
2021-11-16 21:12:21.437  INFO 80 --- [main] org.eclipse.jetty.server.session         : node0 Scavenging every 600000ms
2021-11-16 21:12:21.479  INFO 80 --- [main] o.e.j.s.h.ContextHandler.application     : Initializing Shiro environment
2021-11-16 21:12:21.479  INFO 80 --- [main] o.a.shiro.web.env.EnvironmentLoader      : Starting Shiro environment initialization.
2021-11-16 21:12:21.526  INFO 80 --- [main] o.a.shiro.web.env.EnvironmentLoader      : Shiro environment initialized in 47 ms.
2021-11-16 21:12:21.527  INFO 80 --- [main] o.e.jetty.server.handler.ContextHandler  : Started o.s.b.c.e.j.JettyEmbeddedWebAppContext@62125fb5{application,/,[file:///usr/share/mica2/webapp/],AVAILABLE}
2021-11-16 21:12:21.530  INFO 80 --- [main] org.eclipse.jetty.server.Server          : Started @20016ms
2021-11-16 21:12:21.558  INFO 80 --- [main] org.obiba.mica.Application               : Running with Spring profile(s) : [prod]
2021-11-16 21:12:21.786  INFO 80 --- [main] org.obiba.plugins.PluginsManagerHelper   : Plugin extract: mica-search-es-1.3-SNAPSHOT/
2021-11-16 21:12:21.787  INFO 80 --- [main] org.obiba.plugins.PluginsManagerHelper   : Plugin extract: mica-search-es-1.3-SNAPSHOT/lib/
2021-11-16 21:12:21.787  INFO 80 --- [main] org.obiba.plugins.PluginsManagerHelper   : Plugin extract: mica-search-es-1.3-SNAPSHOT/elasticsearch.yml
2021-11-16 21:12:21.787  INFO 80 --- [main] org.obiba.plugins.PluginsManagerHelper   : Plugin extract: mica-search-es-1.3-SNAPSHOT/lib/jackson-core-2.8.1.jar
2021-11-16 21:12:21.790  INFO 80 --- [main] org.obiba.plugins.PluginsManagerHelper   : Plugin extract: mica-search-es-1.3-SNAPSHOT/lib/lucene-core-5.5.4.jar
2021-11-16 21:12:21.823  INFO 80 --- [main] org.obiba.plugins.PluginsManagerHelper   : Plugin extract: mica-search-es-1.3-SNAPSHOT/site.properties
2021-11-16 21:12:21.823  INFO 80 --- [main] org.obiba.plugins.PluginsManagerHelper   : Plugin extract: mica-search-es-1.3-SNAPSHOT/lib/jna-4.1.0.jar
2021-11-16 21:12:21.840  INFO 80 --- [main] org.obiba.plugins.PluginsManagerHelper   : Plugin extract: mica-search-es-1.3-SNAPSHOT/lib/lucene-suggest-5.5.4.jar
2021-11-16 21:12:21.842  INFO 80 --- [main] org.obiba.plugins.PluginsManagerHelper   : Plugin extract: mica-search-es-1.3-SNAPSHOT/lib/jsr166e-1.1.0.jar
2021-11-16 21:12:21.842  INFO 80 --- [main] org.obiba.plugins.PluginsManagerHelper   : Plugin extract: mica-search-es-1.3-SNAPSHOT/lib/mica-search-es-1.3-SNAPSHOT.jar
2021-11-16 21:12:21.844  INFO 80 --- [main] org.obiba.plugins.PluginsManagerHelper   : Plugin extract: mica-search-es-1.3-SNAPSHOT/plugin.properties
2021-11-16 21:12:21.844  INFO 80 --- [main] org.obiba.plugins.PluginsManagerHelper   : Plugin extract: mica-search-es-1.3-SNAPSHOT/lib/jna-platform-4.0.0.jar
2021-11-16 21:12:21.873  INFO 80 --- [main] org.obiba.plugins.PluginsManagerHelper   : Plugin extract: mica-search-es-1.3-SNAPSHOT/lib/lucene-analyzers-common-5.5.4.jar
2021-11-16 21:12:21.901  INFO 80 --- [main] org.obiba.plugins.PluginsManagerHelper   : Plugin extract: mica-search-es-1.3-SNAPSHOT/lib/jackson-dataformat-smile-2.8.1.jar
2021-11-16 21:12:21.905  INFO 80 --- [main] org.obiba.plugins.PluginsManagerHelper   : Plugin extract: mica-search-es-1.3-SNAPSHOT/lib/jackson-dataformat-yaml-2.8.1.jar
2021-11-16 21:12:21.906  INFO 80 --- [main] org.obiba.plugins.PluginsManagerHelper   : Plugin extract: mica-search-es-1.3-SNAPSHOT/lib/jackson-dataformat-cbor-2.8.1.jar
2021-11-16 21:12:21.906  INFO 80 --- [main] org.obiba.plugins.PluginsManagerHelper   : Plugin extract: mica-search-es-1.3-SNAPSHOT/lib/netty-3.10.6.Final.jar
2021-11-16 21:12:22.105  INFO 80 --- [main] org.obiba.plugins.PluginsManagerHelper   : Plugin extract: mica-search-es-1.3-SNAPSHOT/lib/snakeyaml-1.15.jar
2021-11-16 21:12:22.112  INFO 80 --- [main] org.obiba.plugins.PluginsManagerHelper   : Plugin extract: mica-search-es-1.3-SNAPSHOT/lib/elasticsearch-2.4.6.jar
2021-11-16 21:12:22.432  INFO 80 --- [main] org.obiba.plugins.PluginsManagerHelper   : Plugin extract: mica-search-es-1.3-SNAPSHOT/lib/jackson-databind-2.11.0.jar
2021-11-16 21:12:22.449  INFO 80 --- [main] org.obiba.plugins.PluginsManagerHelper   : Plugin extract: mica-search-es-1.3-SNAPSHOT/lib/lucene-queries-5.5.4.jar
2021-11-16 21:12:22.464  INFO 80 --- [main] org.obiba.plugins.PluginsManagerHelper   : Plugin extract: mica-search-es-1.3-SNAPSHOT/lib/lucene-memory-5.5.4.jar
2021-11-16 21:12:22.465  INFO 80 --- [main] org.obiba.plugins.PluginsManagerHelper   : Plugin extract: mica-search-es-1.3-SNAPSHOT/lib/lucene-highlighter-5.5.4.jar
2021-11-16 21:12:22.469  INFO 80 --- [main] org.obiba.plugins.PluginsManagerHelper   : Plugin extract: mica-search-es-1.3-SNAPSHOT/lib/lucene-join-5.5.4.jar
2021-11-16 21:12:22.472  INFO 80 --- [main] org.obiba.plugins.PluginsManagerHelper   : Plugin extract: mica-search-es-1.3-SNAPSHOT/lib/lucene-queryparser-5.5.4.jar
2021-11-16 21:12:22.495  INFO 80 --- [main] org.obiba.plugins.PluginsManagerHelper   : Plugin extract: mica-search-es-1.3-SNAPSHOT/lib/lucene-sandbox-5.5.4.jar
2021-11-16 21:12:22.498  INFO 80 --- [main] org.obiba.plugins.PluginsManagerHelper   : Plugin extract: mica-search-es-1.3-SNAPSHOT/lib/lucene-misc-5.5.4.jar
2021-11-16 21:12:22.501  INFO 80 --- [main] org.obiba.plugins.PluginsManagerHelper   : Plugin extract: mica-search-es-1.3-SNAPSHOT/lib/lucene-spatial3d-5.5.4.jar
2021-11-16 21:12:22.503  INFO 80 --- [main] org.obiba.plugins.PluginsManagerHelper   : Plugin extract: mica-search-es-1.3-SNAPSHOT/lib/securesm-1.0.jar
2021-11-16 21:12:22.503  INFO 80 --- [main] org.obiba.plugins.PluginsManagerHelper   : Plugin extract: mica-search-es-1.3-SNAPSHOT/lib/hppc-0.7.1.jar
2021-11-16 21:12:22.513  INFO 80 --- [main] org.obiba.plugins.PluginsManagerHelper   : Plugin extract: mica-search-es-1.3-SNAPSHOT/lib/jackson-annotations-2.11.0.jar
2021-11-16 21:12:22.537  INFO 80 --- [main] org.obiba.plugins.PluginsManagerHelper   : Plugin extract: mica-search-es-1.3-SNAPSHOT/lib/lucene-backward-codecs-5.5.4.jar
2021-11-16 21:12:22.541  INFO 80 --- [main] org.obiba.plugins.PluginsManagerHelper   : Plugin extract: mica-search-es-1.3-SNAPSHOT/lib/lucene-grouping-5.5.4.jar
2021-11-16 21:12:22.542  INFO 80 --- [main] org.obiba.plugins.PluginsManagerHelper   : Plugin extract: mica-search-es-1.3-SNAPSHOT/lib/lucene-spatial-5.5.4.jar
2021-11-16 21:12:22.544  INFO 80 --- [main] org.obiba.plugins.PluginsManagerHelper   : Plugin extract: mica-search-es-1.3-SNAPSHOT/lib/compress-lzf-1.0.2.jar
2021-11-16 21:12:22.546  INFO 80 --- [main] org.obiba.plugins.PluginsManagerHelper   : Plugin extract: mica-search-es-1.3-SNAPSHOT/lib/t-digest-3.0.jar
2021-11-16 21:12:23.030  INFO 80 --- [main] org.obiba.plugins.PluginResources        : Adding library file to class loader: /srv/plugins/mica-search-es-1.3-SNAPSHOT/lib/netty-3.10.6.Final.jar
2021-11-16 21:12:23.031  INFO 80 --- [main] org.obiba.plugins.PluginResources        : Adding library file to class loader: /srv/plugins/mica-search-es-1.3-SNAPSHOT/lib/lucene-sandbox-5.5.4.jar
2021-11-16 21:12:23.032  INFO 80 --- [main] org.obiba.plugins.PluginResources        : Adding library file to class loader: /srv/plugins/mica-search-es-1.3-SNAPSHOT/lib/lucene-misc-5.5.4.jar
2021-11-16 21:12:23.033  INFO 80 --- [main] org.obiba.plugins.PluginResources        : Adding library file to class loader: /srv/plugins/mica-search-es-1.3-SNAPSHOT/lib/jackson-dataformat-yaml-2.8.1.jar
2021-11-16 21:12:23.038  INFO 80 --- [main] org.obiba.plugins.PluginResources        : Adding library file to class loader: /srv/plugins/mica-search-es-1.3-SNAPSHOT/lib/lucene-highlighter-5.5.4.jar
2021-11-16 21:12:23.039  INFO 80 --- [main] org.obiba.plugins.PluginResources        : Adding library file to class loader: /srv/plugins/mica-search-es-1.3-SNAPSHOT/lib/snakeyaml-1.15.jar
2021-11-16 21:12:23.040  INFO 80 --- [main] org.obiba.plugins.PluginResources        : Adding library file to class loader: /srv/plugins/mica-search-es-1.3-SNAPSHOT/lib/jackson-core-2.8.1.jar
2021-11-16 21:12:23.040  INFO 80 --- [main] org.obiba.plugins.PluginResources        : Adding library file to class loader: /srv/plugins/mica-search-es-1.3-SNAPSHOT/lib/jackson-annotations-2.11.0.jar
2021-11-16 21:12:23.042  INFO 80 --- [main] org.obiba.plugins.PluginResources        : Adding library file to class loader: /srv/plugins/mica-search-es-1.3-SNAPSHOT/lib/mica-search-es-1.3-SNAPSHOT.jar
2021-11-16 21:12:23.043  INFO 80 --- [main] org.obiba.plugins.PluginResources        : Adding library file to class loader: /srv/plugins/mica-search-es-1.3-SNAPSHOT/lib/jackson-dataformat-cbor-2.8.1.jar
2021-11-16 21:12:23.043  INFO 80 --- [main] org.obiba.plugins.PluginResources        : Adding library file to class loader: /srv/plugins/mica-search-es-1.3-SNAPSHOT/lib/lucene-suggest-5.5.4.jar
2021-11-16 21:12:23.044  INFO 80 --- [main] org.obiba.plugins.PluginResources        : Adding library file to class loader: /srv/plugins/mica-search-es-1.3-SNAPSHOT/lib/lucene-analyzers-common-5.5.4.jar
2021-11-16 21:12:23.045  INFO 80 --- [main] org.obiba.plugins.PluginResources        : Adding library file to class loader: /srv/plugins/mica-search-es-1.3-SNAPSHOT/lib/compress-lzf-1.0.2.jar
2021-11-16 21:12:23.056  INFO 80 --- [main] org.obiba.plugins.PluginResources        : Adding library file to class loader: /srv/plugins/mica-search-es-1.3-SNAPSHOT/lib/jackson-dataformat-smile-2.8.1.jar
2021-11-16 21:12:23.057  INFO 80 --- [main] org.obiba.plugins.PluginResources        : Adding library file to class loader: /srv/plugins/mica-search-es-1.3-SNAPSHOT/lib/lucene-spatial-5.5.4.jar
2021-11-16 21:12:23.058  INFO 80 --- [main] org.obiba.plugins.PluginResources        : Adding library file to class loader: /srv/plugins/mica-search-es-1.3-SNAPSHOT/lib/lucene-join-5.5.4.jar
2021-11-16 21:12:23.059  INFO 80 --- [main] org.obiba.plugins.PluginResources        : Adding library file to class loader: /srv/plugins/mica-search-es-1.3-SNAPSHOT/lib/hppc-0.7.1.jar
2021-11-16 21:12:23.059  INFO 80 --- [main] org.obiba.plugins.PluginResources        : Adding library file to class loader: /srv/plugins/mica-search-es-1.3-SNAPSHOT/lib/lucene-backward-codecs-5.5.4.jar
2021-11-16 21:12:23.059  INFO 80 --- [main] org.obiba.plugins.PluginResources        : Adding library file to class loader: /srv/plugins/mica-search-es-1.3-SNAPSHOT/lib/jna-4.1.0.jar
2021-11-16 21:12:23.060  INFO 80 --- [main] org.obiba.plugins.PluginResources        : Adding library file to class loader: /srv/plugins/mica-search-es-1.3-SNAPSHOT/lib/jackson-databind-2.11.0.jar
2021-11-16 21:12:23.060  INFO 80 --- [main] org.obiba.plugins.PluginResources        : Adding library file to class loader: /srv/plugins/mica-search-es-1.3-SNAPSHOT/lib/lucene-spatial3d-5.5.4.jar
2021-11-16 21:12:23.062  INFO 80 --- [main] org.obiba.plugins.PluginResources        : Adding library file to class loader: /srv/plugins/mica-search-es-1.3-SNAPSHOT/lib/t-digest-3.0.jar
2021-11-16 21:12:23.063  INFO 80 --- [main] org.obiba.plugins.PluginResources        : Adding library file to class loader: /srv/plugins/mica-search-es-1.3-SNAPSHOT/lib/lucene-grouping-5.5.4.jar
2021-11-16 21:12:23.063  INFO 80 --- [main] org.obiba.plugins.PluginResources        : Adding library file to class loader: /srv/plugins/mica-search-es-1.3-SNAPSHOT/lib/securesm-1.0.jar
2021-11-16 21:12:23.063  INFO 80 --- [main] org.obiba.plugins.PluginResources        : Adding library file to class loader: /srv/plugins/mica-search-es-1.3-SNAPSHOT/lib/lucene-core-5.5.4.jar
2021-11-16 21:12:23.063  INFO 80 --- [main] org.obiba.plugins.PluginResources        : Adding library file to class loader: /srv/plugins/mica-search-es-1.3-SNAPSHOT/lib/jsr166e-1.1.0.jar
2021-11-16 21:12:23.063  INFO 80 --- [main] org.obiba.plugins.PluginResources        : Adding library file to class loader: /srv/plugins/mica-search-es-1.3-SNAPSHOT/lib/lucene-queryparser-5.5.4.jar
2021-11-16 21:12:23.063  INFO 80 --- [main] org.obiba.plugins.PluginResources        : Adding library file to class loader: /srv/plugins/mica-search-es-1.3-SNAPSHOT/lib/lucene-queries-5.5.4.jar
2021-11-16 21:12:23.063  INFO 80 --- [main] org.obiba.plugins.PluginResources        : Adding library file to class loader: /srv/plugins/mica-search-es-1.3-SNAPSHOT/lib/lucene-memory-5.5.4.jar
2021-11-16 21:12:23.063  INFO 80 --- [main] org.obiba.plugins.PluginResources        : Adding library file to class loader: /srv/plugins/mica-search-es-1.3-SNAPSHOT/lib/jna-platform-4.0.0.jar
2021-11-16 21:12:23.063  INFO 80 --- [main] org.obiba.plugins.PluginResources        : Adding library file to class loader: /srv/plugins/mica-search-es-1.3-SNAPSHOT/lib/elasticsearch-2.4.6.jar
2021-11-16 21:12:23.994  INFO 80 --- [main] org.elasticsearch.node                   : [Annex] version[2.4.6], pid[80], build[5376dca/2017-07-18T12:17:44Z]
2021-11-16 21:12:23.994  INFO 80 --- [main] org.elasticsearch.node                   : [Annex] initializing ...
2021-11-16 21:12:24.000  INFO 80 --- [main] org.elasticsearch.plugins                : [Annex] modules [], plugins [], sites []
2021-11-16 21:12:24.095  INFO 80 --- [main] org.elasticsearch.env                    : [Annex] using [1] data paths, mounts [[/srv (/dev/sdd)]], net usable_space [232.8gb], net total_space [250.9gb], spins? [possibly], types [ext4]
2021-11-16 21:12:24.095  INFO 80 --- [main] org.elasticsearch.env                    : [Annex] heap size [1.7gb], compressed ordinary object pointers [true]
2021-11-16 21:12:27.210  INFO 80 --- [main] org.elasticsearch.node                   : [Annex] initialized
2021-11-16 21:12:27.211  INFO 80 --- [main] org.elasticsearch.node                   : [Annex] starting ...
2021-11-16 21:12:27.217  INFO 80 --- [main] org.elasticsearch.transport              : [Annex] publish_address {local[1]}, bound_addresses {local[1]}
2021-11-16 21:12:27.226  INFO 80 --- [main] org.elasticsearch.discovery              : [Annex] mica/LfEJbDdYSrCR0FvQMVrZVw
2021-11-16 21:12:27.242  INFO 80 --- [elasticsearch[Annex][clusterService#updateTask][T#1]] org.elasticsearch.cluster.service        : [Annex] new_master {Annex}{LfEJbDdYSrCR0FvQMVrZVw}{local}{local[1]}{local=true}, reason: local-disco-initial_connect(master)
2021-11-16 21:12:27.254  INFO 80 --- [main] org.elasticsearch.node                   : [Annex] started
2021-11-16 21:12:27.360  INFO 80 --- [elasticsearch[Annex][clusterService#updateTask][T#1]] org.elasticsearch.gateway                : [Annex] recovered [0] indices into cluster_state
2021-11-16 21:12:32.197  INFO 80 --- [main] o.s.s.concurrent.ThreadPoolTaskExecutor  : Initializing ExecutorService
2021-11-16 21:12:32.611  INFO 80 --- [main] s.w.s.m.m.a.RequestMappingHandlerAdapter : Looking for @ControllerAdvice: org.springframework.boot.context.embedded.AnnotationConfigEmbeddedWebApplicationContext@2e2ff723: startup date [Tue Nov 16 21:12:03 UTC 2021]; root of context hierarchy
2021-11-16 21:12:32.705  INFO 80 --- [main] s.w.s.m.m.a.RequestMappingHandlerMapping : Mapped "{[/admin],methods=[GET]}" onto public org.springframework.web.servlet.ModelAndView org.obiba.mica.web.controller.AdminController.admin()
2021-11-16 21:12:32.707  INFO 80 --- [main] s.w.s.m.m.a.RequestMappingHandlerMapping : Mapped "{[/cart],methods=[GET]}" onto public org.springframework.web.servlet.ModelAndView org.obiba.mica.web.controller.CartController.get(java.lang.String)
2021-11-16 21:12:32.707  INFO 80 --- [main] s.w.s.m.m.a.RequestMappingHandlerMapping : Mapped "{[/lists],methods=[GET]}" onto public org.springframework.web.servlet.ModelAndView org.obiba.mica.web.controller.CartController.lists()
2021-11-16 21:12:32.707  INFO 80 --- [main] s.w.s.m.m.a.RequestMappingHandlerMapping : Mapped "{[/list/{id:.+}],methods=[GET]}" onto public org.springframework.web.servlet.ModelAndView org.obiba.mica.web.controller.CartController.getNamed(java.lang.String)
2021-11-16 21:12:32.708  INFO 80 --- [main] s.w.s.m.m.a.RequestMappingHandlerMapping : Mapped "{[/compare],methods=[GET]}" onto public org.springframework.web.servlet.ModelAndView org.obiba.mica.web.controller.CompareController.get(java.lang.String,java.lang.String,java.lang.String)
2021-11-16 21:12:32.711  INFO 80 --- [main] s.w.s.m.m.a.RequestMappingHandlerMapping : Mapped "{[/contact],methods=[GET]}" onto public org.springframework.web.servlet.ModelAndView org.obiba.mica.web.controller.ContactController.contact()
2021-11-16 21:12:32.712  INFO 80 --- [main] s.w.s.m.m.a.RequestMappingHandlerMapping : Mapped "{[/data-access/{id:.+}],methods=[GET]}" onto public org.springframework.web.servlet.ModelAndView org.obiba.mica.web.controller.DataAccessController.get(java.lang.String)
2021-11-16 21:12:32.713  INFO 80 --- [main] s.w.s.m.m.a.RequestMappingHandlerMapping : Mapped "{[/data-access-history/{id:.+}],methods=[GET]}" onto public org.springframework.web.servlet.ModelAndView org.obiba.mica.web.controller.DataAccessController.getHistory(java.lang.String)
2021-11-16 21:12:32.713  INFO 80 --- [main] s.w.s.m.m.a.RequestMappingHandlerMapping : Mapped "{[/data-access-feasibility-form/{id:.+}],methods=[GET]}" onto public org.springframework.web.servlet.ModelAndView org.obiba.mica.web.controller.DataAccessController.getFeasibilityForm(java.lang.String,boolean,java.lang.String,java.lang.String)
2021-11-16 21:12:32.714  INFO 80 --- [main] s.w.s.m.m.a.RequestMappingHandlerMapping : Mapped "{[/data-access-amendment-form/{id:.+}],methods=[GET]}" onto public org.springframework.web.servlet.ModelAndView org.obiba.mica.web.controller.DataAccessController.getAmendmentForm(java.lang.String,boolean,java.lang.String,java.lang.String)
2021-11-16 21:12:32.715  INFO 80 --- [main] s.w.s.m.m.a.RequestMappingHandlerMapping : Mapped "{[/data-access-documents/{id:.+}],methods=[GET]}" onto public org.springframework.web.servlet.ModelAndView org.obiba.mica.web.controller.DataAccessController.getDocuments(java.lang.String)
2021-11-16 21:12:32.715  INFO 80 --- [main] s.w.s.m.m.a.RequestMappingHandlerMapping : Mapped "{[/data-access-comments/{id:.+}],methods=[GET]}" onto public org.springframework.web.servlet.ModelAndView org.obiba.mica.web.controller.DataAccessController.getComments(java.lang.String)
2021-11-16 21:12:32.716  INFO 80 --- [main] s.w.s.m.m.a.RequestMappingHandlerMapping : Mapped "{[/data-access-private-comments/{id:.+}],methods=[GET]}" onto public org.springframework.web.servlet.ModelAndView org.obiba.mica.web.controller.DataAccessController.getPrivateComments(java.lang.String)
2021-11-16 21:12:32.716  INFO 80 --- [main] s.w.s.m.m.a.RequestMappingHandlerMapping : Mapped "{[/data-access-form/{id:.+}],methods=[GET]}" onto public org.springframework.web.servlet.ModelAndView org.obiba.mica.web.controller.DataAccessController.getForm(java.lang.String,boolean,java.lang.String,java.lang.String)
2021-11-16 21:12:32.716  INFO 80 --- [main] s.w.s.m.m.a.RequestMappingHandlerMapping : Mapped "{[/data-access-process],methods=[GET]}" onto public org.springframework.web.servlet.ModelAndView org.obiba.mica.web.controller.DataAccessProcessController.get()
2021-11-16 21:12:32.719  INFO 80 --- [main] s.w.s.m.m.a.RequestMappingHandlerMapping : Mapped "{[/data-accesses],methods=[GET]}" onto public org.springframework.web.servlet.ModelAndView org.obiba.mica.web.controller.DataAccessesController.get(java.util.List<java.lang.String>)
2021-11-16 21:12:32.720  INFO 80 --- [main] s.w.s.m.m.a.RequestMappingHandlerMapping : Mapped "{[/dataset-crosstab/{id:.+}],methods=[GET]}" onto public org.springframework.web.servlet.ModelAndView org.obiba.mica.web.controller.DatasetAnalysisController.crosstab(javax.servlet.http.HttpServletRequest,java.lang.String,java.lang.String,java.lang.String)
2021-11-16 21:12:32.720  INFO 80 --- [main] s.w.s.m.m.a.RequestMappingHandlerMapping : Mapped "{[/dataset/{id:.+}],methods=[GET]}" onto public org.springframework.web.servlet.ModelAndView org.obiba.mica.web.controller.DatasetController.dataset(java.lang.String,java.lang.String)
2021-11-16 21:12:32.721  INFO 80 --- [main] s.w.s.m.m.a.RequestMappingHandlerMapping : Mapped "{[/datasets],methods=[GET]}" onto public org.springframework.web.servlet.ModelAndView org.obiba.mica.web.controller.DatasetsController.list()
2021-11-16 21:12:32.721  INFO 80 --- [main] s.w.s.m.m.a.RequestMappingHandlerMapping : Mapped "{[/collected-datasets],methods=[GET]}" onto public org.springframework.web.servlet.ModelAndView org.obiba.mica.web.controller.DatasetsController.listCollectedDatasets()
2021-11-16 21:12:32.723  INFO 80 --- [main] s.w.s.m.m.a.RequestMappingHandlerMapping : Mapped "{[/harmonized-datasets],methods=[GET]}" onto public org.springframework.web.servlet.ModelAndView org.obiba.mica.web.controller.DatasetsController.listHarmonizedDatasets()
2021-11-16 21:12:32.725  INFO 80 --- [main] s.w.s.m.m.a.RequestMappingHandlerMapping : Mapped "{[/error],methods=[GET]}" onto public org.springframework.web.servlet.ModelAndView org.obiba.mica.web.controller.ErrorController.error(java.lang.String,java.lang.String)
2021-11-16 21:12:32.726  INFO 80 --- [main] s.w.s.m.m.a.RequestMappingHandlerMapping : Mapped "{[/error],methods=[POST],consumes=[application/x-www-form-urlencoded]}" onto public org.springframework.web.servlet.ModelAndView org.obiba.mica.web.controller.ErrorController.errorWithParams(int,java.lang.String)
2021-11-16 21:12:32.726  INFO 80 --- [main] s.w.s.m.m.a.RequestMappingHandlerMapping : Mapped "{[/],methods=[GET]}" onto public org.springframework.web.servlet.ModelAndView org.obiba.mica.web.controller.IndexController.index()
2021-11-16 21:12:32.727  INFO 80 --- [main] s.w.s.m.m.a.RequestMappingHandlerMapping : Mapped "{[/index],methods=[GET]}" onto public org.springframework.web.servlet.ModelAndView org.obiba.mica.web.controller.IndexController.home()
2021-11-16 21:12:32.727  INFO 80 --- [main] s.w.s.m.m.a.RequestMappingHandlerMapping : Mapped "{[/network/{id:.+}],methods=[GET]}" onto public org.springframework.web.servlet.ModelAndView org.obiba.mica.web.controller.NetworkController.network(java.lang.String,java.lang.String)
2021-11-16 21:12:32.727  INFO 80 --- [main] s.w.s.m.m.a.RequestMappingHandlerMapping : Mapped "{[/networks],methods=[GET]}" onto public org.springframework.web.servlet.ModelAndView org.obiba.mica.web.controller.NetworksController.list()
2021-11-16 21:12:32.728  INFO 80 --- [main] s.w.s.m.m.a.RequestMappingHandlerMapping : Mapped "{[/page/{page}],methods=[GET]}" onto public org.springframework.web.servlet.ModelAndView org.obiba.mica.web.controller.PagesController.get(javax.servlet.http.HttpServletRequest,java.lang.String)
2021-11-16 21:12:32.728  INFO 80 --- [main] s.w.s.m.m.a.RequestMappingHandlerMapping : Mapped "{[/forgot-password],methods=[GET]}" onto public org.springframework.web.servlet.ModelAndView org.obiba.mica.web.controller.ProfileController.forgotPassword()
2021-11-16 21:12:32.729  INFO 80 --- [main] s.w.s.m.m.a.RequestMappingHandlerMapping : Mapped "{[/profile],methods=[GET]}" onto public org.springframework.web.servlet.ModelAndView org.obiba.mica.web.controller.ProfileController.getProfile()
2021-11-16 21:12:32.729  INFO 80 --- [main] s.w.s.m.m.a.RequestMappingHandlerMapping : Mapped "{[/projects],methods=[GET]}" onto public org.springframework.web.servlet.ModelAndView org.obiba.mica.web.controller.ProjectsController.projects()
2021-11-16 21:12:32.729  INFO 80 --- [main] s.w.s.m.m.a.RequestMappingHandlerMapping : Mapped "{[/project/{id:.+}],methods=[GET]}" onto public org.springframework.web.servlet.ModelAndView org.obiba.mica.web.controller.ProjectsController.project(java.lang.String,java.lang.String)
2021-11-16 21:12:32.730  INFO 80 --- [main] s.w.s.m.m.a.RequestMappingHandlerMapping : Mapped "{[/search],methods=[GET]}" onto public org.springframework.web.servlet.ModelAndView org.obiba.mica.web.controller.SearchController.search(java.lang.String,java.lang.String)
2021-11-16 21:12:32.731  INFO 80 --- [main] s.w.s.m.m.a.RequestMappingHandlerMapping : Mapped "{[/just-registered],methods=[GET]}" onto public org.springframework.web.servlet.ModelAndView org.obiba.mica.web.controller.SignController.justRegistered(boolean)
2021-11-16 21:12:32.731  INFO 80 --- [main] s.w.s.m.m.a.RequestMappingHandlerMapping : Mapped "{[/signin],methods=[GET]}" onto public org.springframework.web.servlet.ModelAndView org.obiba.mica.web.controller.SignController.signin(javax.servlet.http.HttpServletRequest,java.lang.String,java.lang.String,java.lang.String)
2021-11-16 21:12:32.731  INFO 80 --- [main] s.w.s.m.m.a.RequestMappingHandlerMapping : Mapped "{[/signup-with],methods=[GET]}" onto public org.springframework.web.servlet.ModelAndView org.obiba.mica.web.controller.SignController.signupWith(java.lang.String)
2021-11-16 21:12:32.731  INFO 80 --- [main] s.w.s.m.m.a.RequestMappingHandlerMapping : Mapped "{[/signup],methods=[GET]}" onto public org.springframework.web.servlet.ModelAndView org.obiba.mica.web.controller.SignController.signup(javax.servlet.http.HttpServletRequest,java.lang.String,java.lang.String,java.lang.String)
2021-11-16 21:12:32.732  INFO 80 --- [main] s.w.s.m.m.a.RequestMappingHandlerMapping : Mapped "{[/studies],methods=[GET]}" onto public org.springframework.web.servlet.ModelAndView org.obiba.mica.web.controller.StudiesController.list()
2021-11-16 21:12:32.739  INFO 80 --- [main] s.w.s.m.m.a.RequestMappingHandlerMapping : Mapped "{[/individual-studies],methods=[GET]}" onto public org.springframework.web.servlet.ModelAndView org.obiba.mica.web.controller.StudiesController.listIndividualStudies()
2021-11-16 21:12:32.739  INFO 80 --- [main] s.w.s.m.m.a.RequestMappingHandlerMapping : Mapped "{[/harmonization-studies],methods=[GET]}" onto public org.springframework.web.servlet.ModelAndView org.obiba.mica.web.controller.StudiesController.listHarmonizationStudies()
2021-11-16 21:12:32.739  INFO 80 --- [main] s.w.s.m.m.a.RequestMappingHandlerMapping : Mapped "{[/study/{id:.+}],methods=[GET]}" onto public org.springframework.web.servlet.ModelAndView org.obiba.mica.web.controller.StudyController.study(java.lang.String,java.lang.String)
2021-11-16 21:12:32.740  INFO 80 --- [main] s.w.s.m.m.a.RequestMappingHandlerMapping : Mapped "{[/variable/{id:.+}],methods=[GET]}" onto public org.springframework.web.servlet.ModelAndView org.obiba.mica.web.controller.VariableController.variable(java.lang.String)
2021-11-16 21:12:32.744  INFO 80 --- [main] s.w.s.m.m.a.RequestMappingHandlerMapping : Mapped "{[/error]}" onto public org.springframework.http.ResponseEntity<java.util.Map<java.lang.String, java.lang.Object>> org.springframework.boot.autoconfigure.web.BasicErrorController.error(javax.servlet.http.HttpServletRequest)
2021-11-16 21:12:32.744  INFO 80 --- [main] s.w.s.m.m.a.RequestMappingHandlerMapping : Mapped "{[/error],produces=[text/html]}" onto public org.springframework.web.servlet.ModelAndView org.springframework.boot.autoconfigure.web.BasicErrorController.errorHtml(javax.servlet.http.HttpServletRequest,javax.servlet.http.HttpServletResponse)
2021-11-16 21:12:32.845  INFO 80 --- [main] o.s.w.s.handler.SimpleUrlHandlerMapping  : Mapped URL path [/webjars/**] onto handler of type [class org.springframework.web.servlet.resource.ResourceHttpRequestHandler]
2021-11-16 21:12:32.845  INFO 80 --- [main] o.s.w.s.handler.SimpleUrlHandlerMapping  : Mapped URL path [/**] onto handler of type [class org.springframework.web.servlet.resource.ResourceHttpRequestHandler]
2021-11-16 21:12:32.910  INFO 80 --- [main] o.s.w.s.handler.SimpleUrlHandlerMapping  : Mapped URL path [/**/favicon.ico] onto handler of type [class org.springframework.web.servlet.resource.ResourceHttpRequestHandler]
2021-11-16 21:12:33.197  INFO 80 --- [main] o.s.ui.freemarker.SpringTemplateLoader   : SpringTemplateLoader for FreeMarker: using resource loader [org.springframework.boot.context.embedded.AnnotationConfigEmbeddedWebApplicationContext@2e2ff723: startup date [Tue Nov 16 21:12:03 UTC 2021]; root of context hierarchy] and template loader path [classpath:/web/]
2021-11-16 21:12:33.197  INFO 80 --- [main] o.s.ui.freemarker.SpringTemplateLoader   : SpringTemplateLoader for FreeMarker: using resource loader [org.springframework.boot.context.embedded.AnnotationConfigEmbeddedWebApplicationContext@2e2ff723: startup date [Tue Nov 16 21:12:03 UTC 2021]; root of context hierarchy] and template loader path [classpath:/static/templates/]
2021-11-16 21:12:33.197  INFO 80 --- [main] o.s.ui.freemarker.SpringTemplateLoader   : SpringTemplateLoader for FreeMarker: using resource loader [org.springframework.boot.context.embedded.AnnotationConfigEmbeddedWebApplicationContext@2e2ff723: startup date [Tue Nov 16 21:12:03 UTC 2021]; root of context hierarchy] and template loader path [classpath:/public/templates/]
2021-11-16 21:12:33.198  INFO 80 --- [main] o.s.ui.freemarker.SpringTemplateLoader   : SpringTemplateLoader for FreeMarker: using resource loader [org.springframework.boot.context.embedded.AnnotationConfigEmbeddedWebApplicationContext@2e2ff723: startup date [Tue Nov 16 21:12:03 UTC 2021]; root of context hierarchy] and template loader path [classpath:/templates/]
2021-11-16 21:12:33.200  INFO 80 --- [main] o.s.w.s.v.f.FreeMarkerConfigurer         : ClassTemplateLoader for Spring macros added to FreeMarker configuration
2021-11-16 21:12:33.537  INFO 80 --- [main] o.s.j.e.a.AnnotationMBeanExporter        : Registering beans for JMX exposure on startup
2021-11-16 21:12:33.553  INFO 80 --- [main] s.a.ScheduledAnnotationBeanPostProcessor : No TaskScheduler/ScheduledExecutorService bean found for scheduled processing
2021-11-16 21:12:33.654  INFO 80 --- [main] o.o.r.u.support.DefaultUpgradeManager    : Setting version to : 4.6.0-SNAPSHOT
2021-11-16 21:12:33.710  WARN 80 --- [main] org.eclipse.jetty.servlets.GzipFilter    : GzipFilter is deprecated. Use GzipHandler
2021-11-16 21:12:35.745  INFO 80 --- [main] o.e.j.s.h.ContextHandler.application     : Initializing Spring FrameworkServlet 'dispatcherServlet'
2021-11-16 21:12:35.746  INFO 80 --- [main] o.s.web.servlet.DispatcherServlet        : FrameworkServlet 'dispatcherServlet': initialization started
2021-11-16 21:12:35.765  INFO 80 --- [main] o.s.web.servlet.DispatcherServlet        : FrameworkServlet 'dispatcherServlet': initialization completed in 19 ms
2021-11-16 21:12:36.147  INFO 80 --- [main] o.e.jetty.server.AbstractConnector       : Started ServerConnector@4260de0d{HTTP/1.1, (http/1.1)}{0.0.0.0:8082}
2021-11-16 21:12:36.775  INFO 80 --- [main] o.e.jetty.server.AbstractConnector       : Started ServerConnector@45f9f520{SSL, (ssl, http/1.1)}{0.0.0.0:8445}
2021-11-16 21:12:36.776  INFO 80 --- [main] .s.b.c.e.j.JettyEmbeddedServletContainer : Jetty started on port(s) 8082 (http/1.1), 8445 (ssl, http/1.1)
2021-11-16 21:12:36.782  INFO 80 --- [main] org.obiba.mica.Application               : Started Application in 33.793 seconds (JVM running for 35.268)
2021-11-16 21:13:01.868  WARN 80 --- [qtp2049040852-53] o.o.m.web.rest.security.CSRFInterceptor  : CSRF detection: Host=localhost:8872, Referer=http://localhost:8872/
