2021-11-17 12:47:49,034 INFO  org.obiba.agate.Application - Starting Application on baa043b6a505 with PID 56 (/usr/share/agate/webapp/WEB-INF/classes started by agate in /)
2021-11-17 12:47:49,037 INFO  org.obiba.agate.Application - The following profiles are active: prod
2021-11-17 12:47:49,133 INFO  org.springframework.boot.context.embedded.AnnotationConfigEmbeddedWebApplicationContext - Refreshing org.springframework.boot.context.embedded.AnnotationConfigEmbeddedWebApplicationContext@379614be: startup date [Wed Nov 17 12:47:49 UTC 2021]; root of context hierarchy
2021-11-17 12:47:50,420 INFO  org.springframework.beans.factory.support.DefaultListableBeanFactory - Overriding bean definition for bean 'getMetricRegistry' with a different definition: replacing [Root bean: class [null]; scope=; abstract=false; lazyInit=false; autowireMode=3; dependencyCheck=0; autowireCandidate=true; primary=false; factoryBeanName=com.ryantenney.metrics.spring.config.annotation.DelegatingMetricsConfiguration; factoryMethodName=getMetricRegistry; initMethodName=null; destroyMethodName=(inferred); defined in class path resource [com/ryantenney/metrics/spring/config/annotation/DelegatingMetricsConfiguration.class]] with [Root bean: class [null]; scope=; abstract=false; lazyInit=false; autowireMode=3; dependencyCheck=0; autowireCandidate=true; primary=false; factoryBeanName=metricsConfiguration; factoryMethodName=getMetricRegistry; initMethodName=null; destroyMethodName=(inferred); defined in class path resource [org/obiba/agate/config/MetricsConfiguration.class]]
2021-11-17 12:47:50,422 INFO  org.springframework.beans.factory.support.DefaultListableBeanFactory - Overriding bean definition for bean 'getHealthCheckRegistry' with a different definition: replacing [Root bean: class [null]; scope=; abstract=false; lazyInit=false; autowireMode=3; dependencyCheck=0; autowireCandidate=true; primary=false; factoryBeanName=com.ryantenney.metrics.spring.config.annotation.DelegatingMetricsConfiguration; factoryMethodName=getHealthCheckRegistry; initMethodName=null; destroyMethodName=(inferred); defined in class path resource [com/ryantenney/metrics/spring/config/annotation/DelegatingMetricsConfiguration.class]] with [Root bean: class [null]; scope=; abstract=false; lazyInit=false; autowireMode=3; dependencyCheck=0; autowireCandidate=true; primary=false; factoryBeanName=metricsConfiguration; factoryMethodName=getHealthCheckRegistry; initMethodName=null; destroyMethodName=(inferred); defined in class path resource [org/obiba/agate/config/MetricsConfiguration.class]]
2021-11-17 12:47:50,425 INFO  org.springframework.beans.factory.xml.XmlBeanDefinitionReader - Loading XML bean definitions from class path resource [context.xml]
2021-11-17 12:47:50,779 INFO  org.springframework.beans.factory.support.DefaultListableBeanFactory - Overriding bean definition for bean 'requestContextFilter' with a different definition: replacing [Root bean: class [null]; scope=; abstract=false; lazyInit=false; autowireMode=3; dependencyCheck=0; autowireCandidate=true; primary=false; factoryBeanName=org.springframework.boot.autoconfigure.jersey.JerseyAutoConfiguration; factoryMethodName=requestContextFilter; initMethodName=null; destroyMethodName=(inferred); defined in class path resource [org/springframework/boot/autoconfigure/jersey/JerseyAutoConfiguration.class]] with [Root bean: class [org.springframework.boot.autoconfigure.web.WebMvcAutoConfiguration$WebMvcAutoConfigurationAdapter]; scope=; abstract=false; lazyInit=false; autowireMode=3; dependencyCheck=0; autowireCandidate=true; primary=false; factoryBeanName=null; factoryMethodName=requestContextFilter; initMethodName=null; destroyMethodName=(inferred); defined in class path resource [org/springframework/boot/autoconfigure/web/WebMvcAutoConfiguration$WebMvcAutoConfigurationAdapter.class]]
2021-11-17 12:47:51,414 INFO  org.springframework.beans.factory.annotation.AutowiredAnnotationBeanPostProcessor - JSR-330 'javax.inject.Inject' annotation found and supported for autowiring
2021-11-17 12:47:51,444 INFO  org.springframework.context.support.PostProcessorRegistrationDelegate$BeanPostProcessorChecker - Bean 'securityConfiguration' of type [org.obiba.agate.config.SecurityConfiguration$$EnhancerBySpringCGLIB$$a2103ec5] is not eligible for getting processed by all BeanPostProcessors (for example: not eligible for auto-proxying)
2021-11-17 12:47:51,659 INFO  org.springframework.aop.framework.CglibAopProxy - Final method [public final java.lang.String com.google.common.eventbus.EventBus.identifier()] cannot get proxied via CGLIB: Calls to this method will NOT be routed to the target instance and might lead to NPEs against uninitialized fields in the proxy instance.
2021-11-17 12:47:51,660 INFO  org.springframework.aop.framework.CglibAopProxy - Final method [final java.util.concurrent.Executor com.google.common.eventbus.EventBus.executor()] cannot get proxied via CGLIB: Calls to this method will NOT be routed to the target instance and might lead to NPEs against uninitialized fields in the proxy instance.
2021-11-17 12:47:51,686 INFO  org.springframework.context.support.PostProcessorRegistrationDelegate$BeanPostProcessorChecker - Bean 'asyncConfiguration' of type [org.obiba.agate.config.AsyncConfiguration$$EnhancerBySpringCGLIB$$464a6637] is not eligible for getting processed by all BeanPostProcessors (for example: not eligible for auto-proxying)
2021-11-17 12:47:51,702 INFO  org.springframework.scheduling.concurrent.ThreadPoolTaskExecutor - Initializing ExecutorService
2021-11-17 12:47:51,709 INFO  org.springframework.context.support.PostProcessorRegistrationDelegate$BeanPostProcessorChecker - Bean 'getAsyncExecutor' of type [org.obiba.agate.async.ExceptionHandlingAsyncTaskExecutor] is not eligible for getting processed by all BeanPostProcessors (for example: not eligible for auto-proxying)
2021-11-17 12:47:51,771 INFO  org.springframework.context.support.PostProcessorRegistrationDelegate$BeanPostProcessorChecker - Bean 'validationConfiguration' of type [org.obiba.agate.config.ValidationConfiguration$$EnhancerBySpringCGLIB$$206219cc] is not eligible for getting processed by all BeanPostProcessors (for example: not eligible for auto-proxying)
2021-11-17 12:47:51,850 INFO  org.springframework.context.support.PostProcessorRegistrationDelegate$BeanPostProcessorChecker - Bean 'validator' of type [org.springframework.validation.beanvalidation.LocalValidatorFactoryBean] is not eligible for getting processed by all BeanPostProcessors (for example: not eligible for auto-proxying)
2021-11-17 12:47:51,912 INFO  org.springframework.context.support.PostProcessorRegistrationDelegate$BeanPostProcessorChecker - Bean 'authorizationAttributeSourceAdvisor' of type [org.apache.shiro.spring.security.interceptor.AuthorizationAttributeSourceAdvisor] is not eligible for getting processed by all BeanPostProcessors (for example: not eligible for auto-proxying)
2021-11-17 12:47:52,020 INFO  org.springframework.context.support.PostProcessorRegistrationDelegate$BeanPostProcessorChecker - Bean 'eventBusConfiguration' of type [org.obiba.agate.config.EventBusConfiguration$$EnhancerBySpringCGLIB$$6f185f7f] is not eligible for getting processed by all BeanPostProcessors (for example: not eligible for auto-proxying)
2021-11-17 12:47:52,069 INFO  org.springframework.context.support.PostProcessorRegistrationDelegate$BeanPostProcessorChecker - Bean 'eventBus' of type [com.google.common.eventbus.AsyncEventBus] is not eligible for getting processed by all BeanPostProcessors (for example: not eligible for auto-proxying)
2021-11-17 12:47:52,174 INFO  org.obiba.agate.config.MetricsConfiguration - Initializing Metrics JMX reporting
2021-11-17 12:47:52,181 INFO  org.springframework.context.support.PostProcessorRegistrationDelegate$BeanPostProcessorChecker - Bean 'metricsConfiguration' of type [org.obiba.agate.config.MetricsConfiguration$$EnhancerBySpringCGLIB$$29ea93b0] is not eligible for getting processed by all BeanPostProcessors (for example: not eligible for auto-proxying)
2021-11-17 12:47:52,194 INFO  org.springframework.context.support.PostProcessorRegistrationDelegate$BeanPostProcessorChecker - Bean 'com.ryantenney.metrics.spring.config.annotation.DelegatingMetricsConfiguration' of type [com.ryantenney.metrics.spring.config.annotation.DelegatingMetricsConfiguration$$EnhancerBySpringCGLIB$$70f0aaac] is not eligible for getting processed by all BeanPostProcessors (for example: not eligible for auto-proxying)
2021-11-17 12:47:52,225 INFO  org.springframework.context.support.PostProcessorRegistrationDelegate$BeanPostProcessorChecker - Bean 'getMetricRegistry' of type [com.codahale.metrics.MetricRegistry] is not eligible for getting processed by all BeanPostProcessors (for example: not eligible for auto-proxying)
2021-11-17 12:47:52,274 INFO  org.springframework.context.support.PostProcessorRegistrationDelegate$BeanPostProcessorChecker - Bean 'getHealthCheckRegistry' of type [com.codahale.metrics.health.HealthCheckRegistry] is not eligible for getting processed by all BeanPostProcessors (for example: not eligible for auto-proxying)
2021-11-17 12:47:52,970 INFO  org.mongodb.driver.cluster - Cluster created with settings {hosts=[mongo:27017], mode=SINGLE, requiredClusterType=UNKNOWN, serverSelectionTimeout='30000 ms', maxWaitQueueSize=500}
2021-11-17 12:47:53,251 INFO  org.mongodb.driver.connection - Opened connection [connectionId{localValue:1, serverValue:3}] to mongo:27017
2021-11-17 12:47:53,274 INFO  org.mongodb.driver.cluster - Monitor thread successfully connected to server with description ServerDescription{address=mongo:27017, type=STANDALONE, state=CONNECTED, ok=true, version=ServerVersion{versionList=[5, 0, 3]}, minWireVersion=0, maxWireVersion=13, maxDocumentSize=16777216, logicalSessionTimeoutMinutes=30, roundTripTimeNanos=20998900}
2021-11-17 12:47:53,778 INFO  org.mongodb.driver.connection - Opened connection [connectionId{localValue:2, serverValue:4}] to mongo:27017
2021-11-17 12:47:55,657 INFO  org.springframework.ui.freemarker.SpringTemplateLoader - SpringTemplateLoader for FreeMarker: using resource loader [org.springframework.boot.context.embedded.AnnotationConfigEmbeddedWebApplicationContext@379614be: startup date [Wed Nov 17 12:47:49 UTC 2021]; root of context hierarchy] and template loader path [classpath:/web/]
2021-11-17 12:47:55,672 INFO  org.springframework.ui.freemarker.SpringTemplateLoader - SpringTemplateLoader for FreeMarker: using resource loader [org.springframework.boot.context.embedded.AnnotationConfigEmbeddedWebApplicationContext@379614be: startup date [Wed Nov 17 12:47:49 UTC 2021]; root of context hierarchy] and template loader path [classpath:/static/templates/]
2021-11-17 12:47:55,673 INFO  org.springframework.ui.freemarker.SpringTemplateLoader - SpringTemplateLoader for FreeMarker: using resource loader [org.springframework.boot.context.embedded.AnnotationConfigEmbeddedWebApplicationContext@379614be: startup date [Wed Nov 17 12:47:49 UTC 2021]; root of context hierarchy] and template loader path [classpath:/public/templates/]
2021-11-17 12:47:55,674 INFO  org.springframework.ui.freemarker.SpringTemplateLoader - SpringTemplateLoader for FreeMarker: using resource loader [org.springframework.boot.context.embedded.AnnotationConfigEmbeddedWebApplicationContext@379614be: startup date [Wed Nov 17 12:47:49 UTC 2021]; root of context hierarchy] and template loader path [classpath:/templates/]
2021-11-17 12:47:55,678 INFO  org.springframework.web.servlet.view.freemarker.FreeMarkerConfigurer - ClassTemplateLoader for Spring macros added to FreeMarker configuration
2021-11-17 12:47:56,071 WARN  org.apache.shiro.realm.text.IniRealm - Users or Roles are already populated.  Configured Ini instance will be ignored.
2021-11-17 12:47:56,072 WARN  org.apache.shiro.realm.text.IniRealm - Users or Roles are already populated.  resourcePath 'classpath:shiro.ini' will be ignored.
2021-11-17 12:47:56,197 INFO  org.springframework.cache.ehcache.EhCacheManagerFactoryBean - Initializing EhCache CacheManager 'agate'
2021-11-17 12:47:56,237 INFO  net.sf.ehcache.pool.sizeof.filter.AnnotationSizeOfFilter - Using regular expression provided through VM argument net.sf.ehcache.pool.sizeof.ignore.pattern for IgnoreSizeOf annotation : ^.*cache\..*IgnoreSizeOf$
2021-11-17 12:47:56,242 INFO  net.sf.ehcache.pool.sizeof.AgentLoader - Located valid 'tools.jar' at '/usr/local/openjdk-8/jre/../lib/tools.jar'
2021-11-17 12:47:56,251 INFO  net.sf.ehcache.pool.sizeof.JvmInformation - Detected JVM data model settings of: Unrecognized 64-Bit JVM
2021-11-17 12:47:56,522 INFO  net.sf.ehcache.pool.sizeof.AgentLoader - Extracted agent jar to temporary file /tmp/ehcache-sizeof-agent4166909034764430272.jar
2021-11-17 12:47:56,524 INFO  net.sf.ehcache.pool.sizeof.AgentLoader - Trying to load agent @ /tmp/ehcache-sizeof-agent4166909034764430272.jar
2021-11-17 12:47:56,545 INFO  net.sf.ehcache.pool.impl.DefaultSizeOfEngine - using Agent sizeof engine
2021-11-17 12:47:56,584 INFO  net.sf.ehcache.pool.impl.DefaultSizeOfEngine - using Agent sizeof engine
2021-11-17 12:47:56,622 INFO  net.sf.ehcache.pool.impl.DefaultSizeOfEngine - using Agent sizeof engine
2021-11-17 12:47:56,663 INFO  net.sf.ehcache.pool.impl.DefaultSizeOfEngine - using Agent sizeof engine
2021-11-17 12:47:56,707 INFO  org.apache.shiro.cache.ehcache.EhCacheManager - Cache with name 'org.obiba.shiro.realm.SudoRealm.authorizationCache' does not yet exist.  Creating now.
2021-11-17 12:47:56,723 INFO  org.apache.shiro.cache.ehcache.EhCacheManager - Added EhCache named [org.obiba.shiro.realm.SudoRealm.authorizationCache]
2021-11-17 12:47:56,726 INFO  org.apache.shiro.cache.ehcache.EhCacheManager - Cache with name 'org.obiba.shiro.realm.HttpHeaderAuthenticatingRealm.authorizationCache.1' does not yet exist.  Creating now.
2021-11-17 12:47:56,732 INFO  org.apache.shiro.cache.ehcache.EhCacheManager - Added EhCache named [org.obiba.shiro.realm.HttpHeaderAuthenticatingRealm.authorizationCache.1]
2021-11-17 12:47:56,775 INFO  org.apache.shiro.cache.ehcache.EhCacheManager - Cache with name 'org.obiba.shiro.realm.CookieAuthenticatingRealm.authorizationCache.2' does not yet exist.  Creating now.
2021-11-17 12:47:56,786 INFO  org.apache.shiro.cache.ehcache.EhCacheManager - Added EhCache named [org.obiba.shiro.realm.CookieAuthenticatingRealm.authorizationCache.2]
2021-11-17 12:47:57,508 INFO  org.eclipse.jetty.util.log - Logging initialized @9888ms to org.eclipse.jetty.util.log.Slf4jLog
2021-11-17 12:47:57,694 INFO  org.springframework.boot.context.embedded.jetty.JettyEmbeddedServletContainerFactory - Server initialized with port: 8081
2021-11-17 12:47:57,742 INFO  org.eclipse.jetty.server.Server - jetty-9.4.11.v20180605; built: 2018-06-05T18:24:03.829Z; git: d5fc0523cfa96bfebfbda19606cad384d772f04c; jvm 1.8.0_302-b08
2021-11-17 12:47:57,919 INFO  org.eclipse.jetty.server.handler.ContextHandler.application - Initializing Spring embedded WebApplicationContext
2021-11-17 12:47:57,924 INFO  org.springframework.web.context.ContextLoader - Root WebApplicationContext: initialization completed in 8793 ms
2021-11-17 12:47:58,434 INFO  org.obiba.agate.config.WebConfiguration - Web application configuration, using profiles: [prod]
2021-11-17 12:47:58,449 INFO  org.obiba.agate.config.WebConfiguration - Web application fully configured
2021-11-17 12:47:58,456 INFO  org.springframework.boot.web.servlet.ServletRegistrationBean - Mapping servlet: 'org.obiba.agate.web.rest.config.JerseyConfiguration' to [/ws/*]
2021-11-17 12:47:58,456 INFO  org.springframework.boot.web.servlet.ServletRegistrationBean - Mapping servlet: 'dispatcherServlet' to [/]
2021-11-17 12:47:58,457 INFO  org.springframework.boot.web.servlet.FilterRegistrationBean - Mapping filter: 'characterEncodingFilter' to: [/*]
2021-11-17 12:47:58,458 INFO  org.springframework.boot.web.servlet.FilterRegistrationBean - Mapping filter: 'hiddenHttpMethodFilter' to: [/*]
2021-11-17 12:47:58,459 INFO  org.springframework.boot.web.servlet.FilterRegistrationBean - Mapping filter: 'httpPutFormContentFilter' to: [/*]
2021-11-17 12:47:58,461 INFO  org.springframework.boot.web.servlet.FilterRegistrationBean - Mapping filter: 'requestContextFilter' to: [/*]
2021-11-17 12:47:58,463 INFO  org.springframework.boot.web.servlet.FilterRegistrationBean - Filter agateCallbackFilter was not registered (possibly already registered?)
2021-11-17 12:47:58,469 INFO  org.springframework.boot.web.servlet.FilterRegistrationBean - Filter agateSignInFilter was not registered (possibly already registered?)
2021-11-17 12:47:58,481 INFO  org.springframework.boot.web.servlet.FilterRegistrationBean - Filter agateSignUpFilter was not registered (possibly already registered?)
2021-11-17 12:47:58,482 INFO  org.springframework.boot.web.servlet.FilterRegistrationBean - Mapping filter: 'authenticationFilter' to: [/*]
2021-11-17 12:47:58,482 INFO  org.springframework.boot.web.servlet.FilterRegistrationBean - Filter OIDCConfigurationFilter was not registered (possibly already registered?)
2021-11-17 12:47:58,614 INFO  org.eclipse.jetty.server.session - DefaultSessionIdManager workerName=node0
2021-11-17 12:47:58,615 INFO  org.eclipse.jetty.server.session - No SessionScavenger set, using defaults
2021-11-17 12:47:58,617 INFO  org.eclipse.jetty.server.session - node0 Scavenging every 660000ms
2021-11-17 12:47:58,627 INFO  org.eclipse.jetty.server.handler.ContextHandler.application - Initializing Shiro environment
2021-11-17 12:47:58,634 INFO  org.apache.shiro.web.env.EnvironmentLoader - Starting Shiro environment initialization.
2021-11-17 12:47:58,688 INFO  org.apache.shiro.web.env.EnvironmentLoader - Shiro environment initialized in 53 ms.
2021-11-17 12:47:58,689 INFO  org.eclipse.jetty.server.handler.ContextHandler - Started o.s.b.c.e.j.JettyEmbeddedWebAppContext@2cdcfaa6{application,/,[file:///usr/share/agate/webapp/],AVAILABLE}
2021-11-17 12:47:58,690 INFO  org.eclipse.jetty.server.Server - Started @11070ms
2021-11-17 12:47:58,846 INFO  org.obiba.agate.Application - Running with Spring profile(s) : [prod]
2021-11-17 12:47:59,692 INFO  org.springframework.web.servlet.mvc.method.annotation.RequestMappingHandlerAdapter - Looking for @ControllerAdvice: org.springframework.boot.context.embedded.AnnotationConfigEmbeddedWebApplicationContext@379614be: startup date [Wed Nov 17 12:47:49 UTC 2021]; root of context hierarchy
2021-11-17 12:47:59,793 INFO  org.springframework.web.servlet.mvc.method.annotation.RequestMappingHandlerMapping - Mapped "{[/admin],methods=[GET]}" onto public org.springframework.web.servlet.ModelAndView org.obiba.agate.web.controller.AdminController.admin()
2021-11-17 12:47:59,800 INFO  org.springframework.web.servlet.mvc.method.annotation.RequestMappingHandlerMapping - Mapped "{[/authorize],methods=[GET]}" onto public org.springframework.web.servlet.ModelAndView org.obiba.agate.web.controller.AuthorizeController.authz(javax.servlet.http.HttpServletRequest,java.lang.String,java.lang.String,java.lang.String,java.lang.String,java.lang.String)
2021-11-17 12:47:59,804 INFO  org.springframework.web.servlet.mvc.method.annotation.RequestMappingHandlerMapping - Mapped "{[/error],methods=[POST],consumes=[application/x-www-form-urlencoded]}" onto public org.springframework.web.servlet.ModelAndView org.obiba.agate.web.controller.ErrorController.errorWithParams(int,java.lang.String)
2021-11-17 12:47:59,806 INFO  org.springframework.web.servlet.mvc.method.annotation.RequestMappingHandlerMapping - Mapped "{[/error],methods=[GET]}" onto public org.springframework.web.servlet.ModelAndView org.obiba.agate.web.controller.ErrorController.error(java.lang.String,java.lang.String)
2021-11-17 12:47:59,811 INFO  org.springframework.web.servlet.mvc.method.annotation.RequestMappingHandlerMapping - Mapped "{[/index],methods=[GET]}" onto public org.springframework.web.servlet.ModelAndView org.obiba.agate.web.controller.IndexController.home()
2021-11-17 12:47:59,813 INFO  org.springframework.web.servlet.mvc.method.annotation.RequestMappingHandlerMapping - Mapped "{[/],methods=[GET]}" onto public org.springframework.web.servlet.ModelAndView org.obiba.agate.web.controller.IndexController.index()
2021-11-17 12:47:59,817 INFO  org.springframework.web.servlet.mvc.method.annotation.RequestMappingHandlerMapping - Mapped "{[/page/{page}],methods=[GET]}" onto public org.springframework.web.servlet.ModelAndView org.obiba.agate.web.controller.PagesController.get(javax.servlet.http.HttpServletRequest,java.lang.String)
2021-11-17 12:47:59,822 INFO  org.springframework.web.servlet.mvc.method.annotation.RequestMappingHandlerMapping - Mapped "{[/profile],methods=[GET]}" onto public org.springframework.web.servlet.ModelAndView org.obiba.agate.web.controller.ProfileController.profile(javax.servlet.http.HttpServletRequest,java.lang.String,java.lang.String)
2021-11-17 12:47:59,824 INFO  org.springframework.web.servlet.mvc.method.annotation.RequestMappingHandlerMapping - Mapped "{[/forgot-password],methods=[GET]}" onto public org.springframework.web.servlet.ModelAndView org.obiba.agate.web.controller.ResetForgotPasswordController.forgot()
2021-11-17 12:47:59,831 INFO  org.springframework.web.servlet.mvc.method.annotation.RequestMappingHandlerMapping - Mapped "{[/reset-password],methods=[GET]}" onto public org.springframework.web.servlet.ModelAndView org.obiba.agate.web.controller.ResetForgotPasswordController.reset(java.lang.String)
2021-11-17 12:47:59,833 INFO  org.springframework.web.servlet.mvc.method.annotation.RequestMappingHandlerMapping - Mapped "{[/signup-with],methods=[GET]}" onto public org.springframework.web.servlet.ModelAndView org.obiba.agate.web.controller.SignController.signupWith(java.lang.String)
2021-11-17 12:47:59,834 INFO  org.springframework.web.servlet.mvc.method.annotation.RequestMappingHandlerMapping - Mapped "{[/signup],methods=[GET]}" onto public org.springframework.web.servlet.ModelAndView org.obiba.agate.web.controller.SignController.signup(java.lang.String,java.lang.String)
2021-11-17 12:47:59,843 INFO  org.springframework.web.servlet.mvc.method.annotation.RequestMappingHandlerMapping - Mapped "{[/signin],methods=[GET]}" onto public org.springframework.web.servlet.ModelAndView org.obiba.agate.web.controller.SignController.signin(javax.servlet.http.HttpServletRequest,java.lang.String,java.lang.String,java.lang.String)
2021-11-17 12:47:59,843 INFO  org.springframework.web.servlet.mvc.method.annotation.RequestMappingHandlerMapping - Mapped "{[/just-registered],methods=[GET]}" onto public org.springframework.web.servlet.ModelAndView org.obiba.agate.web.controller.SignController.justRegistered(boolean)
2021-11-17 12:47:59,848 INFO  org.springframework.web.servlet.mvc.method.annotation.RequestMappingHandlerMapping - Mapped "{[/confirm],methods=[GET]}" onto public org.springframework.web.servlet.ModelAndView org.obiba.agate.web.controller.SignController.reset(java.lang.String)
2021-11-17 12:47:59,850 INFO  org.springframework.web.servlet.mvc.method.annotation.RequestMappingHandlerMapping - Mapped "{[/error],produces=[text/html]}" onto public org.springframework.web.servlet.ModelAndView org.springframework.boot.autoconfigure.web.BasicErrorController.errorHtml(javax.servlet.http.HttpServletRequest,javax.servlet.http.HttpServletResponse)
2021-11-17 12:47:59,851 INFO  org.springframework.web.servlet.mvc.method.annotation.RequestMappingHandlerMapping - Mapped "{[/error]}" onto public org.springframework.http.ResponseEntity<java.util.Map<java.lang.String, java.lang.Object>> org.springframework.boot.autoconfigure.web.BasicErrorController.error(javax.servlet.http.HttpServletRequest)
2021-11-17 12:47:59,931 INFO  org.springframework.web.servlet.handler.SimpleUrlHandlerMapping - Mapped URL path [/webjars/**] onto handler of type [class org.springframework.web.servlet.resource.ResourceHttpRequestHandler]
2021-11-17 12:47:59,931 INFO  org.springframework.web.servlet.handler.SimpleUrlHandlerMapping - Mapped URL path [/**] onto handler of type [class org.springframework.web.servlet.resource.ResourceHttpRequestHandler]
2021-11-17 12:48:00,084 INFO  org.springframework.web.servlet.handler.SimpleUrlHandlerMapping - Mapped URL path [/**/favicon.ico] onto handler of type [class org.springframework.web.servlet.resource.ResourceHttpRequestHandler]
2021-11-17 12:48:00,631 INFO  org.springframework.jmx.export.annotation.AnnotationMBeanExporter - Registering beans for JMX exposure on startup
2021-11-17 12:48:00,669 INFO  org.springframework.scheduling.annotation.ScheduledAnnotationBeanPostProcessor - No TaskScheduler/ScheduledExecutorService bean found for scheduled processing
2021-11-17 12:48:00,846 INFO  org.obiba.runtime.upgrade.support.DefaultUpgradeManager - Setting version to : 2.4.0
2021-11-17 12:48:01,336 WARN  org.eclipse.jetty.servlets.GzipFilter - GzipFilter is deprecated. Use GzipHandler
2021-11-17 12:48:03,140 INFO  org.eclipse.jetty.server.handler.ContextHandler.application - Initializing Spring FrameworkServlet 'dispatcherServlet'
2021-11-17 12:48:03,141 INFO  org.springframework.web.servlet.DispatcherServlet - FrameworkServlet 'dispatcherServlet': initialization started
2021-11-17 12:48:03,187 INFO  org.springframework.web.servlet.DispatcherServlet - FrameworkServlet 'dispatcherServlet': initialization completed in 46 ms
2021-11-17 12:48:03,292 INFO  org.eclipse.jetty.server.AbstractConnector - Started ServerConnector@4ff0706c{HTTP/1.1,[http/1.1]}{0.0.0.0:8081}
2021-11-17 12:48:04,034 INFO  org.eclipse.jetty.server.AbstractConnector - Started ServerConnector@6968bb65{SSL,[ssl, http/1.1]}{0.0.0.0:8444}
2021-11-17 12:48:04,035 INFO  org.springframework.boot.context.embedded.jetty.JettyEmbeddedServletContainer - Jetty started on port(s) 8081 (http/1.1), 8444 (ssl, http/1.1)
2021-11-17 12:48:04,048 INFO  org.obiba.agate.Application - Started Application in 15.494 seconds (JVM running for 16.429)
2021-11-17 12:48:18,972 WARN  org.glassfish.jersey.servlet.WebComponent - A servlet request to the URI https://agate:8444/ws/tickets?rememberMe=false contains form parameters in the request body but the request body has been consumed by the servlet or a servlet filter accessing the request parameters. Only resource methods using @FormParam will work as expected. Resource methods consuming the request body by other means will not work as expected.
2021-11-17 12:48:19,091 WARN  org.obiba.agate.web.rest.security.AuthorizationValidator - Not a registered user 'administrator' at ip: '172.31.0.3'
2021-11-17 12:48:20,451 WARN  org.glassfish.jersey.servlet.WebComponent - A servlet request to the URI https://agate:8444/ws/tickets?rememberMe=false contains form parameters in the request body but the request body has been consumed by the servlet or a servlet filter accessing the request parameters. Only resource methods using @FormParam will work as expected. Resource methods consuming the request body by other means will not work as expected.
2021-11-17 12:48:20,481 WARN  org.obiba.agate.web.rest.security.AuthorizationValidator - Not a registered user 'administrator' at ip: '172.31.0.3'
2021-11-17 12:48:21,356 WARN  org.glassfish.jersey.servlet.WebComponent - A servlet request to the URI https://agate:8444/ws/tickets?rememberMe=false contains form parameters in the request body but the request body has been consumed by the servlet or a servlet filter accessing the request parameters. Only resource methods using @FormParam will work as expected. Resource methods consuming the request body by other means will not work as expected.
2021-11-17 12:48:21,378 WARN  org.obiba.agate.web.rest.security.AuthorizationValidator - Not a registered user 'administrator' at ip: '172.31.0.3'
2021-11-17 12:51:03,548 WARN  org.glassfish.jersey.servlet.WebComponent - A servlet request to the URI https://agate:8444/ws/tickets?rememberMe=false contains form parameters in the request body but the request body has been consumed by the servlet or a servlet filter accessing the request parameters. Only resource methods using @FormParam will work as expected. Resource methods consuming the request body by other means will not work as expected.
2021-11-17 12:51:03,576 WARN  org.obiba.agate.web.rest.security.AuthorizationValidator - Not a registered user 'administrator' at ip: '172.31.0.3'
2021-11-17 12:51:24,467 WARN  org.glassfish.jersey.servlet.WebComponent - A servlet request to the URI http://localhost:8871/ws/auth/sessions contains form parameters in the request body but the request body has been consumed by the servlet or a servlet filter accessing the request parameters. Only resource methods using @FormParam will work as expected. Resource methods consuming the request body by other means will not work as expected.
2021-11-17 12:51:24,715 INFO  org.apache.shiro.session.mgt.AbstractValidatingSessionManager - Enabling session validation scheduler...
2021-11-17 12:51:24,719 INFO  org.apache.shiro.cache.ehcache.EhCacheManager - Using existing EHCache named [shiro-activeSessionCache]
2021-11-17 12:51:24,726 INFO  org.obiba.agate.web.rest.security.SessionsResource - Successful session creation for user 'administrator' session ID is 'b06d1235-674c-4040-aae5-0388ce4dcd4d'.
2021-11-17 12:52:00,892 INFO  org.mongodb.driver.connection - Opened connection [connectionId{localValue:3, serverValue:9}] to mongo:27017
2021-11-17 12:55:02,697 INFO  org.obiba.agate.Application - Starting Application on baa043b6a505 with PID 21 (/usr/share/agate/webapp/WEB-INF/classes started by agate in /)
2021-11-17 12:55:02,700 INFO  org.obiba.agate.Application - The following profiles are active: prod
2021-11-17 12:55:02,736 INFO  org.springframework.boot.context.embedded.AnnotationConfigEmbeddedWebApplicationContext - Refreshing org.springframework.boot.context.embedded.AnnotationConfigEmbeddedWebApplicationContext@379614be: startup date [Wed Nov 17 12:55:02 UTC 2021]; root of context hierarchy
2021-11-17 12:55:03,783 INFO  org.springframework.beans.factory.support.DefaultListableBeanFactory - Overriding bean definition for bean 'getMetricRegistry' with a different definition: replacing [Root bean: class [null]; scope=; abstract=false; lazyInit=false; autowireMode=3; dependencyCheck=0; autowireCandidate=true; primary=false; factoryBeanName=com.ryantenney.metrics.spring.config.annotation.DelegatingMetricsConfiguration; factoryMethodName=getMetricRegistry; initMethodName=null; destroyMethodName=(inferred); defined in class path resource [com/ryantenney/metrics/spring/config/annotation/DelegatingMetricsConfiguration.class]] with [Root bean: class [null]; scope=; abstract=false; lazyInit=false; autowireMode=3; dependencyCheck=0; autowireCandidate=true; primary=false; factoryBeanName=metricsConfiguration; factoryMethodName=getMetricRegistry; initMethodName=null; destroyMethodName=(inferred); defined in class path resource [org/obiba/agate/config/MetricsConfiguration.class]]
2021-11-17 12:55:03,785 INFO  org.springframework.beans.factory.support.DefaultListableBeanFactory - Overriding bean definition for bean 'getHealthCheckRegistry' with a different definition: replacing [Root bean: class [null]; scope=; abstract=false; lazyInit=false; autowireMode=3; dependencyCheck=0; autowireCandidate=true; primary=false; factoryBeanName=com.ryantenney.metrics.spring.config.annotation.DelegatingMetricsConfiguration; factoryMethodName=getHealthCheckRegistry; initMethodName=null; destroyMethodName=(inferred); defined in class path resource [com/ryantenney/metrics/spring/config/annotation/DelegatingMetricsConfiguration.class]] with [Root bean: class [null]; scope=; abstract=false; lazyInit=false; autowireMode=3; dependencyCheck=0; autowireCandidate=true; primary=false; factoryBeanName=metricsConfiguration; factoryMethodName=getHealthCheckRegistry; initMethodName=null; destroyMethodName=(inferred); defined in class path resource [org/obiba/agate/config/MetricsConfiguration.class]]
2021-11-17 12:55:03,786 INFO  org.springframework.beans.factory.xml.XmlBeanDefinitionReader - Loading XML bean definitions from class path resource [context.xml]
2021-11-17 12:55:04,127 INFO  org.springframework.beans.factory.support.DefaultListableBeanFactory - Overriding bean definition for bean 'requestContextFilter' with a different definition: replacing [Root bean: class [null]; scope=; abstract=false; lazyInit=false; autowireMode=3; dependencyCheck=0; autowireCandidate=true; primary=false; factoryBeanName=org.springframework.boot.autoconfigure.jersey.JerseyAutoConfiguration; factoryMethodName=requestContextFilter; initMethodName=null; destroyMethodName=(inferred); defined in class path resource [org/springframework/boot/autoconfigure/jersey/JerseyAutoConfiguration.class]] with [Root bean: class [org.springframework.boot.autoconfigure.web.WebMvcAutoConfiguration$WebMvcAutoConfigurationAdapter]; scope=; abstract=false; lazyInit=false; autowireMode=3; dependencyCheck=0; autowireCandidate=true; primary=false; factoryBeanName=null; factoryMethodName=requestContextFilter; initMethodName=null; destroyMethodName=(inferred); defined in class path resource [org/springframework/boot/autoconfigure/web/WebMvcAutoConfiguration$WebMvcAutoConfigurationAdapter.class]]
2021-11-17 12:55:04,501 INFO  org.springframework.beans.factory.annotation.AutowiredAnnotationBeanPostProcessor - JSR-330 'javax.inject.Inject' annotation found and supported for autowiring
2021-11-17 12:55:04,526 INFO  org.springframework.context.support.PostProcessorRegistrationDelegate$BeanPostProcessorChecker - Bean 'securityConfiguration' of type [org.obiba.agate.config.SecurityConfiguration$$EnhancerBySpringCGLIB$$a2103ec5] is not eligible for getting processed by all BeanPostProcessors (for example: not eligible for auto-proxying)
2021-11-17 12:55:04,746 INFO  org.springframework.aop.framework.CglibAopProxy - Final method [public final java.lang.String com.google.common.eventbus.EventBus.identifier()] cannot get proxied via CGLIB: Calls to this method will NOT be routed to the target instance and might lead to NPEs against uninitialized fields in the proxy instance.
2021-11-17 12:55:04,752 INFO  org.springframework.aop.framework.CglibAopProxy - Final method [final java.util.concurrent.Executor com.google.common.eventbus.EventBus.executor()] cannot get proxied via CGLIB: Calls to this method will NOT be routed to the target instance and might lead to NPEs against uninitialized fields in the proxy instance.
2021-11-17 12:55:04,777 INFO  org.springframework.context.support.PostProcessorRegistrationDelegate$BeanPostProcessorChecker - Bean 'asyncConfiguration' of type [org.obiba.agate.config.AsyncConfiguration$$EnhancerBySpringCGLIB$$464a6637] is not eligible for getting processed by all BeanPostProcessors (for example: not eligible for auto-proxying)
2021-11-17 12:55:04,797 INFO  org.springframework.scheduling.concurrent.ThreadPoolTaskExecutor - Initializing ExecutorService
2021-11-17 12:55:04,798 INFO  org.springframework.context.support.PostProcessorRegistrationDelegate$BeanPostProcessorChecker - Bean 'getAsyncExecutor' of type [org.obiba.agate.async.ExceptionHandlingAsyncTaskExecutor] is not eligible for getting processed by all BeanPostProcessors (for example: not eligible for auto-proxying)
2021-11-17 12:55:04,853 INFO  org.springframework.context.support.PostProcessorRegistrationDelegate$BeanPostProcessorChecker - Bean 'validationConfiguration' of type [org.obiba.agate.config.ValidationConfiguration$$EnhancerBySpringCGLIB$$206219cc] is not eligible for getting processed by all BeanPostProcessors (for example: not eligible for auto-proxying)
2021-11-17 12:55:04,998 INFO  org.springframework.context.support.PostProcessorRegistrationDelegate$BeanPostProcessorChecker - Bean 'validator' of type [org.springframework.validation.beanvalidation.LocalValidatorFactoryBean] is not eligible for getting processed by all BeanPostProcessors (for example: not eligible for auto-proxying)
2021-11-17 12:55:05,079 INFO  org.springframework.context.support.PostProcessorRegistrationDelegate$BeanPostProcessorChecker - Bean 'authorizationAttributeSourceAdvisor' of type [org.apache.shiro.spring.security.interceptor.AuthorizationAttributeSourceAdvisor] is not eligible for getting processed by all BeanPostProcessors (for example: not eligible for auto-proxying)
2021-11-17 12:55:05,250 INFO  org.springframework.context.support.PostProcessorRegistrationDelegate$BeanPostProcessorChecker - Bean 'eventBusConfiguration' of type [org.obiba.agate.config.EventBusConfiguration$$EnhancerBySpringCGLIB$$6f185f7f] is not eligible for getting processed by all BeanPostProcessors (for example: not eligible for auto-proxying)
2021-11-17 12:55:05,328 INFO  org.springframework.context.support.PostProcessorRegistrationDelegate$BeanPostProcessorChecker - Bean 'eventBus' of type [com.google.common.eventbus.AsyncEventBus] is not eligible for getting processed by all BeanPostProcessors (for example: not eligible for auto-proxying)
2021-11-17 12:55:05,493 INFO  org.obiba.agate.config.MetricsConfiguration - Initializing Metrics JMX reporting
2021-11-17 12:55:05,507 INFO  org.springframework.context.support.PostProcessorRegistrationDelegate$BeanPostProcessorChecker - Bean 'metricsConfiguration' of type [org.obiba.agate.config.MetricsConfiguration$$EnhancerBySpringCGLIB$$29ea93b0] is not eligible for getting processed by all BeanPostProcessors (for example: not eligible for auto-proxying)
2021-11-17 12:55:05,524 INFO  org.springframework.context.support.PostProcessorRegistrationDelegate$BeanPostProcessorChecker - Bean 'com.ryantenney.metrics.spring.config.annotation.DelegatingMetricsConfiguration' of type [com.ryantenney.metrics.spring.config.annotation.DelegatingMetricsConfiguration$$EnhancerBySpringCGLIB$$70f0aaac] is not eligible for getting processed by all BeanPostProcessors (for example: not eligible for auto-proxying)
2021-11-17 12:55:05,584 INFO  org.springframework.context.support.PostProcessorRegistrationDelegate$BeanPostProcessorChecker - Bean 'getMetricRegistry' of type [com.codahale.metrics.MetricRegistry] is not eligible for getting processed by all BeanPostProcessors (for example: not eligible for auto-proxying)
2021-11-17 12:55:05,689 INFO  org.springframework.context.support.PostProcessorRegistrationDelegate$BeanPostProcessorChecker - Bean 'getHealthCheckRegistry' of type [com.codahale.metrics.health.HealthCheckRegistry] is not eligible for getting processed by all BeanPostProcessors (for example: not eligible for auto-proxying)
2021-11-17 12:55:06,494 INFO  org.mongodb.driver.cluster - Cluster created with settings {hosts=[mongo:27017], mode=SINGLE, requiredClusterType=UNKNOWN, serverSelectionTimeout='30000 ms', maxWaitQueueSize=500}
2021-11-17 12:55:06,772 INFO  org.mongodb.driver.connection - Opened connection [connectionId{localValue:1, serverValue:3}] to mongo:27017
2021-11-17 12:55:06,801 INFO  org.mongodb.driver.cluster - Monitor thread successfully connected to server with description ServerDescription{address=mongo:27017, type=STANDALONE, state=CONNECTED, ok=true, version=ServerVersion{versionList=[5, 0, 3]}, minWireVersion=0, maxWireVersion=13, maxDocumentSize=16777216, logicalSessionTimeoutMinutes=30, roundTripTimeNanos=17869700}
2021-11-17 12:55:07,319 INFO  org.mongodb.driver.connection - Opened connection [connectionId{localValue:2, serverValue:4}] to mongo:27017
2021-11-17 12:55:08,841 INFO  org.springframework.ui.freemarker.SpringTemplateLoader - SpringTemplateLoader for FreeMarker: using resource loader [org.springframework.boot.context.embedded.AnnotationConfigEmbeddedWebApplicationContext@379614be: startup date [Wed Nov 17 12:55:02 UTC 2021]; root of context hierarchy] and template loader path [classpath:/web/]
2021-11-17 12:55:08,848 INFO  org.springframework.ui.freemarker.SpringTemplateLoader - SpringTemplateLoader for FreeMarker: using resource loader [org.springframework.boot.context.embedded.AnnotationConfigEmbeddedWebApplicationContext@379614be: startup date [Wed Nov 17 12:55:02 UTC 2021]; root of context hierarchy] and template loader path [classpath:/static/templates/]
2021-11-17 12:55:08,856 INFO  org.springframework.ui.freemarker.SpringTemplateLoader - SpringTemplateLoader for FreeMarker: using resource loader [org.springframework.boot.context.embedded.AnnotationConfigEmbeddedWebApplicationContext@379614be: startup date [Wed Nov 17 12:55:02 UTC 2021]; root of context hierarchy] and template loader path [classpath:/public/templates/]
2021-11-17 12:55:08,857 INFO  org.springframework.ui.freemarker.SpringTemplateLoader - SpringTemplateLoader for FreeMarker: using resource loader [org.springframework.boot.context.embedded.AnnotationConfigEmbeddedWebApplicationContext@379614be: startup date [Wed Nov 17 12:55:02 UTC 2021]; root of context hierarchy] and template loader path [classpath:/templates/]
2021-11-17 12:55:08,859 INFO  org.springframework.web.servlet.view.freemarker.FreeMarkerConfigurer - ClassTemplateLoader for Spring macros added to FreeMarker configuration
2021-11-17 12:55:09,744 WARN  org.apache.shiro.realm.text.IniRealm - Users or Roles are already populated.  Configured Ini instance will be ignored.
2021-11-17 12:55:09,750 WARN  org.apache.shiro.realm.text.IniRealm - Users or Roles are already populated.  resourcePath 'classpath:shiro.ini' will be ignored.
2021-11-17 12:55:10,060 INFO  org.springframework.cache.ehcache.EhCacheManagerFactoryBean - Initializing EhCache CacheManager 'agate'
2021-11-17 12:55:10,129 INFO  net.sf.ehcache.pool.sizeof.filter.AnnotationSizeOfFilter - Using regular expression provided through VM argument net.sf.ehcache.pool.sizeof.ignore.pattern for IgnoreSizeOf annotation : ^.*cache\..*IgnoreSizeOf$
2021-11-17 12:55:10,161 INFO  net.sf.ehcache.pool.sizeof.AgentLoader - Located valid 'tools.jar' at '/usr/local/openjdk-8/jre/../lib/tools.jar'
2021-11-17 12:55:10,174 INFO  net.sf.ehcache.pool.sizeof.JvmInformation - Detected JVM data model settings of: Unrecognized 64-Bit JVM
2021-11-17 12:55:10,443 INFO  net.sf.ehcache.pool.sizeof.AgentLoader - Extracted agent jar to temporary file /tmp/ehcache-sizeof-agent6485347065056812389.jar
2021-11-17 12:55:10,445 INFO  net.sf.ehcache.pool.sizeof.AgentLoader - Trying to load agent @ /tmp/ehcache-sizeof-agent6485347065056812389.jar
2021-11-17 12:55:10,453 INFO  net.sf.ehcache.pool.impl.DefaultSizeOfEngine - using Agent sizeof engine
2021-11-17 12:55:10,524 INFO  net.sf.ehcache.pool.impl.DefaultSizeOfEngine - using Agent sizeof engine
2021-11-17 12:55:10,583 INFO  net.sf.ehcache.pool.impl.DefaultSizeOfEngine - using Agent sizeof engine
2021-11-17 12:55:10,591 INFO  net.sf.ehcache.pool.impl.DefaultSizeOfEngine - using Agent sizeof engine
2021-11-17 12:55:10,618 INFO  org.apache.shiro.cache.ehcache.EhCacheManager - Cache with name 'org.obiba.shiro.realm.SudoRealm.authorizationCache' does not yet exist.  Creating now.
2021-11-17 12:55:10,626 INFO  org.apache.shiro.cache.ehcache.EhCacheManager - Added EhCache named [org.obiba.shiro.realm.SudoRealm.authorizationCache]
2021-11-17 12:55:10,632 INFO  org.apache.shiro.cache.ehcache.EhCacheManager - Cache with name 'org.obiba.shiro.realm.HttpHeaderAuthenticatingRealm.authorizationCache.1' does not yet exist.  Creating now.
2021-11-17 12:55:10,641 INFO  org.apache.shiro.cache.ehcache.EhCacheManager - Added EhCache named [org.obiba.shiro.realm.HttpHeaderAuthenticatingRealm.authorizationCache.1]
2021-11-17 12:55:10,643 INFO  org.apache.shiro.cache.ehcache.EhCacheManager - Cache with name 'org.obiba.shiro.realm.CookieAuthenticatingRealm.authorizationCache.2' does not yet exist.  Creating now.
2021-11-17 12:55:10,652 INFO  org.apache.shiro.cache.ehcache.EhCacheManager - Added EhCache named [org.obiba.shiro.realm.CookieAuthenticatingRealm.authorizationCache.2]
2021-11-17 12:55:11,538 INFO  org.eclipse.jetty.util.log - Logging initialized @9698ms to org.eclipse.jetty.util.log.Slf4jLog
2021-11-17 12:55:11,646 INFO  org.springframework.boot.context.embedded.jetty.JettyEmbeddedServletContainerFactory - Server initialized with port: 8081
2021-11-17 12:55:11,675 INFO  org.eclipse.jetty.server.Server - jetty-9.4.11.v20180605; built: 2018-06-05T18:24:03.829Z; git: d5fc0523cfa96bfebfbda19606cad384d772f04c; jvm 1.8.0_302-b08
2021-11-17 12:55:11,791 INFO  org.eclipse.jetty.server.handler.ContextHandler.application - Initializing Spring embedded WebApplicationContext
2021-11-17 12:55:11,793 INFO  org.springframework.web.context.ContextLoader - Root WebApplicationContext: initialization completed in 9059 ms
2021-11-17 12:55:12,404 INFO  org.obiba.agate.config.WebConfiguration - Web application configuration, using profiles: [prod]
2021-11-17 12:55:12,416 INFO  org.obiba.agate.config.WebConfiguration - Web application fully configured
2021-11-17 12:55:12,418 INFO  org.springframework.boot.web.servlet.ServletRegistrationBean - Mapping servlet: 'org.obiba.agate.web.rest.config.JerseyConfiguration' to [/ws/*]
2021-11-17 12:55:12,419 INFO  org.springframework.boot.web.servlet.ServletRegistrationBean - Mapping servlet: 'dispatcherServlet' to [/]
2021-11-17 12:55:12,422 INFO  org.springframework.boot.web.servlet.FilterRegistrationBean - Mapping filter: 'characterEncodingFilter' to: [/*]
2021-11-17 12:55:12,423 INFO  org.springframework.boot.web.servlet.FilterRegistrationBean - Mapping filter: 'hiddenHttpMethodFilter' to: [/*]
2021-11-17 12:55:12,425 INFO  org.springframework.boot.web.servlet.FilterRegistrationBean - Mapping filter: 'httpPutFormContentFilter' to: [/*]
2021-11-17 12:55:12,427 INFO  org.springframework.boot.web.servlet.FilterRegistrationBean - Mapping filter: 'requestContextFilter' to: [/*]
2021-11-17 12:55:12,430 INFO  org.springframework.boot.web.servlet.FilterRegistrationBean - Filter agateCallbackFilter was not registered (possibly already registered?)
2021-11-17 12:55:12,431 INFO  org.springframework.boot.web.servlet.FilterRegistrationBean - Filter agateSignInFilter was not registered (possibly already registered?)
2021-11-17 12:55:12,433 INFO  org.springframework.boot.web.servlet.FilterRegistrationBean - Filter agateSignUpFilter was not registered (possibly already registered?)
2021-11-17 12:55:12,435 INFO  org.springframework.boot.web.servlet.FilterRegistrationBean - Mapping filter: 'authenticationFilter' to: [/*]
2021-11-17 12:55:12,437 INFO  org.springframework.boot.web.servlet.FilterRegistrationBean - Filter OIDCConfigurationFilter was not registered (possibly already registered?)
2021-11-17 12:55:12,538 INFO  org.eclipse.jetty.server.session - DefaultSessionIdManager workerName=node0
2021-11-17 12:55:12,539 INFO  org.eclipse.jetty.server.session - No SessionScavenger set, using defaults
2021-11-17 12:55:12,544 INFO  org.eclipse.jetty.server.session - node0 Scavenging every 600000ms
2021-11-17 12:55:12,559 INFO  org.eclipse.jetty.server.handler.ContextHandler.application - Initializing Shiro environment
2021-11-17 12:55:12,565 INFO  org.apache.shiro.web.env.EnvironmentLoader - Starting Shiro environment initialization.
2021-11-17 12:55:12,659 INFO  org.apache.shiro.web.env.EnvironmentLoader - Shiro environment initialized in 89 ms.
2021-11-17 12:55:12,660 INFO  org.eclipse.jetty.server.handler.ContextHandler - Started o.s.b.c.e.j.JettyEmbeddedWebAppContext@4efed0e0{application,/,[file:///usr/share/agate/webapp/],AVAILABLE}
2021-11-17 12:55:12,663 INFO  org.eclipse.jetty.server.Server - Started @10823ms
2021-11-17 12:55:12,725 INFO  org.obiba.agate.Application - Running with Spring profile(s) : [prod]
2021-11-17 12:55:13,966 INFO  org.springframework.web.servlet.mvc.method.annotation.RequestMappingHandlerAdapter - Looking for @ControllerAdvice: org.springframework.boot.context.embedded.AnnotationConfigEmbeddedWebApplicationContext@379614be: startup date [Wed Nov 17 12:55:02 UTC 2021]; root of context hierarchy
2021-11-17 12:55:14,098 INFO  org.springframework.web.servlet.mvc.method.annotation.RequestMappingHandlerMapping - Mapped "{[/admin],methods=[GET]}" onto public org.springframework.web.servlet.ModelAndView org.obiba.agate.web.controller.AdminController.admin()
2021-11-17 12:55:14,100 INFO  org.springframework.web.servlet.mvc.method.annotation.RequestMappingHandlerMapping - Mapped "{[/authorize],methods=[GET]}" onto public org.springframework.web.servlet.ModelAndView org.obiba.agate.web.controller.AuthorizeController.authz(javax.servlet.http.HttpServletRequest,java.lang.String,java.lang.String,java.lang.String,java.lang.String,java.lang.String)
2021-11-17 12:55:14,103 INFO  org.springframework.web.servlet.mvc.method.annotation.RequestMappingHandlerMapping - Mapped "{[/error],methods=[GET]}" onto public org.springframework.web.servlet.ModelAndView org.obiba.agate.web.controller.ErrorController.error(java.lang.String,java.lang.String)
2021-11-17 12:55:14,105 INFO  org.springframework.web.servlet.mvc.method.annotation.RequestMappingHandlerMapping - Mapped "{[/error],methods=[POST],consumes=[application/x-www-form-urlencoded]}" onto public org.springframework.web.servlet.ModelAndView org.obiba.agate.web.controller.ErrorController.errorWithParams(int,java.lang.String)
2021-11-17 12:55:14,107 INFO  org.springframework.web.servlet.mvc.method.annotation.RequestMappingHandlerMapping - Mapped "{[/],methods=[GET]}" onto public org.springframework.web.servlet.ModelAndView org.obiba.agate.web.controller.IndexController.index()
2021-11-17 12:55:14,109 INFO  org.springframework.web.servlet.mvc.method.annotation.RequestMappingHandlerMapping - Mapped "{[/index],methods=[GET]}" onto public org.springframework.web.servlet.ModelAndView org.obiba.agate.web.controller.IndexController.home()
2021-11-17 12:55:14,110 INFO  org.springframework.web.servlet.mvc.method.annotation.RequestMappingHandlerMapping - Mapped "{[/page/{page}],methods=[GET]}" onto public org.springframework.web.servlet.ModelAndView org.obiba.agate.web.controller.PagesController.get(javax.servlet.http.HttpServletRequest,java.lang.String)
2021-11-17 12:55:14,111 INFO  org.springframework.web.servlet.mvc.method.annotation.RequestMappingHandlerMapping - Mapped "{[/profile],methods=[GET]}" onto public org.springframework.web.servlet.ModelAndView org.obiba.agate.web.controller.ProfileController.profile(javax.servlet.http.HttpServletRequest,java.lang.String,java.lang.String)
2021-11-17 12:55:14,112 INFO  org.springframework.web.servlet.mvc.method.annotation.RequestMappingHandlerMapping - Mapped "{[/reset-password],methods=[GET]}" onto public org.springframework.web.servlet.ModelAndView org.obiba.agate.web.controller.ResetForgotPasswordController.reset(java.lang.String)
2021-11-17 12:55:14,113 INFO  org.springframework.web.servlet.mvc.method.annotation.RequestMappingHandlerMapping - Mapped "{[/forgot-password],methods=[GET]}" onto public org.springframework.web.servlet.ModelAndView org.obiba.agate.web.controller.ResetForgotPasswordController.forgot()
2021-11-17 12:55:14,115 INFO  org.springframework.web.servlet.mvc.method.annotation.RequestMappingHandlerMapping - Mapped "{[/confirm],methods=[GET]}" onto public org.springframework.web.servlet.ModelAndView org.obiba.agate.web.controller.SignController.reset(java.lang.String)
2021-11-17 12:55:14,116 INFO  org.springframework.web.servlet.mvc.method.annotation.RequestMappingHandlerMapping - Mapped "{[/signup-with],methods=[GET]}" onto public org.springframework.web.servlet.ModelAndView org.obiba.agate.web.controller.SignController.signupWith(java.lang.String)
2021-11-17 12:55:14,116 INFO  org.springframework.web.servlet.mvc.method.annotation.RequestMappingHandlerMapping - Mapped "{[/signup],methods=[GET]}" onto public org.springframework.web.servlet.ModelAndView org.obiba.agate.web.controller.SignController.signup(java.lang.String,java.lang.String)
2021-11-17 12:55:14,117 INFO  org.springframework.web.servlet.mvc.method.annotation.RequestMappingHandlerMapping - Mapped "{[/signin],methods=[GET]}" onto public org.springframework.web.servlet.ModelAndView org.obiba.agate.web.controller.SignController.signin(javax.servlet.http.HttpServletRequest,java.lang.String,java.lang.String,java.lang.String)
2021-11-17 12:55:14,117 INFO  org.springframework.web.servlet.mvc.method.annotation.RequestMappingHandlerMapping - Mapped "{[/just-registered],methods=[GET]}" onto public org.springframework.web.servlet.ModelAndView org.obiba.agate.web.controller.SignController.justRegistered(boolean)
2021-11-17 12:55:14,119 INFO  org.springframework.web.servlet.mvc.method.annotation.RequestMappingHandlerMapping - Mapped "{[/error]}" onto public org.springframework.http.ResponseEntity<java.util.Map<java.lang.String, java.lang.Object>> org.springframework.boot.autoconfigure.web.BasicErrorController.error(javax.servlet.http.HttpServletRequest)
2021-11-17 12:55:14,121 INFO  org.springframework.web.servlet.mvc.method.annotation.RequestMappingHandlerMapping - Mapped "{[/error],produces=[text/html]}" onto public org.springframework.web.servlet.ModelAndView org.springframework.boot.autoconfigure.web.BasicErrorController.errorHtml(javax.servlet.http.HttpServletRequest,javax.servlet.http.HttpServletResponse)
2021-11-17 12:55:14,200 INFO  org.springframework.web.servlet.handler.SimpleUrlHandlerMapping - Mapped URL path [/webjars/**] onto handler of type [class org.springframework.web.servlet.resource.ResourceHttpRequestHandler]
2021-11-17 12:55:14,200 INFO  org.springframework.web.servlet.handler.SimpleUrlHandlerMapping - Mapped URL path [/**] onto handler of type [class org.springframework.web.servlet.resource.ResourceHttpRequestHandler]
2021-11-17 12:55:14,349 INFO  org.springframework.web.servlet.handler.SimpleUrlHandlerMapping - Mapped URL path [/**/favicon.ico] onto handler of type [class org.springframework.web.servlet.resource.ResourceHttpRequestHandler]
2021-11-17 12:55:14,937 INFO  org.springframework.jmx.export.annotation.AnnotationMBeanExporter - Registering beans for JMX exposure on startup
2021-11-17 12:55:14,966 INFO  org.springframework.scheduling.annotation.ScheduledAnnotationBeanPostProcessor - No TaskScheduler/ScheduledExecutorService bean found for scheduled processing
2021-11-17 12:55:15,163 INFO  org.obiba.runtime.upgrade.support.DefaultUpgradeManager - Setting version to : 2.4.0
2021-11-17 12:55:15,627 INFO  org.mongodb.driver.connection - Opened connection [connectionId{localValue:4, serverValue:7}] to mongo:27017
2021-11-17 12:55:15,628 INFO  org.mongodb.driver.connection - Opened connection [connectionId{localValue:3, serverValue:8}] to mongo:27017
2021-11-17 12:55:15,945 WARN  org.eclipse.jetty.servlets.GzipFilter - GzipFilter is deprecated. Use GzipHandler
2021-11-17 12:55:18,414 INFO  org.eclipse.jetty.server.handler.ContextHandler.application - Initializing Spring FrameworkServlet 'dispatcherServlet'
2021-11-17 12:55:18,414 INFO  org.springframework.web.servlet.DispatcherServlet - FrameworkServlet 'dispatcherServlet': initialization started
2021-11-17 12:55:18,436 INFO  org.springframework.web.servlet.DispatcherServlet - FrameworkServlet 'dispatcherServlet': initialization completed in 22 ms
2021-11-17 12:55:18,524 INFO  org.eclipse.jetty.server.AbstractConnector - Started ServerConnector@4ac0ed65{HTTP/1.1,[http/1.1]}{0.0.0.0:8081}
2021-11-17 12:55:19,030 INFO  org.eclipse.jetty.server.AbstractConnector - Started ServerConnector@5c7c75fb{SSL,[ssl, http/1.1]}{0.0.0.0:8444}
2021-11-17 12:55:19,031 INFO  org.springframework.boot.context.embedded.jetty.JettyEmbeddedServletContainer - Jetty started on port(s) 8081 (http/1.1), 8444 (ssl, http/1.1)
2021-11-17 12:55:19,070 INFO  org.obiba.agate.Application - Started Application in 16.64 seconds (JVM running for 17.23)
2021-11-17 12:56:01,336 WARN  org.glassfish.jersey.servlet.WebComponent - A servlet request to the URI https://agate:8444/ws/tickets?rememberMe=false contains form parameters in the request body but the request body has been consumed by the servlet or a servlet filter accessing the request parameters. Only resource methods using @FormParam will work as expected. Resource methods consuming the request body by other means will not work as expected.
2021-11-17 12:56:01,435 WARN  org.obiba.agate.web.rest.security.AuthorizationValidator - Not a registered user 'administrator' at ip: '172.31.0.4'
