2021-11-17 12:47:49.034  INFO 56 --- [main] org.obiba.agate.Application              : Starting Application on baa043b6a505 with PID 56 (/usr/share/agate/webapp/WEB-INF/classes started by agate in /)
2021-11-17 12:47:49.037  INFO 56 --- [main] org.obiba.agate.Application              : The following profiles are active: prod
2021-11-17 12:47:49.133  INFO 56 --- [main] ationConfigEmbeddedWebApplicationContext : Refreshing org.springframework.boot.context.embedded.AnnotationConfigEmbeddedWebApplicationContext@379614be: startup date [Wed Nov 17 12:47:49 UTC 2021]; root of context hierarchy
2021-11-17 12:47:50.420  INFO 56 --- [main] o.s.b.f.s.DefaultListableBeanFactory     : Overriding bean definition for bean 'getMetricRegistry' with a different definition: replacing [Root bean: class [null]; scope=; abstract=false; lazyInit=false; autowireMode=3; dependencyCheck=0; autowireCandidate=true; primary=false; factoryBeanName=com.ryantenney.metrics.spring.config.annotation.DelegatingMetricsConfiguration; factoryMethodName=getMetricRegistry; initMethodName=null; destroyMethodName=(inferred); defined in class path resource [com/ryantenney/metrics/spring/config/annotation/DelegatingMetricsConfiguration.class]] with [Root bean: class [null]; scope=; abstract=false; lazyInit=false; autowireMode=3; dependencyCheck=0; autowireCandidate=true; primary=false; factoryBeanName=metricsConfiguration; factoryMethodName=getMetricRegistry; initMethodName=null; destroyMethodName=(inferred); defined in class path resource [org/obiba/agate/config/MetricsConfiguration.class]]
2021-11-17 12:47:50.422  INFO 56 --- [main] o.s.b.f.s.DefaultListableBeanFactory     : Overriding bean definition for bean 'getHealthCheckRegistry' with a different definition: replacing [Root bean: class [null]; scope=; abstract=false; lazyInit=false; autowireMode=3; dependencyCheck=0; autowireCandidate=true; primary=false; factoryBeanName=com.ryantenney.metrics.spring.config.annotation.DelegatingMetricsConfiguration; factoryMethodName=getHealthCheckRegistry; initMethodName=null; destroyMethodName=(inferred); defined in class path resource [com/ryantenney/metrics/spring/config/annotation/DelegatingMetricsConfiguration.class]] with [Root bean: class [null]; scope=; abstract=false; lazyInit=false; autowireMode=3; dependencyCheck=0; autowireCandidate=true; primary=false; factoryBeanName=metricsConfiguration; factoryMethodName=getHealthCheckRegistry; initMethodName=null; destroyMethodName=(inferred); defined in class path resource [org/obiba/agate/config/MetricsConfiguration.class]]
2021-11-17 12:47:50.425  INFO 56 --- [main] o.s.b.f.xml.XmlBeanDefinitionReader      : Loading XML bean definitions from class path resource [context.xml]
2021-11-17 12:47:50.779  INFO 56 --- [main] o.s.b.f.s.DefaultListableBeanFactory     : Overriding bean definition for bean 'requestContextFilter' with a different definition: replacing [Root bean: class [null]; scope=; abstract=false; lazyInit=false; autowireMode=3; dependencyCheck=0; autowireCandidate=true; primary=false; factoryBeanName=org.springframework.boot.autoconfigure.jersey.JerseyAutoConfiguration; factoryMethodName=requestContextFilter; initMethodName=null; destroyMethodName=(inferred); defined in class path resource [org/springframework/boot/autoconfigure/jersey/JerseyAutoConfiguration.class]] with [Root bean: class [org.springframework.boot.autoconfigure.web.WebMvcAutoConfiguration$WebMvcAutoConfigurationAdapter]; scope=; abstract=false; lazyInit=false; autowireMode=3; dependencyCheck=0; autowireCandidate=true; primary=false; factoryBeanName=null; factoryMethodName=requestContextFilter; initMethodName=null; destroyMethodName=(inferred); defined in class path resource [org/springframework/boot/autoconfigure/web/WebMvcAutoConfiguration$WebMvcAutoConfigurationAdapter.class]]
2021-11-17 12:47:51.414  INFO 56 --- [main] f.a.AutowiredAnnotationBeanPostProcessor : JSR-330 'javax.inject.Inject' annotation found and supported for autowiring
2021-11-17 12:47:51.444  INFO 56 --- [main] trationDelegate$BeanPostProcessorChecker : Bean 'securityConfiguration' of type [org.obiba.agate.config.SecurityConfiguration$$EnhancerBySpringCGLIB$$a2103ec5] is not eligible for getting processed by all BeanPostProcessors (for example: not eligible for auto-proxying)
2021-11-17 12:47:51.659  INFO 56 --- [main] o.s.aop.framework.CglibAopProxy          : Final method [public final java.lang.String com.google.common.eventbus.EventBus.identifier()] cannot get proxied via CGLIB: Calls to this method will NOT be routed to the target instance and might lead to NPEs against uninitialized fields in the proxy instance.
2021-11-17 12:47:51.660  INFO 56 --- [main] o.s.aop.framework.CglibAopProxy          : Final method [final java.util.concurrent.Executor com.google.common.eventbus.EventBus.executor()] cannot get proxied via CGLIB: Calls to this method will NOT be routed to the target instance and might lead to NPEs against uninitialized fields in the proxy instance.
2021-11-17 12:47:51.686  INFO 56 --- [main] trationDelegate$BeanPostProcessorChecker : Bean 'asyncConfiguration' of type [org.obiba.agate.config.AsyncConfiguration$$EnhancerBySpringCGLIB$$464a6637] is not eligible for getting processed by all BeanPostProcessors (for example: not eligible for auto-proxying)
2021-11-17 12:47:51.702  INFO 56 --- [main] o.s.s.concurrent.ThreadPoolTaskExecutor  : Initializing ExecutorService
2021-11-17 12:47:51.709  INFO 56 --- [main] trationDelegate$BeanPostProcessorChecker : Bean 'getAsyncExecutor' of type [org.obiba.agate.async.ExceptionHandlingAsyncTaskExecutor] is not eligible for getting processed by all BeanPostProcessors (for example: not eligible for auto-proxying)
2021-11-17 12:47:51.771  INFO 56 --- [main] trationDelegate$BeanPostProcessorChecker : Bean 'validationConfiguration' of type [org.obiba.agate.config.ValidationConfiguration$$EnhancerBySpringCGLIB$$206219cc] is not eligible for getting processed by all BeanPostProcessors (for example: not eligible for auto-proxying)
2021-11-17 12:47:51.850  INFO 56 --- [main] trationDelegate$BeanPostProcessorChecker : Bean 'validator' of type [org.springframework.validation.beanvalidation.LocalValidatorFactoryBean] is not eligible for getting processed by all BeanPostProcessors (for example: not eligible for auto-proxying)
2021-11-17 12:47:51.912  INFO 56 --- [main] trationDelegate$BeanPostProcessorChecker : Bean 'authorizationAttributeSourceAdvisor' of type [org.apache.shiro.spring.security.interceptor.AuthorizationAttributeSourceAdvisor] is not eligible for getting processed by all BeanPostProcessors (for example: not eligible for auto-proxying)
2021-11-17 12:47:52.020  INFO 56 --- [main] trationDelegate$BeanPostProcessorChecker : Bean 'eventBusConfiguration' of type [org.obiba.agate.config.EventBusConfiguration$$EnhancerBySpringCGLIB$$6f185f7f] is not eligible for getting processed by all BeanPostProcessors (for example: not eligible for auto-proxying)
2021-11-17 12:47:52.069  INFO 56 --- [main] trationDelegate$BeanPostProcessorChecker : Bean 'eventBus' of type [com.google.common.eventbus.AsyncEventBus] is not eligible for getting processed by all BeanPostProcessors (for example: not eligible for auto-proxying)
2021-11-17 12:47:52.174  INFO 56 --- [main] o.o.agate.config.MetricsConfiguration    : Initializing Metrics JMX reporting
2021-11-17 12:47:52.181  INFO 56 --- [main] trationDelegate$BeanPostProcessorChecker : Bean 'metricsConfiguration' of type [org.obiba.agate.config.MetricsConfiguration$$EnhancerBySpringCGLIB$$29ea93b0] is not eligible for getting processed by all BeanPostProcessors (for example: not eligible for auto-proxying)
2021-11-17 12:47:52.194  INFO 56 --- [main] trationDelegate$BeanPostProcessorChecker : Bean 'com.ryantenney.metrics.spring.config.annotation.DelegatingMetricsConfiguration' of type [com.ryantenney.metrics.spring.config.annotation.DelegatingMetricsConfiguration$$EnhancerBySpringCGLIB$$70f0aaac] is not eligible for getting processed by all BeanPostProcessors (for example: not eligible for auto-proxying)
2021-11-17 12:47:52.225  INFO 56 --- [main] trationDelegate$BeanPostProcessorChecker : Bean 'getMetricRegistry' of type [com.codahale.metrics.MetricRegistry] is not eligible for getting processed by all BeanPostProcessors (for example: not eligible for auto-proxying)
2021-11-17 12:47:52.274  INFO 56 --- [main] trationDelegate$BeanPostProcessorChecker : Bean 'getHealthCheckRegistry' of type [com.codahale.metrics.health.HealthCheckRegistry] is not eligible for getting processed by all BeanPostProcessors (for example: not eligible for auto-proxying)
2021-11-17 12:47:52.970  INFO 56 --- [main] org.mongodb.driver.cluster               : Cluster created with settings {hosts=[mongo:27017], mode=SINGLE, requiredClusterType=UNKNOWN, serverSelectionTimeout='30000 ms', maxWaitQueueSize=500}
2021-11-17 12:47:53.251  INFO 56 --- [cluster-ClusterId{value='6194f9f894ab0155f4e01e0e', description='null'}-mongo:27017] org.mongodb.driver.connection            : Opened connection [connectionId{localValue:1, serverValue:3}] to mongo:27017
2021-11-17 12:47:53.274  INFO 56 --- [cluster-ClusterId{value='6194f9f894ab0155f4e01e0e', description='null'}-mongo:27017] org.mongodb.driver.cluster               : Monitor thread successfully connected to server with description ServerDescription{address=mongo:27017, type=STANDALONE, state=CONNECTED, ok=true, version=ServerVersion{versionList=[5, 0, 3]}, minWireVersion=0, maxWireVersion=13, maxDocumentSize=16777216, logicalSessionTimeoutMinutes=30, roundTripTimeNanos=20998900}
2021-11-17 12:47:53.778  INFO 56 --- [main] org.mongodb.driver.connection            : Opened connection [connectionId{localValue:2, serverValue:4}] to mongo:27017
2021-11-17 12:47:55.657  INFO 56 --- [main] o.s.ui.freemarker.SpringTemplateLoader   : SpringTemplateLoader for FreeMarker: using resource loader [org.springframework.boot.context.embedded.AnnotationConfigEmbeddedWebApplicationContext@379614be: startup date [Wed Nov 17 12:47:49 UTC 2021]; root of context hierarchy] and template loader path [classpath:/web/]
2021-11-17 12:47:55.672  INFO 56 --- [main] o.s.ui.freemarker.SpringTemplateLoader   : SpringTemplateLoader for FreeMarker: using resource loader [org.springframework.boot.context.embedded.AnnotationConfigEmbeddedWebApplicationContext@379614be: startup date [Wed Nov 17 12:47:49 UTC 2021]; root of context hierarchy] and template loader path [classpath:/static/templates/]
2021-11-17 12:47:55.673  INFO 56 --- [main] o.s.ui.freemarker.SpringTemplateLoader   : SpringTemplateLoader for FreeMarker: using resource loader [org.springframework.boot.context.embedded.AnnotationConfigEmbeddedWebApplicationContext@379614be: startup date [Wed Nov 17 12:47:49 UTC 2021]; root of context hierarchy] and template loader path [classpath:/public/templates/]
2021-11-17 12:47:55.674  INFO 56 --- [main] o.s.ui.freemarker.SpringTemplateLoader   : SpringTemplateLoader for FreeMarker: using resource loader [org.springframework.boot.context.embedded.AnnotationConfigEmbeddedWebApplicationContext@379614be: startup date [Wed Nov 17 12:47:49 UTC 2021]; root of context hierarchy] and template loader path [classpath:/templates/]
2021-11-17 12:47:55.678  INFO 56 --- [main] o.s.w.s.v.f.FreeMarkerConfigurer         : ClassTemplateLoader for Spring macros added to FreeMarker configuration
2021-11-17 12:47:56.071  WARN 56 --- [main] org.apache.shiro.realm.text.IniRealm     : Users or Roles are already populated.  Configured Ini instance will be ignored.
2021-11-17 12:47:56.072  WARN 56 --- [main] org.apache.shiro.realm.text.IniRealm     : Users or Roles are already populated.  resourcePath 'classpath:shiro.ini' will be ignored.
2021-11-17 12:47:56.197  INFO 56 --- [main] o.s.c.ehcache.EhCacheManagerFactoryBean  : Initializing EhCache CacheManager 'agate'
2021-11-17 12:47:56.237  INFO 56 --- [main] n.s.e.p.s.filter.AnnotationSizeOfFilter  : Using regular expression provided through VM argument net.sf.ehcache.pool.sizeof.ignore.pattern for IgnoreSizeOf annotation : ^.*cache\..*IgnoreSizeOf$
2021-11-17 12:47:56.242  INFO 56 --- [main] net.sf.ehcache.pool.sizeof.AgentLoader   : Located valid 'tools.jar' at '/usr/local/openjdk-8/jre/../lib/tools.jar'
2021-11-17 12:47:56.251  INFO 56 --- [main] n.sf.ehcache.pool.sizeof.JvmInformation  : Detected JVM data model settings of: Unrecognized 64-Bit JVM
2021-11-17 12:47:56.522  INFO 56 --- [main] net.sf.ehcache.pool.sizeof.AgentLoader   : Extracted agent jar to temporary file /tmp/ehcache-sizeof-agent4166909034764430272.jar
2021-11-17 12:47:56.524  INFO 56 --- [main] net.sf.ehcache.pool.sizeof.AgentLoader   : Trying to load agent @ /tmp/ehcache-sizeof-agent4166909034764430272.jar
2021-11-17 12:47:56.545  INFO 56 --- [main] n.s.e.pool.impl.DefaultSizeOfEngine      : using Agent sizeof engine
2021-11-17 12:47:56.584  INFO 56 --- [main] n.s.e.pool.impl.DefaultSizeOfEngine      : using Agent sizeof engine
2021-11-17 12:47:56.622  INFO 56 --- [main] n.s.e.pool.impl.DefaultSizeOfEngine      : using Agent sizeof engine
2021-11-17 12:47:56.663  INFO 56 --- [main] n.s.e.pool.impl.DefaultSizeOfEngine      : using Agent sizeof engine
2021-11-17 12:47:56.707  INFO 56 --- [main] o.a.shiro.cache.ehcache.EhCacheManager   : Cache with name 'org.obiba.shiro.realm.SudoRealm.authorizationCache' does not yet exist.  Creating now.
2021-11-17 12:47:56.723  INFO 56 --- [main] o.a.shiro.cache.ehcache.EhCacheManager   : Added EhCache named [org.obiba.shiro.realm.SudoRealm.authorizationCache]
2021-11-17 12:47:56.726  INFO 56 --- [main] o.a.shiro.cache.ehcache.EhCacheManager   : Cache with name 'org.obiba.shiro.realm.HttpHeaderAuthenticatingRealm.authorizationCache.1' does not yet exist.  Creating now.
2021-11-17 12:47:56.732  INFO 56 --- [main] o.a.shiro.cache.ehcache.EhCacheManager   : Added EhCache named [org.obiba.shiro.realm.HttpHeaderAuthenticatingRealm.authorizationCache.1]
2021-11-17 12:47:56.775  INFO 56 --- [main] o.a.shiro.cache.ehcache.EhCacheManager   : Cache with name 'org.obiba.shiro.realm.CookieAuthenticatingRealm.authorizationCache.2' does not yet exist.  Creating now.
2021-11-17 12:47:56.786  INFO 56 --- [main] o.a.shiro.cache.ehcache.EhCacheManager   : Added EhCache named [org.obiba.shiro.realm.CookieAuthenticatingRealm.authorizationCache.2]
2021-11-17 12:47:57.508  INFO 56 --- [main] org.eclipse.jetty.util.log               : Logging initialized @9888ms to org.eclipse.jetty.util.log.Slf4jLog
2021-11-17 12:47:57.694  INFO 56 --- [main] e.j.JettyEmbeddedServletContainerFactory : Server initialized with port: 8081
2021-11-17 12:47:57.742  INFO 56 --- [main] org.eclipse.jetty.server.Server          : jetty-9.4.11.v20180605; built: 2018-06-05T18:24:03.829Z; git: d5fc0523cfa96bfebfbda19606cad384d772f04c; jvm 1.8.0_302-b08
2021-11-17 12:47:57.919  INFO 56 --- [main] o.e.j.s.h.ContextHandler.application     : Initializing Spring embedded WebApplicationContext
2021-11-17 12:47:57.924  INFO 56 --- [main] o.s.web.context.ContextLoader            : Root WebApplicationContext: initialization completed in 8793 ms
2021-11-17 12:47:58.434  INFO 56 --- [main] org.obiba.agate.config.WebConfiguration  : Web application configuration, using profiles: [prod]
2021-11-17 12:47:58.449  INFO 56 --- [main] org.obiba.agate.config.WebConfiguration  : Web application fully configured
2021-11-17 12:47:58.456  INFO 56 --- [main] o.s.b.w.servlet.ServletRegistrationBean  : Mapping servlet: 'org.obiba.agate.web.rest.config.JerseyConfiguration' to [/ws/*]
2021-11-17 12:47:58.456  INFO 56 --- [main] o.s.b.w.servlet.ServletRegistrationBean  : Mapping servlet: 'dispatcherServlet' to [/]
2021-11-17 12:47:58.457  INFO 56 --- [main] o.s.b.w.servlet.FilterRegistrationBean   : Mapping filter: 'characterEncodingFilter' to: [/*]
2021-11-17 12:47:58.458  INFO 56 --- [main] o.s.b.w.servlet.FilterRegistrationBean   : Mapping filter: 'hiddenHttpMethodFilter' to: [/*]
2021-11-17 12:47:58.459  INFO 56 --- [main] o.s.b.w.servlet.FilterRegistrationBean   : Mapping filter: 'httpPutFormContentFilter' to: [/*]
2021-11-17 12:47:58.461  INFO 56 --- [main] o.s.b.w.servlet.FilterRegistrationBean   : Mapping filter: 'requestContextFilter' to: [/*]
2021-11-17 12:47:58.463  INFO 56 --- [main] o.s.b.w.servlet.FilterRegistrationBean   : Filter agateCallbackFilter was not registered (possibly already registered?)
2021-11-17 12:47:58.469  INFO 56 --- [main] o.s.b.w.servlet.FilterRegistrationBean   : Filter agateSignInFilter was not registered (possibly already registered?)
2021-11-17 12:47:58.481  INFO 56 --- [main] o.s.b.w.servlet.FilterRegistrationBean   : Filter agateSignUpFilter was not registered (possibly already registered?)
2021-11-17 12:47:58.482  INFO 56 --- [main] o.s.b.w.servlet.FilterRegistrationBean   : Mapping filter: 'authenticationFilter' to: [/*]
2021-11-17 12:47:58.482  INFO 56 --- [main] o.s.b.w.servlet.FilterRegistrationBean   : Filter OIDCConfigurationFilter was not registered (possibly already registered?)
2021-11-17 12:47:58.614  INFO 56 --- [main] org.eclipse.jetty.server.session         : DefaultSessionIdManager workerName=node0
2021-11-17 12:47:58.615  INFO 56 --- [main] org.eclipse.jetty.server.session         : No SessionScavenger set, using defaults
2021-11-17 12:47:58.617  INFO 56 --- [main] org.eclipse.jetty.server.session         : node0 Scavenging every 660000ms
2021-11-17 12:47:58.627  INFO 56 --- [main] o.e.j.s.h.ContextHandler.application     : Initializing Shiro environment
2021-11-17 12:47:58.634  INFO 56 --- [main] o.a.shiro.web.env.EnvironmentLoader      : Starting Shiro environment initialization.
2021-11-17 12:47:58.688  INFO 56 --- [main] o.a.shiro.web.env.EnvironmentLoader      : Shiro environment initialized in 53 ms.
2021-11-17 12:47:58.689  INFO 56 --- [main] o.e.jetty.server.handler.ContextHandler  : Started o.s.b.c.e.j.JettyEmbeddedWebAppContext@2cdcfaa6{application,/,[file:///usr/share/agate/webapp/],AVAILABLE}
2021-11-17 12:47:58.690  INFO 56 --- [main] org.eclipse.jetty.server.Server          : Started @11070ms
2021-11-17 12:47:58.846  INFO 56 --- [main] org.obiba.agate.Application              : Running with Spring profile(s) : [prod]
2021-11-17 12:47:59.692  INFO 56 --- [main] s.w.s.m.m.a.RequestMappingHandlerAdapter : Looking for @ControllerAdvice: org.springframework.boot.context.embedded.AnnotationConfigEmbeddedWebApplicationContext@379614be: startup date [Wed Nov 17 12:47:49 UTC 2021]; root of context hierarchy
2021-11-17 12:47:59.793  INFO 56 --- [main] s.w.s.m.m.a.RequestMappingHandlerMapping : Mapped "{[/admin],methods=[GET]}" onto public org.springframework.web.servlet.ModelAndView org.obiba.agate.web.controller.AdminController.admin()
2021-11-17 12:47:59.800  INFO 56 --- [main] s.w.s.m.m.a.RequestMappingHandlerMapping : Mapped "{[/authorize],methods=[GET]}" onto public org.springframework.web.servlet.ModelAndView org.obiba.agate.web.controller.AuthorizeController.authz(javax.servlet.http.HttpServletRequest,java.lang.String,java.lang.String,java.lang.String,java.lang.String,java.lang.String)
2021-11-17 12:47:59.804  INFO 56 --- [main] s.w.s.m.m.a.RequestMappingHandlerMapping : Mapped "{[/error],methods=[POST],consumes=[application/x-www-form-urlencoded]}" onto public org.springframework.web.servlet.ModelAndView org.obiba.agate.web.controller.ErrorController.errorWithParams(int,java.lang.String)
2021-11-17 12:47:59.806  INFO 56 --- [main] s.w.s.m.m.a.RequestMappingHandlerMapping : Mapped "{[/error],methods=[GET]}" onto public org.springframework.web.servlet.ModelAndView org.obiba.agate.web.controller.ErrorController.error(java.lang.String,java.lang.String)
2021-11-17 12:47:59.811  INFO 56 --- [main] s.w.s.m.m.a.RequestMappingHandlerMapping : Mapped "{[/index],methods=[GET]}" onto public org.springframework.web.servlet.ModelAndView org.obiba.agate.web.controller.IndexController.home()
2021-11-17 12:47:59.813  INFO 56 --- [main] s.w.s.m.m.a.RequestMappingHandlerMapping : Mapped "{[/],methods=[GET]}" onto public org.springframework.web.servlet.ModelAndView org.obiba.agate.web.controller.IndexController.index()
2021-11-17 12:47:59.817  INFO 56 --- [main] s.w.s.m.m.a.RequestMappingHandlerMapping : Mapped "{[/page/{page}],methods=[GET]}" onto public org.springframework.web.servlet.ModelAndView org.obiba.agate.web.controller.PagesController.get(javax.servlet.http.HttpServletRequest,java.lang.String)
2021-11-17 12:47:59.822  INFO 56 --- [main] s.w.s.m.m.a.RequestMappingHandlerMapping : Mapped "{[/profile],methods=[GET]}" onto public org.springframework.web.servlet.ModelAndView org.obiba.agate.web.controller.ProfileController.profile(javax.servlet.http.HttpServletRequest,java.lang.String,java.lang.String)
2021-11-17 12:47:59.824  INFO 56 --- [main] s.w.s.m.m.a.RequestMappingHandlerMapping : Mapped "{[/forgot-password],methods=[GET]}" onto public org.springframework.web.servlet.ModelAndView org.obiba.agate.web.controller.ResetForgotPasswordController.forgot()
2021-11-17 12:47:59.831  INFO 56 --- [main] s.w.s.m.m.a.RequestMappingHandlerMapping : Mapped "{[/reset-password],methods=[GET]}" onto public org.springframework.web.servlet.ModelAndView org.obiba.agate.web.controller.ResetForgotPasswordController.reset(java.lang.String)
2021-11-17 12:47:59.833  INFO 56 --- [main] s.w.s.m.m.a.RequestMappingHandlerMapping : Mapped "{[/signup-with],methods=[GET]}" onto public org.springframework.web.servlet.ModelAndView org.obiba.agate.web.controller.SignController.signupWith(java.lang.String)
2021-11-17 12:47:59.834  INFO 56 --- [main] s.w.s.m.m.a.RequestMappingHandlerMapping : Mapped "{[/signup],methods=[GET]}" onto public org.springframework.web.servlet.ModelAndView org.obiba.agate.web.controller.SignController.signup(java.lang.String,java.lang.String)
2021-11-17 12:47:59.843  INFO 56 --- [main] s.w.s.m.m.a.RequestMappingHandlerMapping : Mapped "{[/signin],methods=[GET]}" onto public org.springframework.web.servlet.ModelAndView org.obiba.agate.web.controller.SignController.signin(javax.servlet.http.HttpServletRequest,java.lang.String,java.lang.String,java.lang.String)
2021-11-17 12:47:59.843  INFO 56 --- [main] s.w.s.m.m.a.RequestMappingHandlerMapping : Mapped "{[/just-registered],methods=[GET]}" onto public org.springframework.web.servlet.ModelAndView org.obiba.agate.web.controller.SignController.justRegistered(boolean)
2021-11-17 12:47:59.848  INFO 56 --- [main] s.w.s.m.m.a.RequestMappingHandlerMapping : Mapped "{[/confirm],methods=[GET]}" onto public org.springframework.web.servlet.ModelAndView org.obiba.agate.web.controller.SignController.reset(java.lang.String)
2021-11-17 12:47:59.850  INFO 56 --- [main] s.w.s.m.m.a.RequestMappingHandlerMapping : Mapped "{[/error],produces=[text/html]}" onto public org.springframework.web.servlet.ModelAndView org.springframework.boot.autoconfigure.web.BasicErrorController.errorHtml(javax.servlet.http.HttpServletRequest,javax.servlet.http.HttpServletResponse)
2021-11-17 12:47:59.851  INFO 56 --- [main] s.w.s.m.m.a.RequestMappingHandlerMapping : Mapped "{[/error]}" onto public org.springframework.http.ResponseEntity<java.util.Map<java.lang.String, java.lang.Object>> org.springframework.boot.autoconfigure.web.BasicErrorController.error(javax.servlet.http.HttpServletRequest)
2021-11-17 12:47:59.931  INFO 56 --- [main] o.s.w.s.handler.SimpleUrlHandlerMapping  : Mapped URL path [/webjars/**] onto handler of type [class org.springframework.web.servlet.resource.ResourceHttpRequestHandler]
2021-11-17 12:47:59.931  INFO 56 --- [main] o.s.w.s.handler.SimpleUrlHandlerMapping  : Mapped URL path [/**] onto handler of type [class org.springframework.web.servlet.resource.ResourceHttpRequestHandler]
2021-11-17 12:48:00.084  INFO 56 --- [main] o.s.w.s.handler.SimpleUrlHandlerMapping  : Mapped URL path [/**/favicon.ico] onto handler of type [class org.springframework.web.servlet.resource.ResourceHttpRequestHandler]
2021-11-17 12:48:00.631  INFO 56 --- [main] o.s.j.e.a.AnnotationMBeanExporter        : Registering beans for JMX exposure on startup
2021-11-17 12:48:00.669  INFO 56 --- [main] s.a.ScheduledAnnotationBeanPostProcessor : No TaskScheduler/ScheduledExecutorService bean found for scheduled processing
2021-11-17 12:48:00.846  INFO 56 --- [main] o.o.r.u.support.DefaultUpgradeManager    : Setting version to : 2.4.0
2021-11-17 12:48:01.336  WARN 56 --- [main] org.eclipse.jetty.servlets.GzipFilter    : GzipFilter is deprecated. Use GzipHandler
2021-11-17 12:48:03.140  INFO 56 --- [main] o.e.j.s.h.ContextHandler.application     : Initializing Spring FrameworkServlet 'dispatcherServlet'
2021-11-17 12:48:03.141  INFO 56 --- [main] o.s.web.servlet.DispatcherServlet        : FrameworkServlet 'dispatcherServlet': initialization started
2021-11-17 12:48:03.187  INFO 56 --- [main] o.s.web.servlet.DispatcherServlet        : FrameworkServlet 'dispatcherServlet': initialization completed in 46 ms
2021-11-17 12:48:03.292  INFO 56 --- [main] o.e.jetty.server.AbstractConnector       : Started ServerConnector@4ff0706c{HTTP/1.1,[http/1.1]}{0.0.0.0:8081}
2021-11-17 12:48:04.034  INFO 56 --- [main] o.e.jetty.server.AbstractConnector       : Started ServerConnector@6968bb65{SSL,[ssl, http/1.1]}{0.0.0.0:8444}
2021-11-17 12:48:04.035  INFO 56 --- [main] .s.b.c.e.j.JettyEmbeddedServletContainer : Jetty started on port(s) 8081 (http/1.1), 8444 (ssl, http/1.1)
2021-11-17 12:48:04.048  INFO 56 --- [main] org.obiba.agate.Application              : Started Application in 15.494 seconds (JVM running for 16.429)
2021-11-17 12:48:18.972  WARN 56 --- [qtp179437727-35] o.glassfish.jersey.servlet.WebComponent  : A servlet request to the URI https://agate:8444/ws/tickets?rememberMe=false contains form parameters in the request body but the request body has been consumed by the servlet or a servlet filter accessing the request parameters. Only resource methods using @FormParam will work as expected. Resource methods consuming the request body by other means will not work as expected.
2021-11-17 12:48:19.091  WARN 56 --- [qtp179437727-35] o.o.a.w.r.s.AuthorizationValidator       : Not a registered user 'administrator' at ip: '172.31.0.3'
2021-11-17 12:48:20.451  WARN 56 --- [qtp179437727-37] o.glassfish.jersey.servlet.WebComponent  : A servlet request to the URI https://agate:8444/ws/tickets?rememberMe=false contains form parameters in the request body but the request body has been consumed by the servlet or a servlet filter accessing the request parameters. Only resource methods using @FormParam will work as expected. Resource methods consuming the request body by other means will not work as expected.
2021-11-17 12:48:20.481  WARN 56 --- [qtp179437727-37] o.o.a.w.r.s.AuthorizationValidator       : Not a registered user 'administrator' at ip: '172.31.0.3'
2021-11-17 12:48:21.356  WARN 56 --- [qtp179437727-35] o.glassfish.jersey.servlet.WebComponent  : A servlet request to the URI https://agate:8444/ws/tickets?rememberMe=false contains form parameters in the request body but the request body has been consumed by the servlet or a servlet filter accessing the request parameters. Only resource methods using @FormParam will work as expected. Resource methods consuming the request body by other means will not work as expected.
2021-11-17 12:48:21.378  WARN 56 --- [qtp179437727-35] o.o.a.w.r.s.AuthorizationValidator       : Not a registered user 'administrator' at ip: '172.31.0.3'
2021-11-17 12:51:03.548  WARN 56 --- [qtp179437727-43] o.glassfish.jersey.servlet.WebComponent  : A servlet request to the URI https://agate:8444/ws/tickets?rememberMe=false contains form parameters in the request body but the request body has been consumed by the servlet or a servlet filter accessing the request parameters. Only resource methods using @FormParam will work as expected. Resource methods consuming the request body by other means will not work as expected.
2021-11-17 12:51:03.576  WARN 56 --- [qtp179437727-43] o.o.a.w.r.s.AuthorizationValidator       : Not a registered user 'administrator' at ip: '172.31.0.3'
2021-11-17 12:51:24.467  WARN 56 --- [qtp179437727-40] o.glassfish.jersey.servlet.WebComponent  : A servlet request to the URI http://localhost:8871/ws/auth/sessions contains form parameters in the request body but the request body has been consumed by the servlet or a servlet filter accessing the request parameters. Only resource methods using @FormParam will work as expected. Resource methods consuming the request body by other means will not work as expected.
2021-11-17 12:51:24.715  INFO 56 --- [qtp179437727-40] a.s.s.m.AbstractValidatingSessionManager : Enabling session validation scheduler...
2021-11-17 12:51:24.719  INFO 56 --- [qtp179437727-40] o.a.shiro.cache.ehcache.EhCacheManager   : Using existing EHCache named [shiro-activeSessionCache]
2021-11-17 12:51:24.726  INFO 56 --- [qtp179437727-40] o.o.a.w.rest.security.SessionsResource   : Successful session creation for user 'administrator' session ID is 'b06d1235-674c-4040-aae5-0388ce4dcd4d'.
2021-11-17 12:52:00.892  INFO 56 --- [qtp179437727-45] org.mongodb.driver.connection            : Opened connection [connectionId{localValue:3, serverValue:9}] to mongo:27017
2021-11-17 12:55:02.697  INFO 21 --- [main] org.obiba.agate.Application              : Starting Application on baa043b6a505 with PID 21 (/usr/share/agate/webapp/WEB-INF/classes started by agate in /)
2021-11-17 12:55:02.700  INFO 21 --- [main] org.obiba.agate.Application              : The following profiles are active: prod
2021-11-17 12:55:02.736  INFO 21 --- [main] ationConfigEmbeddedWebApplicationContext : Refreshing org.springframework.boot.context.embedded.AnnotationConfigEmbeddedWebApplicationContext@379614be: startup date [Wed Nov 17 12:55:02 UTC 2021]; root of context hierarchy
2021-11-17 12:55:03.783  INFO 21 --- [main] o.s.b.f.s.DefaultListableBeanFactory     : Overriding bean definition for bean 'getMetricRegistry' with a different definition: replacing [Root bean: class [null]; scope=; abstract=false; lazyInit=false; autowireMode=3; dependencyCheck=0; autowireCandidate=true; primary=false; factoryBeanName=com.ryantenney.metrics.spring.config.annotation.DelegatingMetricsConfiguration; factoryMethodName=getMetricRegistry; initMethodName=null; destroyMethodName=(inferred); defined in class path resource [com/ryantenney/metrics/spring/config/annotation/DelegatingMetricsConfiguration.class]] with [Root bean: class [null]; scope=; abstract=false; lazyInit=false; autowireMode=3; dependencyCheck=0; autowireCandidate=true; primary=false; factoryBeanName=metricsConfiguration; factoryMethodName=getMetricRegistry; initMethodName=null; destroyMethodName=(inferred); defined in class path resource [org/obiba/agate/config/MetricsConfiguration.class]]
2021-11-17 12:55:03.785  INFO 21 --- [main] o.s.b.f.s.DefaultListableBeanFactory     : Overriding bean definition for bean 'getHealthCheckRegistry' with a different definition: replacing [Root bean: class [null]; scope=; abstract=false; lazyInit=false; autowireMode=3; dependencyCheck=0; autowireCandidate=true; primary=false; factoryBeanName=com.ryantenney.metrics.spring.config.annotation.DelegatingMetricsConfiguration; factoryMethodName=getHealthCheckRegistry; initMethodName=null; destroyMethodName=(inferred); defined in class path resource [com/ryantenney/metrics/spring/config/annotation/DelegatingMetricsConfiguration.class]] with [Root bean: class [null]; scope=; abstract=false; lazyInit=false; autowireMode=3; dependencyCheck=0; autowireCandidate=true; primary=false; factoryBeanName=metricsConfiguration; factoryMethodName=getHealthCheckRegistry; initMethodName=null; destroyMethodName=(inferred); defined in class path resource [org/obiba/agate/config/MetricsConfiguration.class]]
2021-11-17 12:55:03.786  INFO 21 --- [main] o.s.b.f.xml.XmlBeanDefinitionReader      : Loading XML bean definitions from class path resource [context.xml]
2021-11-17 12:55:04.127  INFO 21 --- [main] o.s.b.f.s.DefaultListableBeanFactory     : Overriding bean definition for bean 'requestContextFilter' with a different definition: replacing [Root bean: class [null]; scope=; abstract=false; lazyInit=false; autowireMode=3; dependencyCheck=0; autowireCandidate=true; primary=false; factoryBeanName=org.springframework.boot.autoconfigure.jersey.JerseyAutoConfiguration; factoryMethodName=requestContextFilter; initMethodName=null; destroyMethodName=(inferred); defined in class path resource [org/springframework/boot/autoconfigure/jersey/JerseyAutoConfiguration.class]] with [Root bean: class [org.springframework.boot.autoconfigure.web.WebMvcAutoConfiguration$WebMvcAutoConfigurationAdapter]; scope=; abstract=false; lazyInit=false; autowireMode=3; dependencyCheck=0; autowireCandidate=true; primary=false; factoryBeanName=null; factoryMethodName=requestContextFilter; initMethodName=null; destroyMethodName=(inferred); defined in class path resource [org/springframework/boot/autoconfigure/web/WebMvcAutoConfiguration$WebMvcAutoConfigurationAdapter.class]]
2021-11-17 12:55:04.501  INFO 21 --- [main] f.a.AutowiredAnnotationBeanPostProcessor : JSR-330 'javax.inject.Inject' annotation found and supported for autowiring
2021-11-17 12:55:04.526  INFO 21 --- [main] trationDelegate$BeanPostProcessorChecker : Bean 'securityConfiguration' of type [org.obiba.agate.config.SecurityConfiguration$$EnhancerBySpringCGLIB$$a2103ec5] is not eligible for getting processed by all BeanPostProcessors (for example: not eligible for auto-proxying)
2021-11-17 12:55:04.746  INFO 21 --- [main] o.s.aop.framework.CglibAopProxy          : Final method [public final java.lang.String com.google.common.eventbus.EventBus.identifier()] cannot get proxied via CGLIB: Calls to this method will NOT be routed to the target instance and might lead to NPEs against uninitialized fields in the proxy instance.
2021-11-17 12:55:04.752  INFO 21 --- [main] o.s.aop.framework.CglibAopProxy          : Final method [final java.util.concurrent.Executor com.google.common.eventbus.EventBus.executor()] cannot get proxied via CGLIB: Calls to this method will NOT be routed to the target instance and might lead to NPEs against uninitialized fields in the proxy instance.
2021-11-17 12:55:04.777  INFO 21 --- [main] trationDelegate$BeanPostProcessorChecker : Bean 'asyncConfiguration' of type [org.obiba.agate.config.AsyncConfiguration$$EnhancerBySpringCGLIB$$464a6637] is not eligible for getting processed by all BeanPostProcessors (for example: not eligible for auto-proxying)
2021-11-17 12:55:04.797  INFO 21 --- [main] o.s.s.concurrent.ThreadPoolTaskExecutor  : Initializing ExecutorService
2021-11-17 12:55:04.798  INFO 21 --- [main] trationDelegate$BeanPostProcessorChecker : Bean 'getAsyncExecutor' of type [org.obiba.agate.async.ExceptionHandlingAsyncTaskExecutor] is not eligible for getting processed by all BeanPostProcessors (for example: not eligible for auto-proxying)
2021-11-17 12:55:04.853  INFO 21 --- [main] trationDelegate$BeanPostProcessorChecker : Bean 'validationConfiguration' of type [org.obiba.agate.config.ValidationConfiguration$$EnhancerBySpringCGLIB$$206219cc] is not eligible for getting processed by all BeanPostProcessors (for example: not eligible for auto-proxying)
2021-11-17 12:55:04.998  INFO 21 --- [main] trationDelegate$BeanPostProcessorChecker : Bean 'validator' of type [org.springframework.validation.beanvalidation.LocalValidatorFactoryBean] is not eligible for getting processed by all BeanPostProcessors (for example: not eligible for auto-proxying)
2021-11-17 12:55:05.079  INFO 21 --- [main] trationDelegate$BeanPostProcessorChecker : Bean 'authorizationAttributeSourceAdvisor' of type [org.apache.shiro.spring.security.interceptor.AuthorizationAttributeSourceAdvisor] is not eligible for getting processed by all BeanPostProcessors (for example: not eligible for auto-proxying)
2021-11-17 12:55:05.250  INFO 21 --- [main] trationDelegate$BeanPostProcessorChecker : Bean 'eventBusConfiguration' of type [org.obiba.agate.config.EventBusConfiguration$$EnhancerBySpringCGLIB$$6f185f7f] is not eligible for getting processed by all BeanPostProcessors (for example: not eligible for auto-proxying)
2021-11-17 12:55:05.328  INFO 21 --- [main] trationDelegate$BeanPostProcessorChecker : Bean 'eventBus' of type [com.google.common.eventbus.AsyncEventBus] is not eligible for getting processed by all BeanPostProcessors (for example: not eligible for auto-proxying)
2021-11-17 12:55:05.493  INFO 21 --- [main] o.o.agate.config.MetricsConfiguration    : Initializing Metrics JMX reporting
2021-11-17 12:55:05.507  INFO 21 --- [main] trationDelegate$BeanPostProcessorChecker : Bean 'metricsConfiguration' of type [org.obiba.agate.config.MetricsConfiguration$$EnhancerBySpringCGLIB$$29ea93b0] is not eligible for getting processed by all BeanPostProcessors (for example: not eligible for auto-proxying)
2021-11-17 12:55:05.524  INFO 21 --- [main] trationDelegate$BeanPostProcessorChecker : Bean 'com.ryantenney.metrics.spring.config.annotation.DelegatingMetricsConfiguration' of type [com.ryantenney.metrics.spring.config.annotation.DelegatingMetricsConfiguration$$EnhancerBySpringCGLIB$$70f0aaac] is not eligible for getting processed by all BeanPostProcessors (for example: not eligible for auto-proxying)
2021-11-17 12:55:05.584  INFO 21 --- [main] trationDelegate$BeanPostProcessorChecker : Bean 'getMetricRegistry' of type [com.codahale.metrics.MetricRegistry] is not eligible for getting processed by all BeanPostProcessors (for example: not eligible for auto-proxying)
2021-11-17 12:55:05.689  INFO 21 --- [main] trationDelegate$BeanPostProcessorChecker : Bean 'getHealthCheckRegistry' of type [com.codahale.metrics.health.HealthCheckRegistry] is not eligible for getting processed by all BeanPostProcessors (for example: not eligible for auto-proxying)
2021-11-17 12:55:06.494  INFO 21 --- [main] org.mongodb.driver.cluster               : Cluster created with settings {hosts=[mongo:27017], mode=SINGLE, requiredClusterType=UNKNOWN, serverSelectionTimeout='30000 ms', maxWaitQueueSize=500}
2021-11-17 12:55:06.772  INFO 21 --- [cluster-ClusterId{value='6194fbaa50c37f7800fe53c7', description='null'}-mongo:27017] org.mongodb.driver.connection            : Opened connection [connectionId{localValue:1, serverValue:3}] to mongo:27017
2021-11-17 12:55:06.801  INFO 21 --- [cluster-ClusterId{value='6194fbaa50c37f7800fe53c7', description='null'}-mongo:27017] org.mongodb.driver.cluster               : Monitor thread successfully connected to server with description ServerDescription{address=mongo:27017, type=STANDALONE, state=CONNECTED, ok=true, version=ServerVersion{versionList=[5, 0, 3]}, minWireVersion=0, maxWireVersion=13, maxDocumentSize=16777216, logicalSessionTimeoutMinutes=30, roundTripTimeNanos=17869700}
2021-11-17 12:55:07.319  INFO 21 --- [main] org.mongodb.driver.connection            : Opened connection [connectionId{localValue:2, serverValue:4}] to mongo:27017
2021-11-17 12:55:08.841  INFO 21 --- [main] o.s.ui.freemarker.SpringTemplateLoader   : SpringTemplateLoader for FreeMarker: using resource loader [org.springframework.boot.context.embedded.AnnotationConfigEmbeddedWebApplicationContext@379614be: startup date [Wed Nov 17 12:55:02 UTC 2021]; root of context hierarchy] and template loader path [classpath:/web/]
2021-11-17 12:55:08.848  INFO 21 --- [main] o.s.ui.freemarker.SpringTemplateLoader   : SpringTemplateLoader for FreeMarker: using resource loader [org.springframework.boot.context.embedded.AnnotationConfigEmbeddedWebApplicationContext@379614be: startup date [Wed Nov 17 12:55:02 UTC 2021]; root of context hierarchy] and template loader path [classpath:/static/templates/]
2021-11-17 12:55:08.856  INFO 21 --- [main] o.s.ui.freemarker.SpringTemplateLoader   : SpringTemplateLoader for FreeMarker: using resource loader [org.springframework.boot.context.embedded.AnnotationConfigEmbeddedWebApplicationContext@379614be: startup date [Wed Nov 17 12:55:02 UTC 2021]; root of context hierarchy] and template loader path [classpath:/public/templates/]
2021-11-17 12:55:08.857  INFO 21 --- [main] o.s.ui.freemarker.SpringTemplateLoader   : SpringTemplateLoader for FreeMarker: using resource loader [org.springframework.boot.context.embedded.AnnotationConfigEmbeddedWebApplicationContext@379614be: startup date [Wed Nov 17 12:55:02 UTC 2021]; root of context hierarchy] and template loader path [classpath:/templates/]
2021-11-17 12:55:08.859  INFO 21 --- [main] o.s.w.s.v.f.FreeMarkerConfigurer         : ClassTemplateLoader for Spring macros added to FreeMarker configuration
2021-11-17 12:55:09.744  WARN 21 --- [main] org.apache.shiro.realm.text.IniRealm     : Users or Roles are already populated.  Configured Ini instance will be ignored.
2021-11-17 12:55:09.750  WARN 21 --- [main] org.apache.shiro.realm.text.IniRealm     : Users or Roles are already populated.  resourcePath 'classpath:shiro.ini' will be ignored.
2021-11-17 12:55:10.060  INFO 21 --- [main] o.s.c.ehcache.EhCacheManagerFactoryBean  : Initializing EhCache CacheManager 'agate'
2021-11-17 12:55:10.129  INFO 21 --- [main] n.s.e.p.s.filter.AnnotationSizeOfFilter  : Using regular expression provided through VM argument net.sf.ehcache.pool.sizeof.ignore.pattern for IgnoreSizeOf annotation : ^.*cache\..*IgnoreSizeOf$
2021-11-17 12:55:10.161  INFO 21 --- [main] net.sf.ehcache.pool.sizeof.AgentLoader   : Located valid 'tools.jar' at '/usr/local/openjdk-8/jre/../lib/tools.jar'
2021-11-17 12:55:10.174  INFO 21 --- [main] n.sf.ehcache.pool.sizeof.JvmInformation  : Detected JVM data model settings of: Unrecognized 64-Bit JVM
2021-11-17 12:55:10.443  INFO 21 --- [main] net.sf.ehcache.pool.sizeof.AgentLoader   : Extracted agent jar to temporary file /tmp/ehcache-sizeof-agent6485347065056812389.jar
2021-11-17 12:55:10.445  INFO 21 --- [main] net.sf.ehcache.pool.sizeof.AgentLoader   : Trying to load agent @ /tmp/ehcache-sizeof-agent6485347065056812389.jar
2021-11-17 12:55:10.453  INFO 21 --- [main] n.s.e.pool.impl.DefaultSizeOfEngine      : using Agent sizeof engine
2021-11-17 12:55:10.524  INFO 21 --- [main] n.s.e.pool.impl.DefaultSizeOfEngine      : using Agent sizeof engine
2021-11-17 12:55:10.583  INFO 21 --- [main] n.s.e.pool.impl.DefaultSizeOfEngine      : using Agent sizeof engine
2021-11-17 12:55:10.591  INFO 21 --- [main] n.s.e.pool.impl.DefaultSizeOfEngine      : using Agent sizeof engine
2021-11-17 12:55:10.618  INFO 21 --- [main] o.a.shiro.cache.ehcache.EhCacheManager   : Cache with name 'org.obiba.shiro.realm.SudoRealm.authorizationCache' does not yet exist.  Creating now.
2021-11-17 12:55:10.626  INFO 21 --- [main] o.a.shiro.cache.ehcache.EhCacheManager   : Added EhCache named [org.obiba.shiro.realm.SudoRealm.authorizationCache]
2021-11-17 12:55:10.632  INFO 21 --- [main] o.a.shiro.cache.ehcache.EhCacheManager   : Cache with name 'org.obiba.shiro.realm.HttpHeaderAuthenticatingRealm.authorizationCache.1' does not yet exist.  Creating now.
2021-11-17 12:55:10.641  INFO 21 --- [main] o.a.shiro.cache.ehcache.EhCacheManager   : Added EhCache named [org.obiba.shiro.realm.HttpHeaderAuthenticatingRealm.authorizationCache.1]
2021-11-17 12:55:10.643  INFO 21 --- [main] o.a.shiro.cache.ehcache.EhCacheManager   : Cache with name 'org.obiba.shiro.realm.CookieAuthenticatingRealm.authorizationCache.2' does not yet exist.  Creating now.
2021-11-17 12:55:10.652  INFO 21 --- [main] o.a.shiro.cache.ehcache.EhCacheManager   : Added EhCache named [org.obiba.shiro.realm.CookieAuthenticatingRealm.authorizationCache.2]
2021-11-17 12:55:11.538  INFO 21 --- [main] org.eclipse.jetty.util.log               : Logging initialized @9698ms to org.eclipse.jetty.util.log.Slf4jLog
2021-11-17 12:55:11.646  INFO 21 --- [main] e.j.JettyEmbeddedServletContainerFactory : Server initialized with port: 8081
2021-11-17 12:55:11.675  INFO 21 --- [main] org.eclipse.jetty.server.Server          : jetty-9.4.11.v20180605; built: 2018-06-05T18:24:03.829Z; git: d5fc0523cfa96bfebfbda19606cad384d772f04c; jvm 1.8.0_302-b08
2021-11-17 12:55:11.791  INFO 21 --- [main] o.e.j.s.h.ContextHandler.application     : Initializing Spring embedded WebApplicationContext
2021-11-17 12:55:11.793  INFO 21 --- [main] o.s.web.context.ContextLoader            : Root WebApplicationContext: initialization completed in 9059 ms
2021-11-17 12:55:12.404  INFO 21 --- [main] org.obiba.agate.config.WebConfiguration  : Web application configuration, using profiles: [prod]
2021-11-17 12:55:12.416  INFO 21 --- [main] org.obiba.agate.config.WebConfiguration  : Web application fully configured
2021-11-17 12:55:12.418  INFO 21 --- [main] o.s.b.w.servlet.ServletRegistrationBean  : Mapping servlet: 'org.obiba.agate.web.rest.config.JerseyConfiguration' to [/ws/*]
2021-11-17 12:55:12.419  INFO 21 --- [main] o.s.b.w.servlet.ServletRegistrationBean  : Mapping servlet: 'dispatcherServlet' to [/]
2021-11-17 12:55:12.422  INFO 21 --- [main] o.s.b.w.servlet.FilterRegistrationBean   : Mapping filter: 'characterEncodingFilter' to: [/*]
2021-11-17 12:55:12.423  INFO 21 --- [main] o.s.b.w.servlet.FilterRegistrationBean   : Mapping filter: 'hiddenHttpMethodFilter' to: [/*]
2021-11-17 12:55:12.425  INFO 21 --- [main] o.s.b.w.servlet.FilterRegistrationBean   : Mapping filter: 'httpPutFormContentFilter' to: [/*]
2021-11-17 12:55:12.427  INFO 21 --- [main] o.s.b.w.servlet.FilterRegistrationBean   : Mapping filter: 'requestContextFilter' to: [/*]
2021-11-17 12:55:12.430  INFO 21 --- [main] o.s.b.w.servlet.FilterRegistrationBean   : Filter agateCallbackFilter was not registered (possibly already registered?)
2021-11-17 12:55:12.431  INFO 21 --- [main] o.s.b.w.servlet.FilterRegistrationBean   : Filter agateSignInFilter was not registered (possibly already registered?)
2021-11-17 12:55:12.433  INFO 21 --- [main] o.s.b.w.servlet.FilterRegistrationBean   : Filter agateSignUpFilter was not registered (possibly already registered?)
2021-11-17 12:55:12.435  INFO 21 --- [main] o.s.b.w.servlet.FilterRegistrationBean   : Mapping filter: 'authenticationFilter' to: [/*]
2021-11-17 12:55:12.437  INFO 21 --- [main] o.s.b.w.servlet.FilterRegistrationBean   : Filter OIDCConfigurationFilter was not registered (possibly already registered?)
2021-11-17 12:55:12.538  INFO 21 --- [main] org.eclipse.jetty.server.session         : DefaultSessionIdManager workerName=node0
2021-11-17 12:55:12.539  INFO 21 --- [main] org.eclipse.jetty.server.session         : No SessionScavenger set, using defaults
2021-11-17 12:55:12.544  INFO 21 --- [main] org.eclipse.jetty.server.session         : node0 Scavenging every 600000ms
2021-11-17 12:55:12.559  INFO 21 --- [main] o.e.j.s.h.ContextHandler.application     : Initializing Shiro environment
2021-11-17 12:55:12.565  INFO 21 --- [main] o.a.shiro.web.env.EnvironmentLoader      : Starting Shiro environment initialization.
2021-11-17 12:55:12.659  INFO 21 --- [main] o.a.shiro.web.env.EnvironmentLoader      : Shiro environment initialized in 89 ms.
2021-11-17 12:55:12.660  INFO 21 --- [main] o.e.jetty.server.handler.ContextHandler  : Started o.s.b.c.e.j.JettyEmbeddedWebAppContext@4efed0e0{application,/,[file:///usr/share/agate/webapp/],AVAILABLE}
2021-11-17 12:55:12.663  INFO 21 --- [main] org.eclipse.jetty.server.Server          : Started @10823ms
2021-11-17 12:55:12.725  INFO 21 --- [main] org.obiba.agate.Application              : Running with Spring profile(s) : [prod]
2021-11-17 12:55:13.966  INFO 21 --- [main] s.w.s.m.m.a.RequestMappingHandlerAdapter : Looking for @ControllerAdvice: org.springframework.boot.context.embedded.AnnotationConfigEmbeddedWebApplicationContext@379614be: startup date [Wed Nov 17 12:55:02 UTC 2021]; root of context hierarchy
2021-11-17 12:55:14.098  INFO 21 --- [main] s.w.s.m.m.a.RequestMappingHandlerMapping : Mapped "{[/admin],methods=[GET]}" onto public org.springframework.web.servlet.ModelAndView org.obiba.agate.web.controller.AdminController.admin()
2021-11-17 12:55:14.100  INFO 21 --- [main] s.w.s.m.m.a.RequestMappingHandlerMapping : Mapped "{[/authorize],methods=[GET]}" onto public org.springframework.web.servlet.ModelAndView org.obiba.agate.web.controller.AuthorizeController.authz(javax.servlet.http.HttpServletRequest,java.lang.String,java.lang.String,java.lang.String,java.lang.String,java.lang.String)
2021-11-17 12:55:14.103  INFO 21 --- [main] s.w.s.m.m.a.RequestMappingHandlerMapping : Mapped "{[/error],methods=[GET]}" onto public org.springframework.web.servlet.ModelAndView org.obiba.agate.web.controller.ErrorController.error(java.lang.String,java.lang.String)
2021-11-17 12:55:14.105  INFO 21 --- [main] s.w.s.m.m.a.RequestMappingHandlerMapping : Mapped "{[/error],methods=[POST],consumes=[application/x-www-form-urlencoded]}" onto public org.springframework.web.servlet.ModelAndView org.obiba.agate.web.controller.ErrorController.errorWithParams(int,java.lang.String)
2021-11-17 12:55:14.107  INFO 21 --- [main] s.w.s.m.m.a.RequestMappingHandlerMapping : Mapped "{[/],methods=[GET]}" onto public org.springframework.web.servlet.ModelAndView org.obiba.agate.web.controller.IndexController.index()
2021-11-17 12:55:14.109  INFO 21 --- [main] s.w.s.m.m.a.RequestMappingHandlerMapping : Mapped "{[/index],methods=[GET]}" onto public org.springframework.web.servlet.ModelAndView org.obiba.agate.web.controller.IndexController.home()
2021-11-17 12:55:14.110  INFO 21 --- [main] s.w.s.m.m.a.RequestMappingHandlerMapping : Mapped "{[/page/{page}],methods=[GET]}" onto public org.springframework.web.servlet.ModelAndView org.obiba.agate.web.controller.PagesController.get(javax.servlet.http.HttpServletRequest,java.lang.String)
2021-11-17 12:55:14.111  INFO 21 --- [main] s.w.s.m.m.a.RequestMappingHandlerMapping : Mapped "{[/profile],methods=[GET]}" onto public org.springframework.web.servlet.ModelAndView org.obiba.agate.web.controller.ProfileController.profile(javax.servlet.http.HttpServletRequest,java.lang.String,java.lang.String)
2021-11-17 12:55:14.112  INFO 21 --- [main] s.w.s.m.m.a.RequestMappingHandlerMapping : Mapped "{[/reset-password],methods=[GET]}" onto public org.springframework.web.servlet.ModelAndView org.obiba.agate.web.controller.ResetForgotPasswordController.reset(java.lang.String)
2021-11-17 12:55:14.113  INFO 21 --- [main] s.w.s.m.m.a.RequestMappingHandlerMapping : Mapped "{[/forgot-password],methods=[GET]}" onto public org.springframework.web.servlet.ModelAndView org.obiba.agate.web.controller.ResetForgotPasswordController.forgot()
2021-11-17 12:55:14.115  INFO 21 --- [main] s.w.s.m.m.a.RequestMappingHandlerMapping : Mapped "{[/confirm],methods=[GET]}" onto public org.springframework.web.servlet.ModelAndView org.obiba.agate.web.controller.SignController.reset(java.lang.String)
2021-11-17 12:55:14.116  INFO 21 --- [main] s.w.s.m.m.a.RequestMappingHandlerMapping : Mapped "{[/signup-with],methods=[GET]}" onto public org.springframework.web.servlet.ModelAndView org.obiba.agate.web.controller.SignController.signupWith(java.lang.String)
2021-11-17 12:55:14.116  INFO 21 --- [main] s.w.s.m.m.a.RequestMappingHandlerMapping : Mapped "{[/signup],methods=[GET]}" onto public org.springframework.web.servlet.ModelAndView org.obiba.agate.web.controller.SignController.signup(java.lang.String,java.lang.String)
2021-11-17 12:55:14.117  INFO 21 --- [main] s.w.s.m.m.a.RequestMappingHandlerMapping : Mapped "{[/signin],methods=[GET]}" onto public org.springframework.web.servlet.ModelAndView org.obiba.agate.web.controller.SignController.signin(javax.servlet.http.HttpServletRequest,java.lang.String,java.lang.String,java.lang.String)
2021-11-17 12:55:14.117  INFO 21 --- [main] s.w.s.m.m.a.RequestMappingHandlerMapping : Mapped "{[/just-registered],methods=[GET]}" onto public org.springframework.web.servlet.ModelAndView org.obiba.agate.web.controller.SignController.justRegistered(boolean)
2021-11-17 12:55:14.119  INFO 21 --- [main] s.w.s.m.m.a.RequestMappingHandlerMapping : Mapped "{[/error]}" onto public org.springframework.http.ResponseEntity<java.util.Map<java.lang.String, java.lang.Object>> org.springframework.boot.autoconfigure.web.BasicErrorController.error(javax.servlet.http.HttpServletRequest)
2021-11-17 12:55:14.121  INFO 21 --- [main] s.w.s.m.m.a.RequestMappingHandlerMapping : Mapped "{[/error],produces=[text/html]}" onto public org.springframework.web.servlet.ModelAndView org.springframework.boot.autoconfigure.web.BasicErrorController.errorHtml(javax.servlet.http.HttpServletRequest,javax.servlet.http.HttpServletResponse)
2021-11-17 12:55:14.200  INFO 21 --- [main] o.s.w.s.handler.SimpleUrlHandlerMapping  : Mapped URL path [/webjars/**] onto handler of type [class org.springframework.web.servlet.resource.ResourceHttpRequestHandler]
2021-11-17 12:55:14.200  INFO 21 --- [main] o.s.w.s.handler.SimpleUrlHandlerMapping  : Mapped URL path [/**] onto handler of type [class org.springframework.web.servlet.resource.ResourceHttpRequestHandler]
2021-11-17 12:55:14.349  INFO 21 --- [main] o.s.w.s.handler.SimpleUrlHandlerMapping  : Mapped URL path [/**/favicon.ico] onto handler of type [class org.springframework.web.servlet.resource.ResourceHttpRequestHandler]
2021-11-17 12:55:14.937  INFO 21 --- [main] o.s.j.e.a.AnnotationMBeanExporter        : Registering beans for JMX exposure on startup
2021-11-17 12:55:14.966  INFO 21 --- [main] s.a.ScheduledAnnotationBeanPostProcessor : No TaskScheduler/ScheduledExecutorService bean found for scheduled processing
2021-11-17 12:55:15.163  INFO 21 --- [main] o.o.r.u.support.DefaultUpgradeManager    : Setting version to : 2.4.0
2021-11-17 12:55:15.627  INFO 21 --- [agate-executor-1] org.mongodb.driver.connection            : Opened connection [connectionId{localValue:4, serverValue:7}] to mongo:27017
2021-11-17 12:55:15.628  INFO 21 --- [agate-executor-2] org.mongodb.driver.connection            : Opened connection [connectionId{localValue:3, serverValue:8}] to mongo:27017
2021-11-17 12:55:15.945  WARN 21 --- [main] org.eclipse.jetty.servlets.GzipFilter    : GzipFilter is deprecated. Use GzipHandler
2021-11-17 12:55:18.414  INFO 21 --- [main] o.e.j.s.h.ContextHandler.application     : Initializing Spring FrameworkServlet 'dispatcherServlet'
2021-11-17 12:55:18.414  INFO 21 --- [main] o.s.web.servlet.DispatcherServlet        : FrameworkServlet 'dispatcherServlet': initialization started
2021-11-17 12:55:18.436  INFO 21 --- [main] o.s.web.servlet.DispatcherServlet        : FrameworkServlet 'dispatcherServlet': initialization completed in 22 ms
2021-11-17 12:55:18.524  INFO 21 --- [main] o.e.jetty.server.AbstractConnector       : Started ServerConnector@4ac0ed65{HTTP/1.1,[http/1.1]}{0.0.0.0:8081}
2021-11-17 12:55:19.030  INFO 21 --- [main] o.e.jetty.server.AbstractConnector       : Started ServerConnector@5c7c75fb{SSL,[ssl, http/1.1]}{0.0.0.0:8444}
2021-11-17 12:55:19.031  INFO 21 --- [main] .s.b.c.e.j.JettyEmbeddedServletContainer : Jetty started on port(s) 8081 (http/1.1), 8444 (ssl, http/1.1)
2021-11-17 12:55:19.070  INFO 21 --- [main] org.obiba.agate.Application              : Started Application in 16.64 seconds (JVM running for 17.23)
2021-11-17 12:56:01.336  WARN 21 --- [qtp2138104388-23] o.glassfish.jersey.servlet.WebComponent  : A servlet request to the URI https://agate:8444/ws/tickets?rememberMe=false contains form parameters in the request body but the request body has been consumed by the servlet or a servlet filter accessing the request parameters. Only resource methods using @FormParam will work as expected. Resource methods consuming the request body by other means will not work as expected.
2021-11-17 12:56:01.435  WARN 21 --- [qtp2138104388-23] o.o.a.w.r.s.AuthorizationValidator       : Not a registered user 'administrator' at ip: '172.31.0.4'
