2021-11-16 21:12:00,340 [main] INFO  org.obiba.opal.server.OpalServer - Starting Opal server!
2021-11-16 21:12:00,345 [main] INFO  org.obiba.opal.server.OpalServer - Upgrading Opal...
2021-11-16 21:12:00,370 [main] INFO  org.springframework.context.support.ClassPathXmlApplicationContext - Refreshing org.springframework.context.support.ClassPathXmlApplicationContext@470f1802: startup date [Tue Nov 16 21:12:00 UTC 2021]; root of context hierarchy
2021-11-16 21:12:00,398 [main] INFO  org.springframework.beans.factory.xml.XmlBeanDefinitionReader - Loading XML bean definitions from class path resource [META-INF/spring/opal-server/upgrade.xml]
2021-11-16 21:12:00,464 [main] INFO  org.springframework.beans.factory.xml.XmlBeanDefinitionReader - Loading XML bean definitions from class path resource [META-INF/spring/opal-server/config.xml]
2021-11-16 21:12:00,493 [main] INFO  org.springframework.beans.factory.xml.XmlBeanDefinitionReader - Loading XML bean definitions from class path resource [upgrade-context.xml]
2021-11-16 21:12:00,603 [main] INFO  org.springframework.beans.factory.xml.XmlBeanDefinitionReader - Loading XML bean definitions from class path resource [spring/opal-core/tx.xml]
2021-11-16 21:12:00,628 [main] INFO  org.springframework.beans.factory.xml.XmlBeanDefinitionReader - Loading XML bean definitions from class path resource [spring/opal-core/version.xml]
2021-11-16 21:12:01,036 [main] INFO  org.objectweb.jotm - CAROL initialization
2021-11-16 21:12:01,050 [main] INFO  org.objectweb.jotm - JOTM started with a local transaction factory
2021-11-16 21:12:01,129 [main] INFO  org.springframework.transaction.jta.JtaTransactionManager - Using JTA UserTransaction: org.objectweb.jotm.Current@3adcc812
2021-11-16 21:12:01,130 [main] INFO  org.springframework.transaction.jta.JtaTransactionManager - Using JTA TransactionManager: org.objectweb.jotm.Current@3adcc812
2021-11-16 21:12:01,445 [main] INFO  org.obiba.opal.core.cfg.DefaultOpalConfigurationIo - Read Opal Default Configuration
2021-11-16 21:12:01,777 [main] INFO  org.obiba.opal.core.cfg.DefaultOpalConfigurationService - Generate new secret key
2021-11-16 21:12:01,838 [main] INFO  org.obiba.opal.core.cfg.DefaultOpalConfigurationService - Generate new database password
2021-11-16 21:12:02,109 [main] INFO  org.hibernate.validator.internal.util.Version - HV000001: Hibernate Validator 5.0.1.Final
2021-11-16 21:12:02,382 [main] INFO  org.obiba.opal.core.service.LocalOrientDbServerFactory - Start OrientDB server (plocal:/srv/data/orientdb/opal-config)
2021-11-16 21:12:02,967 [main] INFO  com.orientechnologies.orient.server.config.OServerConfigurationLoaderXml - Loading configuration from input stream
2021-11-16 21:12:17,134 [main] INFO  org.obiba.runtime.upgrade.support.LoggingUpgradeManagerListener - About to execute Installation Step. Description: 'Set current version to Opal Configuration'
2021-11-16 21:12:17,135 [main] INFO  org.obiba.runtime.upgrade.support.LoggingUpgradeManagerListener - Installation Step type: org.obiba.opal.core.install.SetOpalVersionInstallStep
2021-11-16 21:12:17,155 [main] INFO  org.obiba.runtime.upgrade.support.LoggingUpgradeManagerListener - Successfully executed Installation Step. Description: 'Set current version to Opal Configuration'
2021-11-16 21:12:17,155 [main] INFO  org.obiba.runtime.upgrade.support.LoggingUpgradeManagerListener - About to execute Installation Step. Description: 'Install Quartz Schema.'
2021-11-16 21:12:17,155 [main] INFO  org.obiba.runtime.upgrade.support.LoggingUpgradeManagerListener - Installation Step type: org.obiba.runtime.upgrade.InstallStepAdapter
2021-11-16 21:12:17,175 [main] INFO  org.obiba.runtime.upgrade.support.jdbc.SqlScriptUpgradeStep - Applying script tables_hsql.sql to database.
2021-11-16 21:12:17,179 [main] INFO  org.springframework.jdbc.datasource.init.ScriptUtils - Executing SQL script from class path resource [META-INF/opal/install-scripts/quartz/tables_hsql.sql]
2021-11-16 21:12:17,218 [main] INFO  org.springframework.jdbc.datasource.init.ScriptUtils - Executed SQL script from class path resource [META-INF/opal/install-scripts/quartz/tables_hsql.sql] in 39 ms.
2021-11-16 21:12:17,232 [main] INFO  org.obiba.runtime.upgrade.support.LoggingUpgradeManagerListener - Successfully executed Installation Step. Description: 'Install Quartz Schema.'
2021-11-16 21:12:17,232 [main] INFO  org.obiba.runtime.upgrade.support.LoggingUpgradeManagerListener - About to execute Installation Step. Description: 'Generate and store default configuration.'
2021-11-16 21:12:17,232 [main] INFO  org.obiba.runtime.upgrade.support.LoggingUpgradeManagerListener - Installation Step type: org.obiba.opal.core.install.CreateOpalGeneralConfigInstallStep
2021-11-16 21:12:17,896 [main] INFO  org.obiba.runtime.upgrade.support.LoggingUpgradeManagerListener - Successfully executed Installation Step. Description: 'Generate and store default configuration.'
2021-11-16 21:12:17,896 [main] INFO  org.obiba.runtime.upgrade.support.LoggingUpgradeManagerListener - About to execute Installation Step. Description: 'Install the default plugins from the OBiBa plugins repository.'
2021-11-16 21:12:17,896 [main] INFO  org.obiba.runtime.upgrade.support.LoggingUpgradeManagerListener - Installation Step type: org.obiba.opal.core.install.DefaultPluginsInstallStep
2021-11-16 21:12:17,896 [main] INFO  org.obiba.opal.core.install.DefaultPluginsInstallStep - Installing default plugins from update site: https://plugins.obiba.org
2021-11-16 21:12:17,896 [main] INFO  org.obiba.opal.core.install.DefaultPluginsInstallStep - Installing opal-search-es plugin
2021-11-16 21:12:20,728 [main] INFO  org.obiba.runtime.upgrade.support.LoggingUpgradeManagerListener - Successfully executed Installation Step. Description: 'Install the default plugins from the OBiBa plugins repository.'
2021-11-16 21:12:20,729 [main] INFO  org.obiba.runtime.upgrade.support.LoggingUpgradeManagerListener - About to execute Installation Step. Description: 'Apply default permissions'
2021-11-16 21:12:20,729 [main] INFO  org.obiba.runtime.upgrade.support.LoggingUpgradeManagerListener - Installation Step type: org.obiba.opal.core.install.DefaultPermissionsInstallStep
2021-11-16 21:12:20,729 [main] INFO  org.obiba.opal.core.install.DefaultPermissionsInstallStep - Applying default permission: opal:/:GROUP:opal-administrator => SYSTEM_ALL
2021-11-16 21:12:21,022 [main] INFO  org.obiba.runtime.upgrade.support.LoggingUpgradeManagerListener - Successfully executed Installation Step. Description: 'Apply default permissions'
2021-11-16 21:12:21,022 [main] INFO  org.obiba.runtime.upgrade.support.DefaultUpgradeManager - Setting version to : 4.2.8
2021-11-16 21:12:21,097 [main] INFO  org.springframework.context.support.ClassPathXmlApplicationContext - Closing org.springframework.context.support.ClassPathXmlApplicationContext@470f1802: startup date [Tue Nov 16 21:12:00 UTC 2021]; root of context hierarchy
2021-11-16 21:12:21,098 [main] INFO  org.obiba.opal.core.service.LocalOrientDbServerFactory - Stop OrientDB server (plocal:/srv/data/orientdb/opal-config)
2021-11-16 21:12:21,672 [main] INFO  org.objectweb.jotm - stop JOTM
2021-11-16 21:12:21,674 [main] INFO  org.obiba.opal.server.OpalServer - Upgrade successful.
2021-11-16 21:12:21,674 [main] INFO  org.obiba.opal.server.OpalServer - Starting Opal...
2021-11-16 21:12:21,747 [main] INFO  org.eclipse.jetty.util.log - Logging initialized @21944ms to org.eclipse.jetty.util.log.Slf4jLog
2021-11-16 21:12:21,850 [main] INFO  org.obiba.opal.server.httpd.OpalJettyServer - Creating a file handler for the following URL : file:///usr/share/opal//webapp
2021-11-16 21:12:21,968 [main] INFO  org.obiba.opal.server.httpd.OpalJettyServer - Creating a file handler for the following URL : file:///srv/extensions/webapp/
2021-11-16 21:12:22,156 [main] INFO  org.obiba.opal.server.httpd.OpalJettyServer - Starting Opal HTTP/s Server on ports 8080/8443
2021-11-16 21:12:22,177 [main] INFO  org.eclipse.jetty.server.Server - jetty-9.4.20.v20190813; built: 2019-08-13T21:28:18.144Z; git: 84700530e645e812b336747464d6fbbf370c9a20; jvm 1.8.0_302-b08
2021-11-16 21:12:22,290 [main] INFO  org.eclipse.jetty.server.session - DefaultSessionIdManager workerName=node0
2021-11-16 21:12:22,290 [main] INFO  org.eclipse.jetty.server.session - No SessionScavenger set, using defaults
2021-11-16 21:12:22,292 [main] INFO  org.eclipse.jetty.server.session - node0 Scavenging every 660000ms
2021-11-16 21:12:22,307 [main] WARN  org.eclipse.jetty.security.SecurityHandler - ServletContext@o.e.j.s.ServletContextHandler@5cc1bf20{/,null,STARTING} has uncovered http methods for path: /
2021-11-16 21:12:22,627 [main] INFO  org.eclipse.jetty.server.handler.ContextHandler.ROOT - Initializing Spring root WebApplicationContext
2021-11-16 21:12:22,627 [main] INFO  org.springframework.web.context.ContextLoader - Root WebApplicationContext: initialization started
2021-11-16 21:12:22,647 [main] INFO  org.springframework.web.context.support.XmlWebApplicationContext - Refreshing Root WebApplicationContext: startup date [Tue Nov 16 21:12:22 UTC 2021]; root of context hierarchy
2021-11-16 21:12:22,647 [main] INFO  org.springframework.beans.factory.xml.XmlBeanDefinitionReader - Loading XML bean definitions from class path resource [META-INF/spring/opal-server/context.xml]
2021-11-16 21:12:22,661 [main] INFO  org.springframework.beans.factory.xml.XmlBeanDefinitionReader - Loading XML bean definitions from class path resource [META-INF/spring/opal-server/config.xml]
2021-11-16 21:12:22,671 [main] INFO  org.springframework.beans.factory.xml.XmlBeanDefinitionReader - Loading XML bean definitions from class path resource [spring/opal-core/context.xml]
2021-11-16 21:12:23,837 [main] INFO  org.springframework.beans.factory.xml.XmlBeanDefinitionReader - Loading XML bean definitions from class path resource [spring/opal-core/tx.xml]
2021-11-16 21:12:23,850 [main] INFO  org.springframework.beans.factory.xml.XmlBeanDefinitionReader - Loading XML bean definitions from class path resource [spring/opal-core/version.xml]
2021-11-16 21:12:23,880 [main] INFO  org.springframework.beans.factory.xml.XmlBeanDefinitionReader - Loading XML bean definitions from class path resource [spring/opal-core/quartz.xml]
2021-11-16 21:12:23,913 [main] INFO  org.springframework.beans.factory.xml.XmlBeanDefinitionReader - Loading XML bean definitions from class path resource [spring/opal-core/email.xml]
2021-11-16 21:12:23,950 [main] INFO  org.springframework.beans.factory.xml.XmlBeanDefinitionReader - Loading XML bean definitions from URL [file:/srv/conf/custom-context.xml]
2021-11-16 21:12:24,966 [main] INFO  org.springframework.context.support.PostProcessorRegistrationDelegate$BeanPostProcessorChecker - Bean 'eventBusConfiguration' of type [org.obiba.opal.core.runtime.EventBusConfiguration$$EnhancerBySpringCGLIB$$be8ad248] is not eligible for getting processed by all BeanPostProcessors (for example: not eligible for auto-proxying)
2021-11-16 21:12:25,102 [main] INFO  org.springframework.context.support.PostProcessorRegistrationDelegate$BeanPostProcessorChecker - Bean 'eventBus' of type [com.google.common.eventbus.EventBus] is not eligible for getting processed by all BeanPostProcessors (for example: not eligible for auto-proxying)
2021-11-16 21:12:25,163 [main] INFO  org.springframework.transaction.jta.JtaTransactionManager - Using JTA UserTransaction: org.objectweb.jotm.Current@3adcc812
2021-11-16 21:12:25,163 [main] INFO  org.springframework.transaction.jta.JtaTransactionManager - Using JTA TransactionManager: org.objectweb.jotm.Current@3adcc812
2021-11-16 21:12:25,192 [main] INFO  org.obiba.opal.core.runtime.EventBusConfiguration$EventBusSubscriberPostProcessor - Register bean RResourceProvidersService (org.obiba.opal.r.resource.RResourceProvidersService) containing method onRPackageInstalled to EventBus
2021-11-16 21:12:25,227 [main] INFO  org.obiba.opal.core.runtime.EventBusConfiguration$EventBusSubscriberPostProcessor - Register bean opalRSessionManager (org.obiba.opal.r.service.OpalRSessionManager) containing method onRServiceStopped to EventBus
2021-11-16 21:12:25,255 [main] INFO  org.obiba.opal.core.service.LocalOrientDbServerFactory - Start OrientDB server (plocal:/srv/data/orientdb/opal-config)
2021-11-16 21:12:26,130 [main] INFO  org.obiba.opal.core.runtime.EventBusConfiguration$EventBusSubscriberPostProcessor - Register bean defaultDatabaseRegistry (com.sun.proxy.$Proxy36) containing method onDatasourceDeleted to EventBus
2021-11-16 21:12:26,141 [main] INFO  org.obiba.opal.core.runtime.EventBusConfiguration$EventBusSubscriberPostProcessor - Register bean RSQLService (org.obiba.opal.r.service.RSQLService) containing method onRServiceStarted to EventBus
2021-11-16 21:12:26,220 [main] INFO  org.apache.sshd.common.util.SecurityUtils - Trying to register BouncyCastle as a JCE provider
2021-11-16 21:12:26,261 [main] INFO  org.apache.sshd.common.util.SecurityUtils - Registration succeeded
2021-11-16 21:12:26,869 [main] INFO  org.obiba.opal.core.runtime.EventBusConfiguration$EventBusSubscriberPostProcessor - Register bean subjectAclServiceImpl (org.obiba.opal.core.service.security.SubjectAclServiceImpl) containing method onSubjectProfileDeleted to EventBus
2021-11-16 21:12:26,912 [main] INFO  org.obiba.opal.core.runtime.EventBusConfiguration$EventBusSubscriberPostProcessor - Register bean subjectProfileServiceImpl (org.obiba.opal.core.service.SubjectProfileServiceImpl) containing method onSubjectCredentialsDeleted to EventBus
2021-11-16 21:12:26,952 [main] INFO  org.springframework.cache.ehcache.EhCacheManagerFactoryBean - Initializing EhCache CacheManager 'opal'
2021-11-16 21:12:27,082 [main] INFO  org.obiba.opal.core.runtime.EventBusConfiguration$EventBusSubscriberPostProcessor - Register bean indexManagerConfigurationService (org.obiba.opal.search.IndexManagerConfigurationService) containing method onValueTableRenamed to EventBus
2021-11-16 21:12:27,090 [main] INFO  org.obiba.opal.core.runtime.EventBusConfiguration$EventBusSubscriberPostProcessor - Register bean opalSearchService (org.obiba.opal.search.service.OpalSearchService) containing method onValueTableRenamed to EventBus
2021-11-16 21:12:27,133 [main] INFO  org.obiba.plugins.PluginsManagerHelper - Plugin extract: opal-datasource-readxl-1.2.0/
2021-11-16 21:12:27,134 [main] INFO  org.obiba.plugins.PluginsManagerHelper - Plugin extract: opal-datasource-readxl-1.2.0/lib/
2021-11-16 21:12:27,134 [main] INFO  org.obiba.plugins.PluginsManagerHelper - Plugin extract: opal-datasource-readxl-1.2.0/import.json
2021-11-16 21:12:27,134 [main] INFO  org.obiba.plugins.PluginsManagerHelper - Plugin extract: opal-datasource-readxl-1.2.0/README.md
2021-11-16 21:12:27,134 [main] INFO  org.obiba.plugins.PluginsManagerHelper - Plugin extract: opal-datasource-readxl-1.2.0/plugin.properties
2021-11-16 21:12:27,134 [main] INFO  org.obiba.plugins.PluginsManagerHelper - Plugin extract: opal-datasource-readxl-1.2.0/site.properties
2021-11-16 21:12:27,134 [main] INFO  org.obiba.plugins.PluginsManagerHelper - Plugin extract: opal-datasource-readxl-1.2.0/lib/opal-datasource-readxl-1.2.0.jar
2021-11-16 21:12:27,134 [main] INFO  org.obiba.plugins.PluginsManagerHelper - Plugin extract: opal-datasource-readxl-1.2.0/export.json
2021-11-16 21:12:27,134 [main] INFO  org.obiba.plugins.PluginsManagerHelper - Plugin extract: opal-datasource-redcap-1.2.0/
2021-11-16 21:12:27,135 [main] INFO  org.obiba.plugins.PluginsManagerHelper - Plugin extract: opal-datasource-redcap-1.2.0/lib/
2021-11-16 21:12:27,135 [main] INFO  org.obiba.plugins.PluginsManagerHelper - Plugin extract: opal-datasource-redcap-1.2.0/import.json
2021-11-16 21:12:27,135 [main] INFO  org.obiba.plugins.PluginsManagerHelper - Plugin extract: opal-datasource-redcap-1.2.0/plugin.properties
2021-11-16 21:12:27,135 [main] INFO  org.obiba.plugins.PluginsManagerHelper - Plugin extract: opal-datasource-redcap-1.2.0/site.properties
2021-11-16 21:12:27,135 [main] INFO  org.obiba.plugins.PluginsManagerHelper - Plugin extract: opal-datasource-redcap-1.2.0/lib/jackson-dataformat-xml-2.8.11.jar
2021-11-16 21:12:27,136 [main] INFO  org.obiba.plugins.PluginsManagerHelper - Plugin extract: opal-datasource-redcap-1.2.0/lib/jackson-module-jaxb-annotations-2.8.11.jar
2021-11-16 21:12:27,136 [main] INFO  org.obiba.plugins.PluginsManagerHelper - Plugin extract: opal-datasource-redcap-1.2.0/lib/stax2-api-3.1.4.jar
2021-11-16 21:12:27,138 [main] INFO  org.obiba.plugins.PluginsManagerHelper - Plugin extract: opal-datasource-redcap-1.2.0/lib/opal-datasource-redcap-1.2.0.jar
2021-11-16 21:12:27,138 [main] INFO  org.obiba.plugins.PluginsManagerHelper - Plugin extract: opal-datasource-redcap-1.2.0/README.md
2021-11-16 21:12:27,138 [main] INFO  org.obiba.plugins.PluginsManagerHelper - Plugin extract: opal-datasource-spss-1.2.0/
2021-11-16 21:12:27,138 [main] INFO  org.obiba.plugins.PluginsManagerHelper - Plugin extract: opal-datasource-spss-1.2.0/lib/
2021-11-16 21:12:27,138 [main] INFO  org.obiba.plugins.PluginsManagerHelper - Plugin extract: opal-datasource-spss-1.2.0/import.json
2021-11-16 21:12:27,139 [main] INFO  org.obiba.plugins.PluginsManagerHelper - Plugin extract: opal-datasource-spss-1.2.0/plugin.properties
2021-11-16 21:12:27,139 [main] INFO  org.obiba.plugins.PluginsManagerHelper - Plugin extract: opal-datasource-spss-1.2.0/site.properties
2021-11-16 21:12:27,139 [main] INFO  org.obiba.plugins.PluginsManagerHelper - Plugin extract: opal-datasource-spss-1.2.0/lib/spssreader-1.2.2.jar
2021-11-16 21:12:27,140 [main] INFO  org.obiba.plugins.PluginsManagerHelper - Plugin extract: opal-datasource-spss-1.2.0/lib/opal-datasource-spss-1.2.0.jar
2021-11-16 21:12:27,141 [main] INFO  org.obiba.plugins.PluginsManagerHelper - Plugin extract: opal-datasource-spss-1.2.0/README.md
2021-11-16 21:12:27,142 [main] INFO  org.obiba.plugins.PluginsManagerHelper - Plugin extract: opal-datasource-readr-1.2.0/
2021-11-16 21:12:27,142 [main] INFO  org.obiba.plugins.PluginsManagerHelper - Plugin extract: opal-datasource-readr-1.2.0/lib/
2021-11-16 21:12:27,142 [main] INFO  org.obiba.plugins.PluginsManagerHelper - Plugin extract: opal-datasource-readr-1.2.0/import.json
2021-11-16 21:12:27,142 [main] INFO  org.obiba.plugins.PluginsManagerHelper - Plugin extract: opal-datasource-readr-1.2.0/README.md
2021-11-16 21:12:27,142 [main] INFO  org.obiba.plugins.PluginsManagerHelper - Plugin extract: opal-datasource-readr-1.2.0/plugin.properties
2021-11-16 21:12:27,142 [main] INFO  org.obiba.plugins.PluginsManagerHelper - Plugin extract: opal-datasource-readr-1.2.0/site.properties
2021-11-16 21:12:27,142 [main] INFO  org.obiba.plugins.PluginsManagerHelper - Plugin extract: opal-datasource-readr-1.2.0/lib/opal-datasource-readr-1.2.0.jar
2021-11-16 21:12:27,142 [main] INFO  org.obiba.plugins.PluginsManagerHelper - Plugin extract: opal-datasource-readr-1.2.0/export.json
2021-11-16 21:12:27,142 [main] INFO  org.obiba.plugins.PluginsManagerHelper - Plugin extract: opal-analysis-validate-1.1.0/
2021-11-16 21:12:27,143 [main] INFO  org.obiba.plugins.PluginsManagerHelper - Plugin extract: opal-analysis-validate-1.1.0/templates/
2021-11-16 21:12:27,143 [main] INFO  org.obiba.plugins.PluginsManagerHelper - Plugin extract: opal-analysis-validate-1.1.0/templates/validator/
2021-11-16 21:12:27,143 [main] INFO  org.obiba.plugins.PluginsManagerHelper - Plugin extract: opal-analysis-validate-1.1.0/templates/indicator/
2021-11-16 21:12:27,143 [main] INFO  org.obiba.plugins.PluginsManagerHelper - Plugin extract: opal-analysis-validate-1.1.0/templates/catValidator/
2021-11-16 21:12:27,143 [main] INFO  org.obiba.plugins.PluginsManagerHelper - Plugin extract: opal-analysis-validate-1.1.0/lib/
2021-11-16 21:12:27,143 [main] INFO  org.obiba.plugins.PluginsManagerHelper - Plugin extract: opal-analysis-validate-1.1.0/templates/validator/form.json
2021-11-16 21:12:27,143 [main] INFO  org.obiba.plugins.PluginsManagerHelper - Plugin extract: opal-analysis-validate-1.1.0/templates/validator/routine.R
2021-11-16 21:12:27,143 [main] INFO  org.obiba.plugins.PluginsManagerHelper - Plugin extract: opal-analysis-validate-1.1.0/templates/indicator/form.json
2021-11-16 21:12:27,143 [main] INFO  org.obiba.plugins.PluginsManagerHelper - Plugin extract: opal-analysis-validate-1.1.0/templates/indicator/report.Rmd
2021-11-16 21:12:27,143 [main] INFO  org.obiba.plugins.PluginsManagerHelper - Plugin extract: opal-analysis-validate-1.1.0/templates/indicator/routine.R
2021-11-16 21:12:27,143 [main] INFO  org.obiba.plugins.PluginsManagerHelper - Plugin extract: opal-analysis-validate-1.1.0/templates/catValidator/form.json
2021-11-16 21:12:27,143 [main] INFO  org.obiba.plugins.PluginsManagerHelper - Plugin extract: opal-analysis-validate-1.1.0/templates/catValidator/report.Rmd
2021-11-16 21:12:27,143 [main] INFO  org.obiba.plugins.PluginsManagerHelper - Plugin extract: opal-analysis-validate-1.1.0/templates/catValidator/routine.R
2021-11-16 21:12:27,144 [main] INFO  org.obiba.plugins.PluginsManagerHelper - Plugin extract: opal-analysis-validate-1.1.0/README.md
2021-11-16 21:12:27,144 [main] INFO  org.obiba.plugins.PluginsManagerHelper - Plugin extract: opal-analysis-validate-1.1.0/plugin.properties
2021-11-16 21:12:27,144 [main] INFO  org.obiba.plugins.PluginsManagerHelper - Plugin extract: opal-analysis-validate-1.1.0/site.properties
2021-11-16 21:12:27,144 [main] INFO  org.obiba.plugins.PluginsManagerHelper - Plugin extract: opal-analysis-validate-1.1.0/lib/opal-analysis-validate-1.1.0.jar
2021-11-16 21:12:27,144 [main] INFO  org.obiba.plugins.PluginsManagerHelper - Plugin extract: opal-analysis-validate-1.1.0/templates/validator/report.Rmd
2021-11-16 21:12:27,144 [main] INFO  org.obiba.plugins.PluginsManagerHelper - Plugin extract: opal-search-es-1.1.0/
2021-11-16 21:12:27,144 [main] INFO  org.obiba.plugins.PluginsManagerHelper - Plugin extract: opal-search-es-1.1.0/lib/
2021-11-16 21:12:27,144 [main] INFO  org.obiba.plugins.PluginsManagerHelper - Plugin extract: opal-search-es-1.1.0/elasticsearch.yml
2021-11-16 21:12:27,144 [main] INFO  org.obiba.plugins.PluginsManagerHelper - Plugin extract: opal-search-es-1.1.0/README.md
2021-11-16 21:12:27,144 [main] INFO  org.obiba.plugins.PluginsManagerHelper - Plugin extract: opal-search-es-1.1.0/plugin.properties
2021-11-16 21:12:27,144 [main] INFO  org.obiba.plugins.PluginsManagerHelper - Plugin extract: opal-search-es-1.1.0/site.properties
2021-11-16 21:12:27,144 [main] INFO  org.obiba.plugins.PluginsManagerHelper - Plugin extract: opal-search-es-1.1.0/lib/elasticsearch-2.4.5.jar
2021-11-16 21:12:27,213 [main] INFO  org.obiba.plugins.PluginsManagerHelper - Plugin extract: opal-search-es-1.1.0/lib/compress-lzf-1.0.2.jar
2021-11-16 21:12:27,214 [main] INFO  org.obiba.plugins.PluginsManagerHelper - Plugin extract: opal-search-es-1.1.0/lib/t-digest-3.0.jar
2021-11-16 21:12:27,214 [main] INFO  org.obiba.plugins.PluginsManagerHelper - Plugin extract: opal-search-es-1.1.0/lib/jsr166e-1.1.0.jar
2021-11-16 21:12:27,215 [main] INFO  org.obiba.plugins.PluginsManagerHelper - Plugin extract: opal-search-es-1.1.0/lib/opal-search-es-1.1.0.jar
2021-11-16 21:12:27,215 [main] INFO  org.obiba.plugins.PluginsManagerHelper - Plugin extract: opal-search-es-1.1.0/LICENSE.txt
2021-11-16 21:12:27,216 [main] INFO  org.obiba.plugins.PluginsManagerHelper - Plugin extract: opal-search-es-1.1.0/lib/lucene-core-5.5.4.jar
2021-11-16 21:12:27,232 [main] INFO  org.obiba.plugins.PluginsManagerHelper - Plugin extract: opal-search-es-1.1.0/lib/lucene-backward-codecs-5.5.4.jar
2021-11-16 21:12:27,236 [main] INFO  org.obiba.plugins.PluginsManagerHelper - Plugin extract: opal-search-es-1.1.0/lib/lucene-analyzers-common-5.5.4.jar
2021-11-16 21:12:27,247 [main] INFO  org.obiba.plugins.PluginsManagerHelper - Plugin extract: opal-search-es-1.1.0/lib/lucene-queries-5.5.4.jar
2021-11-16 21:12:27,250 [main] INFO  org.obiba.plugins.PluginsManagerHelper - Plugin extract: opal-search-es-1.1.0/lib/lucene-memory-5.5.4.jar
2021-11-16 21:12:27,251 [main] INFO  org.obiba.plugins.PluginsManagerHelper - Plugin extract: opal-search-es-1.1.0/lib/lucene-highlighter-5.5.4.jar
2021-11-16 21:12:27,253 [main] INFO  org.obiba.plugins.PluginsManagerHelper - Plugin extract: opal-search-es-1.1.0/lib/lucene-join-5.5.4.jar
2021-11-16 21:12:27,254 [main] INFO  org.obiba.plugins.PluginsManagerHelper - Plugin extract: opal-search-es-1.1.0/lib/lucene-queryparser-5.5.4.jar
2021-11-16 21:12:27,257 [main] INFO  org.obiba.plugins.PluginsManagerHelper - Plugin extract: opal-search-es-1.1.0/lib/lucene-sandbox-5.5.4.jar
2021-11-16 21:12:27,259 [main] INFO  org.obiba.plugins.PluginsManagerHelper - Plugin extract: opal-search-es-1.1.0/lib/lucene-suggest-5.5.4.jar
2021-11-16 21:12:27,260 [main] INFO  org.obiba.plugins.PluginsManagerHelper - Plugin extract: opal-search-es-1.1.0/lib/lucene-misc-5.5.4.jar
2021-11-16 21:12:27,262 [main] INFO  org.obiba.plugins.PluginsManagerHelper - Plugin extract: opal-search-es-1.1.0/lib/lucene-grouping-5.5.4.jar
2021-11-16 21:12:27,262 [main] INFO  org.obiba.plugins.PluginsManagerHelper - Plugin extract: opal-search-es-1.1.0/lib/lucene-spatial-5.5.4.jar
2021-11-16 21:12:27,265 [main] INFO  org.obiba.plugins.PluginsManagerHelper - Plugin extract: opal-search-es-1.1.0/lib/lucene-spatial3d-5.5.4.jar
2021-11-16 21:12:27,266 [main] INFO  org.obiba.plugins.PluginsManagerHelper - Plugin extract: opal-search-es-1.1.0/lib/securesm-1.0.jar
2021-11-16 21:12:27,266 [main] INFO  org.obiba.plugins.PluginsManagerHelper - Plugin extract: opal-search-es-1.1.0/lib/hppc-0.7.1.jar
2021-11-16 21:12:27,274 [main] INFO  org.obiba.plugins.PluginsManagerHelper - Plugin extract: opal-search-es-1.1.0/lib/jackson-dataformat-smile-2.8.1.jar
2021-11-16 21:12:27,275 [main] INFO  org.obiba.plugins.PluginsManagerHelper - Plugin extract: opal-search-es-1.1.0/lib/jackson-dataformat-yaml-2.8.1.jar
2021-11-16 21:12:27,275 [main] INFO  org.obiba.plugins.PluginsManagerHelper - Plugin extract: opal-search-es-1.1.0/lib/jackson-dataformat-cbor-2.8.1.jar
2021-11-16 21:12:27,275 [main] INFO  org.obiba.plugins.PluginsManagerHelper - Plugin extract: opal-search-es-1.1.0/lib/netty-3.10.6.Final.jar
2021-11-16 21:12:27,289 [main] INFO  org.obiba.plugins.PluginsManagerHelper - Plugin extract: opal-datasource-googlesheets4-1.1.0/
2021-11-16 21:12:27,290 [main] INFO  org.obiba.plugins.PluginsManagerHelper - Plugin extract: opal-datasource-googlesheets4-1.1.0/lib/
2021-11-16 21:12:27,290 [main] INFO  org.obiba.plugins.PluginsManagerHelper - Plugin extract: opal-datasource-googlesheets4-1.1.0/import.json
2021-11-16 21:12:27,290 [main] INFO  org.obiba.plugins.PluginsManagerHelper - Plugin extract: opal-datasource-googlesheets4-1.1.0/plugin.properties
2021-11-16 21:12:27,290 [main] INFO  org.obiba.plugins.PluginsManagerHelper - Plugin extract: opal-datasource-googlesheets4-1.1.0/site.properties
2021-11-16 21:12:27,290 [main] INFO  org.obiba.plugins.PluginsManagerHelper - Plugin extract: opal-datasource-googlesheets4-1.1.0/lib/opal-datasource-googlesheets4-1.1.0.jar
2021-11-16 21:12:27,290 [main] INFO  org.obiba.plugins.PluginsManagerHelper - Plugin extract: opal-datasource-googlesheets4-1.1.0/README.md
2021-11-16 21:12:27,291 [main] INFO  org.obiba.plugins.PluginsManagerHelper - Plugin extract: jennite-vcf-store-1.0.2/
2021-11-16 21:12:27,291 [main] INFO  org.obiba.plugins.PluginsManagerHelper - Plugin extract: jennite-vcf-store-1.0.2/lib/
2021-11-16 21:12:27,291 [main] INFO  org.obiba.plugins.PluginsManagerHelper - Plugin extract: jennite-vcf-store-1.0.2/LICENSE.txt
2021-11-16 21:12:27,292 [main] INFO  org.obiba.plugins.PluginsManagerHelper - Plugin extract: jennite-vcf-store-1.0.2/README.md
2021-11-16 21:12:27,292 [main] INFO  org.obiba.plugins.PluginsManagerHelper - Plugin extract: jennite-vcf-store-1.0.2/plugin.properties
2021-11-16 21:12:27,292 [main] INFO  org.obiba.plugins.PluginsManagerHelper - Plugin extract: jennite-vcf-store-1.0.2/site.properties
2021-11-16 21:12:27,292 [main] INFO  org.obiba.plugins.PluginsManagerHelper - Plugin extract: jennite-vcf-store-1.0.2/lib/jennite-vcf-store-1.0.2.jar
2021-11-16 21:12:27,293 [main] INFO  org.obiba.plugins.PluginsManagerHelper - Plugin extract: opal-datasource-limesurvey-1.2.0/
2021-11-16 21:12:27,293 [main] INFO  org.obiba.plugins.PluginsManagerHelper - Plugin extract: opal-datasource-limesurvey-1.2.0/lib/
2021-11-16 21:12:27,293 [main] INFO  org.obiba.plugins.PluginsManagerHelper - Plugin extract: opal-datasource-limesurvey-1.2.0/import.json
2021-11-16 21:12:27,293 [main] INFO  org.obiba.plugins.PluginsManagerHelper - Plugin extract: opal-datasource-limesurvey-1.2.0/plugin.properties
2021-11-16 21:12:27,294 [main] INFO  org.obiba.plugins.PluginsManagerHelper - Plugin extract: opal-datasource-limesurvey-1.2.0/site.properties
2021-11-16 21:12:27,294 [main] INFO  org.obiba.plugins.PluginsManagerHelper - Plugin extract: opal-datasource-limesurvey-1.2.0/lib/opal-datasource-limesurvey-1.2.0.jar
2021-11-16 21:12:27,294 [main] INFO  org.obiba.plugins.PluginsManagerHelper - Plugin extract: opal-datasource-limesurvey-1.2.0/README.md
2021-11-16 21:12:27,312 [main] INFO  org.obiba.plugins.PluginResources - Adding library file to classpath: /srv/plugins/opal-datasource-limesurvey-1.2.0/lib/opal-datasource-limesurvey-1.2.0.jar
2021-11-16 21:12:27,451 [main] INFO  org.obiba.plugins.PluginResources - Adding library file to classpath: /srv/plugins/opal-datasource-redcap-1.2.0/lib/jackson-module-jaxb-annotations-2.8.11.jar
2021-11-16 21:12:27,452 [main] INFO  org.obiba.plugins.PluginResources - Adding library file to classpath: /srv/plugins/opal-datasource-redcap-1.2.0/lib/stax2-api-3.1.4.jar
2021-11-16 21:12:27,452 [main] INFO  org.obiba.plugins.PluginResources - Adding library file to classpath: /srv/plugins/opal-datasource-redcap-1.2.0/lib/opal-datasource-redcap-1.2.0.jar
2021-11-16 21:12:27,452 [main] INFO  org.obiba.plugins.PluginResources - Adding library file to classpath: /srv/plugins/opal-datasource-redcap-1.2.0/lib/jackson-dataformat-xml-2.8.11.jar
2021-11-16 21:12:27,551 [main] INFO  org.obiba.plugins.PluginResources - Adding library file to classpath: /srv/plugins/jennite-vcf-store-1.0.2/lib/jennite-vcf-store-1.0.2.jar
2021-11-16 21:12:27,839 [main] INFO  org.obiba.plugins.PluginResources - Adding library file to classpath: /srv/plugins/opal-analysis-validate-1.1.0/lib/opal-analysis-validate-1.1.0.jar
2021-11-16 21:12:27,899 [main] INFO  org.obiba.plugins.PluginResources - Adding library file to classpath: /srv/plugins/opal-datasource-readxl-1.2.0/lib/opal-datasource-readxl-1.2.0.jar
2021-11-16 21:12:27,969 [main] INFO  org.obiba.plugins.PluginResources - Adding library file to classpath: /srv/plugins/opal-datasource-googlesheets4-1.1.0/lib/opal-datasource-googlesheets4-1.1.0.jar
2021-11-16 21:12:28,079 [main] INFO  org.obiba.plugins.PluginResources - Adding library file to classpath: /srv/plugins/opal-datasource-readr-1.2.0/lib/opal-datasource-readr-1.2.0.jar
2021-11-16 21:12:28,187 [main] INFO  org.obiba.plugins.PluginResources - Adding library file to classpath: /srv/plugins/opal-search-es-1.1.0/lib/netty-3.10.6.Final.jar
2021-11-16 21:12:28,187 [main] INFO  org.obiba.plugins.PluginResources - Adding library file to classpath: /srv/plugins/opal-search-es-1.1.0/lib/lucene-sandbox-5.5.4.jar
2021-11-16 21:12:28,187 [main] INFO  org.obiba.plugins.PluginResources - Adding library file to classpath: /srv/plugins/opal-search-es-1.1.0/lib/elasticsearch-2.4.5.jar
2021-11-16 21:12:28,187 [main] INFO  org.obiba.plugins.PluginResources - Adding library file to classpath: /srv/plugins/opal-search-es-1.1.0/lib/lucene-misc-5.5.4.jar
2021-11-16 21:12:28,187 [main] INFO  org.obiba.plugins.PluginResources - Adding library file to classpath: /srv/plugins/opal-search-es-1.1.0/lib/jackson-dataformat-yaml-2.8.1.jar
2021-11-16 21:12:28,187 [main] INFO  org.obiba.plugins.PluginResources - Adding library file to classpath: /srv/plugins/opal-search-es-1.1.0/lib/lucene-highlighter-5.5.4.jar
2021-11-16 21:12:28,187 [main] INFO  org.obiba.plugins.PluginResources - Adding library file to classpath: /srv/plugins/opal-search-es-1.1.0/lib/jackson-dataformat-cbor-2.8.1.jar
2021-11-16 21:12:28,187 [main] INFO  org.obiba.plugins.PluginResources - Adding library file to classpath: /srv/plugins/opal-search-es-1.1.0/lib/lucene-suggest-5.5.4.jar
2021-11-16 21:12:28,188 [main] INFO  org.obiba.plugins.PluginResources - Adding library file to classpath: /srv/plugins/opal-search-es-1.1.0/lib/lucene-analyzers-common-5.5.4.jar
2021-11-16 21:12:28,188 [main] INFO  org.obiba.plugins.PluginResources - Adding library file to classpath: /srv/plugins/opal-search-es-1.1.0/lib/compress-lzf-1.0.2.jar
2021-11-16 21:12:28,188 [main] INFO  org.obiba.plugins.PluginResources - Adding library file to classpath: /srv/plugins/opal-search-es-1.1.0/lib/jackson-dataformat-smile-2.8.1.jar
2021-11-16 21:12:28,188 [main] INFO  org.obiba.plugins.PluginResources - Adding library file to classpath: /srv/plugins/opal-search-es-1.1.0/lib/lucene-spatial-5.5.4.jar
2021-11-16 21:12:28,188 [main] INFO  org.obiba.plugins.PluginResources - Adding library file to classpath: /srv/plugins/opal-search-es-1.1.0/lib/lucene-join-5.5.4.jar
2021-11-16 21:12:28,188 [main] INFO  org.obiba.plugins.PluginResources - Adding library file to classpath: /srv/plugins/opal-search-es-1.1.0/lib/hppc-0.7.1.jar
2021-11-16 21:12:28,188 [main] INFO  org.obiba.plugins.PluginResources - Adding library file to classpath: /srv/plugins/opal-search-es-1.1.0/lib/lucene-backward-codecs-5.5.4.jar
2021-11-16 21:12:28,188 [main] INFO  org.obiba.plugins.PluginResources - Adding library file to classpath: /srv/plugins/opal-search-es-1.1.0/lib/opal-search-es-1.1.0.jar
2021-11-16 21:12:28,188 [main] INFO  org.obiba.plugins.PluginResources - Adding library file to classpath: /srv/plugins/opal-search-es-1.1.0/lib/lucene-spatial3d-5.5.4.jar
2021-11-16 21:12:28,188 [main] INFO  org.obiba.plugins.PluginResources - Adding library file to classpath: /srv/plugins/opal-search-es-1.1.0/lib/t-digest-3.0.jar
2021-11-16 21:12:28,188 [main] INFO  org.obiba.plugins.PluginResources - Adding library file to classpath: /srv/plugins/opal-search-es-1.1.0/lib/lucene-grouping-5.5.4.jar
2021-11-16 21:12:28,188 [main] INFO  org.obiba.plugins.PluginResources - Adding library file to classpath: /srv/plugins/opal-search-es-1.1.0/lib/securesm-1.0.jar
2021-11-16 21:12:28,188 [main] INFO  org.obiba.plugins.PluginResources - Adding library file to classpath: /srv/plugins/opal-search-es-1.1.0/lib/lucene-core-5.5.4.jar
2021-11-16 21:12:28,188 [main] INFO  org.obiba.plugins.PluginResources - Adding library file to classpath: /srv/plugins/opal-search-es-1.1.0/lib/jsr166e-1.1.0.jar
2021-11-16 21:12:28,188 [main] INFO  org.obiba.plugins.PluginResources - Adding library file to classpath: /srv/plugins/opal-search-es-1.1.0/lib/lucene-queryparser-5.5.4.jar
2021-11-16 21:12:28,188 [main] INFO  org.obiba.plugins.PluginResources - Adding library file to classpath: /srv/plugins/opal-search-es-1.1.0/lib/lucene-queries-5.5.4.jar
2021-11-16 21:12:28,188 [main] INFO  org.obiba.plugins.PluginResources - Adding library file to classpath: /srv/plugins/opal-search-es-1.1.0/lib/lucene-memory-5.5.4.jar
2021-11-16 21:12:28,255 [main] INFO  org.obiba.plugins.PluginResources - Adding library file to classpath: /srv/plugins/opal-datasource-spss-1.2.0/lib/spssreader-1.2.2.jar
2021-11-16 21:12:28,255 [main] INFO  org.obiba.plugins.PluginResources - Adding library file to classpath: /srv/plugins/opal-datasource-spss-1.2.0/lib/opal-datasource-spss-1.2.0.jar
2021-11-16 21:12:28,317 [main] INFO  org.obiba.opal.fs.OpalFileSystem - Setting up Opal filesystem rooted at 'file:///srv/fs'
2021-11-16 21:12:28,334 [main] INFO  org.apache.commons.vfs2.impl.StandardFileSystemManager - Using "/tmp/vfs_cache" as temporary files store.
2021-11-16 21:12:28,384 [main] INFO  org.obiba.opal.fs.OpalFileSystem - Opal File System does not exist. Trying to create it.
2021-11-16 21:12:28,478 [main] WARN  org.obiba.opal.core.runtime.OpalRuntime - Error starting service class org.obiba.opal.r.service.RServerManagerService
java.lang.NullPointerException: null
	at org.obiba.opal.r.service.RServerManagerService.start(RServerManagerService.java:224)
	at org.obiba.opal.core.runtime.DefaultOpalRuntime.initServices(DefaultOpalRuntime.java:268)
	at org.obiba.opal.core.runtime.DefaultOpalRuntime.start(DefaultOpalRuntime.java:85)
	at sun.reflect.NativeMethodAccessorImpl.invoke0(Native Method)
	at sun.reflect.NativeMethodAccessorImpl.invoke(NativeMethodAccessorImpl.java:62)
	at sun.reflect.DelegatingMethodAccessorImpl.invoke(DelegatingMethodAccessorImpl.java:43)
	at java.lang.reflect.Method.invoke(Method.java:498)
	at org.springframework.beans.factory.annotation.InitDestroyAnnotationBeanPostProcessor$LifecycleElement.invoke(InitDestroyAnnotationBeanPostProcessor.java:366)
	at org.springframework.beans.factory.annotation.InitDestroyAnnotationBeanPostProcessor$LifecycleMetadata.invokeInitMethods(InitDestroyAnnotationBeanPostProcessor.java:311)
	at org.springframework.beans.factory.annotation.InitDestroyAnnotationBeanPostProcessor.postProcessBeforeInitialization(InitDestroyAnnotationBeanPostProcessor.java:134)
	at org.springframework.beans.factory.support.AbstractAutowireCapableBeanFactory.applyBeanPostProcessorsBeforeInitialization(AbstractAutowireCapableBeanFactory.java:407)
	at org.springframework.beans.factory.support.AbstractAutowireCapableBeanFactory.initializeBean(AbstractAutowireCapableBeanFactory.java:1611)
	at org.springframework.beans.factory.support.AbstractAutowireCapableBeanFactory.doCreateBean(AbstractAutowireCapableBeanFactory.java:553)
	at org.springframework.beans.factory.support.AbstractAutowireCapableBeanFactory.createBean(AbstractAutowireCapableBeanFactory.java:481)
	at org.springframework.beans.factory.support.AbstractBeanFactory$1.getObject(AbstractBeanFactory.java:312)
	at org.springframework.beans.factory.support.DefaultSingletonBeanRegistry.getSingleton(DefaultSingletonBeanRegistry.java:230)
	at org.springframework.beans.factory.support.AbstractBeanFactory.doGetBean(AbstractBeanFactory.java:308)
	at org.springframework.beans.factory.support.AbstractBeanFactory.getBean(AbstractBeanFactory.java:202)
	at org.springframework.beans.factory.config.DependencyDescriptor.resolveCandidate(DependencyDescriptor.java:211)
	at org.springframework.beans.factory.support.DefaultListableBeanFactory.doResolveDependency(DefaultListableBeanFactory.java:1134)
	at org.springframework.beans.factory.support.DefaultListableBeanFactory.resolveDependency(DefaultListableBeanFactory.java:1062)
	at org.springframework.beans.factory.annotation.AutowiredAnnotationBeanPostProcessor$AutowiredFieldElement.inject(AutowiredAnnotationBeanPostProcessor.java:585)
	at org.springframework.beans.factory.annotation.InjectionMetadata.inject(InjectionMetadata.java:87)
	at org.springframework.beans.factory.annotation.AutowiredAnnotationBeanPostProcessor.postProcessPropertyValues(AutowiredAnnotationBeanPostProcessor.java:366)
	at org.springframework.beans.factory.support.AbstractAutowireCapableBeanFactory.populateBean(AbstractAutowireCapableBeanFactory.java:1257)
	at org.springframework.beans.factory.support.AbstractAutowireCapableBeanFactory.doCreateBean(AbstractAutowireCapableBeanFactory.java:551)
	at org.springframework.beans.factory.support.AbstractAutowireCapableBeanFactory.createBean(AbstractAutowireCapableBeanFactory.java:481)
	at org.springframework.beans.factory.support.AbstractBeanFactory$1.getObject(AbstractBeanFactory.java:312)
	at org.springframework.beans.factory.support.DefaultSingletonBeanRegistry.getSingleton(DefaultSingletonBeanRegistry.java:230)
	at org.springframework.beans.factory.support.AbstractBeanFactory.doGetBean(AbstractBeanFactory.java:308)
	at org.springframework.beans.factory.support.AbstractBeanFactory.getBean(AbstractBeanFactory.java:202)
	at org.springframework.beans.factory.config.DependencyDescriptor.resolveCandidate(DependencyDescriptor.java:211)
	at org.springframework.beans.factory.support.DefaultListableBeanFactory.doResolveDependency(DefaultListableBeanFactory.java:1134)
	at org.springframework.beans.factory.support.DefaultListableBeanFactory.resolveDependency(DefaultListableBeanFactory.java:1062)
	at org.springframework.beans.factory.annotation.AutowiredAnnotationBeanPostProcessor$AutowiredFieldElement.inject(AutowiredAnnotationBeanPostProcessor.java:585)
	at org.springframework.beans.factory.annotation.InjectionMetadata.inject(InjectionMetadata.java:87)
	at org.springframework.beans.factory.annotation.AutowiredAnnotationBeanPostProcessor.postProcessPropertyValues(AutowiredAnnotationBeanPostProcessor.java:366)
	at org.springframework.beans.factory.support.AbstractAutowireCapableBeanFactory.populateBean(AbstractAutowireCapableBeanFactory.java:1257)
	at org.springframework.beans.factory.support.AbstractAutowireCapableBeanFactory.doCreateBean(AbstractAutowireCapableBeanFactory.java:551)
	at org.springframework.beans.factory.support.AbstractAutowireCapableBeanFactory.createBean(AbstractAutowireCapableBeanFactory.java:481)
	at org.springframework.beans.factory.support.AbstractBeanFactory$1.getObject(AbstractBeanFactory.java:312)
	at org.springframework.beans.factory.support.DefaultSingletonBeanRegistry.getSingleton(DefaultSingletonBeanRegistry.java:230)
	at org.springframework.beans.factory.support.AbstractBeanFactory.doGetBean(AbstractBeanFactory.java:308)
	at org.springframework.beans.factory.support.AbstractBeanFactory.getBean(AbstractBeanFactory.java:202)
	at org.springframework.beans.factory.config.DependencyDescriptor.resolveCandidate(DependencyDescriptor.java:211)
	at org.springframework.beans.factory.support.DefaultListableBeanFactory.doResolveDependency(DefaultListableBeanFactory.java:1134)
	at org.springframework.beans.factory.support.DefaultListableBeanFactory.resolveDependency(DefaultListableBeanFactory.java:1062)
	at org.springframework.beans.factory.support.ConstructorResolver.resolveAutowiredArgument(ConstructorResolver.java:835)
	at org.springframework.beans.factory.support.ConstructorResolver.createArgumentArray(ConstructorResolver.java:741)
	at org.springframework.beans.factory.support.ConstructorResolver.autowireConstructor(ConstructorResolver.java:189)
	at org.springframework.beans.factory.support.AbstractAutowireCapableBeanFactory.autowireConstructor(AbstractAutowireCapableBeanFactory.java:1196)
	at org.springframework.beans.factory.support.AbstractAutowireCapableBeanFactory.createBeanInstance(AbstractAutowireCapableBeanFactory.java:1098)
	at org.springframework.beans.factory.support.AbstractAutowireCapableBeanFactory.doCreateBean(AbstractAutowireCapableBeanFactory.java:511)
	at org.springframework.beans.factory.support.AbstractAutowireCapableBeanFactory.createBean(AbstractAutowireCapableBeanFactory.java:481)
	at org.springframework.beans.factory.support.AbstractBeanFactory$1.getObject(AbstractBeanFactory.java:312)
	at org.springframework.beans.factory.support.DefaultSingletonBeanRegistry.getSingleton(DefaultSingletonBeanRegistry.java:230)
	at org.springframework.beans.factory.support.AbstractBeanFactory.doGetBean(AbstractBeanFactory.java:308)
	at org.springframework.beans.factory.support.AbstractBeanFactory.getBean(AbstractBeanFactory.java:202)
	at org.springframework.beans.factory.config.DependencyDescriptor.resolveCandidate(DependencyDescriptor.java:211)
	at org.springframework.beans.factory.support.DefaultListableBeanFactory.doResolveDependency(DefaultListableBeanFactory.java:1134)
	at org.springframework.beans.factory.support.DefaultListableBeanFactory.resolveDependency(DefaultListableBeanFactory.java:1062)
	at org.springframework.beans.factory.annotation.AutowiredAnnotationBeanPostProcessor$AutowiredFieldElement.inject(AutowiredAnnotationBeanPostProcessor.java:585)
	at org.springframework.beans.factory.annotation.InjectionMetadata.inject(InjectionMetadata.java:87)
	at org.springframework.beans.factory.annotation.AutowiredAnnotationBeanPostProcessor.postProcessPropertyValues(AutowiredAnnotationBeanPostProcessor.java:366)
	at org.springframework.beans.factory.support.AbstractAutowireCapableBeanFactory.populateBean(AbstractAutowireCapableBeanFactory.java:1257)
	at org.springframework.beans.factory.support.AbstractAutowireCapableBeanFactory.doCreateBean(AbstractAutowireCapableBeanFactory.java:551)
	at org.springframework.beans.factory.support.AbstractAutowireCapableBeanFactory.createBean(AbstractAutowireCapableBeanFactory.java:481)
	at org.springframework.beans.factory.support.AbstractBeanFactory$1.getObject(AbstractBeanFactory.java:312)
	at org.springframework.beans.factory.support.DefaultSingletonBeanRegistry.getSingleton(DefaultSingletonBeanRegistry.java:230)
	at org.springframework.beans.factory.support.AbstractBeanFactory.doGetBean(AbstractBeanFactory.java:308)
	at org.springframework.beans.factory.support.AbstractBeanFactory.getBean(AbstractBeanFactory.java:197)
	at org.springframework.beans.factory.support.DefaultListableBeanFactory.preInstantiateSingletons(DefaultListableBeanFactory.java:756)
	at org.springframework.context.support.AbstractApplicationContext.finishBeanFactoryInitialization(AbstractApplicationContext.java:867)
	at org.springframework.context.support.AbstractApplicationContext.refresh(AbstractApplicationContext.java:542)
	at org.springframework.web.context.ContextLoader.configureAndRefreshWebApplicationContext(ContextLoader.java:443)
	at org.springframework.web.context.ContextLoader.initWebApplicationContext(ContextLoader.java:325)
	at org.springframework.web.context.ContextLoaderListener.contextInitialized(ContextLoaderListener.java:107)
	at org.eclipse.jetty.server.handler.ContextHandler.callContextInitialized(ContextHandler.java:921)
	at org.eclipse.jetty.servlet.ServletContextHandler.callContextInitialized(ServletContextHandler.java:554)
	at org.eclipse.jetty.server.handler.ContextHandler.startContext(ContextHandler.java:888)
	at org.eclipse.jetty.servlet.ServletContextHandler.startContext(ServletContextHandler.java:357)
	at org.eclipse.jetty.server.handler.ContextHandler.doStart(ContextHandler.java:821)
	at org.eclipse.jetty.servlet.ServletContextHandler.doStart(ServletContextHandler.java:276)
	at org.eclipse.jetty.util.component.AbstractLifeCycle.start(AbstractLifeCycle.java:72)
	at org.eclipse.jetty.util.component.ContainerLifeCycle.start(ContainerLifeCycle.java:169)
	at org.eclipse.jetty.util.component.ContainerLifeCycle.doStart(ContainerLifeCycle.java:110)
	at org.eclipse.jetty.server.handler.AbstractHandler.doStart(AbstractHandler.java:106)
	at org.eclipse.jetty.server.handler.gzip.GzipHandler.doStart(GzipHandler.java:425)
	at org.eclipse.jetty.util.component.AbstractLifeCycle.start(AbstractLifeCycle.java:72)
	at org.eclipse.jetty.util.component.ContainerLifeCycle.start(ContainerLifeCycle.java:169)
	at org.eclipse.jetty.util.component.ContainerLifeCycle.doStart(ContainerLifeCycle.java:117)
	at org.eclipse.jetty.server.handler.AbstractHandler.doStart(AbstractHandler.java:106)
	at org.eclipse.jetty.util.component.AbstractLifeCycle.start(AbstractLifeCycle.java:72)
	at org.eclipse.jetty.util.component.ContainerLifeCycle.start(ContainerLifeCycle.java:169)
	at org.eclipse.jetty.server.Server.start(Server.java:407)
	at org.eclipse.jetty.util.component.ContainerLifeCycle.doStart(ContainerLifeCycle.java:110)
	at org.eclipse.jetty.server.handler.AbstractHandler.doStart(AbstractHandler.java:106)
	at org.eclipse.jetty.server.Server.doStart(Server.java:371)
	at org.eclipse.jetty.util.component.AbstractLifeCycle.start(AbstractLifeCycle.java:72)
	at org.obiba.opal.server.httpd.OpalJettyServer.start(OpalJettyServer.java:85)
	at org.obiba.opal.server.OpalServer.start(OpalServer.java:76)
	at org.obiba.opal.server.OpalServer.<init>(OpalServer.java:33)
	at org.obiba.opal.server.OpalServer.main(OpalServer.java:117)
2021-11-16 21:12:28,479 [main] INFO  org.obiba.opal.server.sshd.OpalSshServer - Starting Opal SSH Server on port 8022
2021-11-16 21:12:28,834 [main] INFO  org.elasticsearch.node - [Miguel Espinosa] version[2.4.5], pid[53], build[c849dd1/2017-04-24T16:18:17Z]
2021-11-16 21:12:28,834 [main] INFO  org.elasticsearch.node - [Miguel Espinosa] initializing ...
2021-11-16 21:12:28,839 [main] INFO  org.elasticsearch.plugins - [Miguel Espinosa] modules [], plugins [], sites []
2021-11-16 21:12:28,870 [main] INFO  org.elasticsearch.env - [Miguel Espinosa] using [1] data paths, mounts [[/srv (/dev/sdd)]], net usable_space [232.7gb], net total_space [250.9gb], spins? [possibly], types [ext4]
2021-11-16 21:12:28,870 [main] INFO  org.elasticsearch.env - [Miguel Espinosa] heap size [2gb], compressed ordinary object pointers [true]
2021-11-16 21:12:30,940 [main] INFO  org.elasticsearch.node - [Miguel Espinosa] initialized
2021-11-16 21:12:30,940 [main] INFO  org.elasticsearch.node - [Miguel Espinosa] starting ...
2021-11-16 21:12:31,064 [main] INFO  org.elasticsearch.transport - [Miguel Espinosa] publish_address {127.0.0.1:9300}, bound_addresses {127.0.0.1:9300}
2021-11-16 21:12:31,069 [main] INFO  org.elasticsearch.discovery - [Miguel Espinosa] opal/X-wD-nBVRuuFqmXdIwmP2w
2021-11-16 21:12:34,152 [elasticsearch[Miguel Espinosa][clusterService#updateTask][T#1]] INFO  org.elasticsearch.cluster.service - [Miguel Espinosa] new_master {Miguel Espinosa}{X-wD-nBVRuuFqmXdIwmP2w}{127.0.0.1}{127.0.0.1:9300}, reason: zen-disco-join(elected_as_master, [0] joins received)
2021-11-16 21:12:34,160 [main] INFO  org.elasticsearch.node - [Miguel Espinosa] started
2021-11-16 21:12:34,165 [main] INFO  org.obiba.opal.core.runtime.EventBusConfiguration$EventBusSubscriberPostProcessor - Register bean RServerManagerService (org.obiba.opal.r.service.RServerManagerService) containing method onAppUnregistered to EventBus
2021-11-16 21:12:34,259 [elasticsearch[Miguel Espinosa][clusterService#updateTask][T#1]] INFO  org.elasticsearch.gateway - [Miguel Espinosa] recovered [0] indices into cluster_state
2021-11-16 21:12:34,537 [main] INFO  org.obiba.opal.datashield.cfg.DataShieldProfileService - Upgrading DataSHIELD configuration...
2021-11-16 21:12:34,762 [main] INFO  org.obiba.opal.core.runtime.EventBusConfiguration$EventBusSubscriberPostProcessor - Register bean spatialRealm (org.obiba.opal.core.service.security.realm.SpatialRealm) containing method onSubjectAclChangedEvent to EventBus
2021-11-16 21:12:34,801 [main] WARN  org.apache.shiro.realm.text.IniRealm - Users or Roles are already populated.  Configured Ini instance will be ignored.
2021-11-16 21:12:34,801 [main] WARN  org.apache.shiro.realm.text.IniRealm - Users or Roles are already populated.  resourcePath 'classpath:shiro.ini' will be ignored.
2021-11-16 21:12:35,752 [main] INFO  org.obiba.opal.core.runtime.EventBusConfiguration$EventBusSubscriberPostProcessor - Register bean subjectTokenServiceImpl (org.obiba.opal.core.service.SubjectTokenServiceImpl) containing method onSubjectProfileDeleted to EventBus
2021-11-16 21:12:35,841 [main] INFO  org.apache.shiro.cache.ehcache.EhCacheManager - Cache with name 'org.obiba.shiro.realm.SudoRealm.authorizationCache' does not yet exist.  Creating now.
2021-11-16 21:12:35,852 [main] INFO  org.apache.shiro.cache.ehcache.EhCacheManager - Added EhCache named [org.obiba.shiro.realm.SudoRealm.authorizationCache]
2021-11-16 21:12:35,855 [main] INFO  org.apache.shiro.cache.ehcache.EhCacheManager - Cache with name 'org.obiba.shiro.realm.HttpHeaderAuthenticatingRealm.authorizationCache.1' does not yet exist.  Creating now.
2021-11-16 21:12:35,857 [main] INFO  org.apache.shiro.cache.ehcache.EhCacheManager - Added EhCache named [org.obiba.shiro.realm.HttpHeaderAuthenticatingRealm.authorizationCache.1]
2021-11-16 21:12:35,857 [main] INFO  org.apache.shiro.cache.ehcache.EhCacheManager - Cache with name 'org.obiba.shiro.realm.CookieAuthenticatingRealm.authorizationCache.2' does not yet exist.  Creating now.
2021-11-16 21:12:35,861 [main] INFO  org.apache.shiro.cache.ehcache.EhCacheManager - Added EhCache named [org.obiba.shiro.realm.CookieAuthenticatingRealm.authorizationCache.2]
2021-11-16 21:12:35,862 [main] INFO  org.apache.shiro.cache.ehcache.EhCacheManager - Cache with name 'org.obiba.opal.core.service.security.realm.OpalApplicationRealm.authorizationCache.5' does not yet exist.  Creating now.
2021-11-16 21:12:35,865 [main] INFO  org.apache.shiro.cache.ehcache.EhCacheManager - Added EhCache named [org.obiba.opal.core.service.security.realm.OpalApplicationRealm.authorizationCache.5]
2021-11-16 21:12:35,865 [main] INFO  org.apache.shiro.cache.ehcache.EhCacheManager - Cache with name 'org.obiba.opal.core.service.security.realm.BackgroundJobRealm.authorizationCache.6' does not yet exist.  Creating now.
2021-11-16 21:12:35,867 [main] INFO  org.apache.shiro.cache.ehcache.EhCacheManager - Added EhCache named [org.obiba.opal.core.service.security.realm.BackgroundJobRealm.authorizationCache.6]
2021-11-16 21:12:35,867 [main] INFO  org.apache.shiro.cache.ehcache.EhCacheManager - Cache with name 'org.obiba.opal.core.service.security.realm.SpatialRealm.authorizationCache.3' does not yet exist.  Creating now.
2021-11-16 21:12:35,869 [main] INFO  org.apache.shiro.cache.ehcache.EhCacheManager - Added EhCache named [org.obiba.opal.core.service.security.realm.SpatialRealm.authorizationCache.3]
2021-11-16 21:12:35,870 [main] INFO  org.apache.shiro.cache.ehcache.EhCacheManager - Cache with name 'org.obiba.opal.core.service.security.realm.SpatialRealm.authorizationCache.3_role' does not yet exist.  Creating now.
2021-11-16 21:12:35,874 [main] INFO  org.apache.shiro.cache.ehcache.EhCacheManager - Added EhCache named [org.obiba.opal.core.service.security.realm.SpatialRealm.authorizationCache.3_role]
2021-11-16 21:12:35,875 [main] INFO  org.apache.shiro.cache.ehcache.EhCacheManager - Cache with name 'org.obiba.opal.core.service.security.realm.OpalTokenRealm.authorizationCache.7' does not yet exist.  Creating now.
2021-11-16 21:12:35,881 [main] INFO  org.apache.shiro.cache.ehcache.EhCacheManager - Added EhCache named [org.obiba.opal.core.service.security.realm.OpalTokenRealm.authorizationCache.7]
2021-11-16 21:12:35,881 [main] INFO  org.apache.shiro.cache.ehcache.EhCacheManager - Cache with name 'org.obiba.shiro.realm.ObibaRealm.authorizationCache.9' does not yet exist.  Creating now.
2021-11-16 21:12:35,885 [main] INFO  org.apache.shiro.cache.ehcache.EhCacheManager - Added EhCache named [org.obiba.shiro.realm.ObibaRealm.authorizationCache.9]
2021-11-16 21:12:36,393 [main] INFO  org.quartz.impl.StdSchedulerFactory - Using default implementation for ThreadExecutor
2021-11-16 21:12:36,434 [main] INFO  org.quartz.core.SchedulerSignalerImpl - Initialized Scheduler Signaller of type: class org.quartz.core.SchedulerSignalerImpl
2021-11-16 21:12:36,434 [main] INFO  org.quartz.core.QuartzScheduler - Quartz Scheduler v.2.2.2 created.
2021-11-16 21:12:36,439 [main] INFO  org.springframework.scheduling.quartz.LocalDataSourceJobStore - JobStoreCMT initialized.
2021-11-16 21:12:36,441 [main] INFO  org.quartz.core.QuartzScheduler - Scheduler meta-data: Quartz Scheduler (v2.2.2) 'Opal Scheduler' with instanceId 'NON_CLUSTERED'
  Scheduler class: 'org.quartz.core.QuartzScheduler' - running locally.
  NOT STARTED.
  Currently in standby mode.
  Number of jobs executed: 0
  Using thread pool 'org.quartz.simpl.SimpleThreadPool' - with 10 threads.
  Using job-store 'org.springframework.scheduling.quartz.LocalDataSourceJobStore' - which supports persistence. and is not clustered.

2021-11-16 21:12:36,441 [main] INFO  org.quartz.impl.StdSchedulerFactory - Quartz scheduler 'Opal Scheduler' initialized from an externally provided properties instance.
2021-11-16 21:12:36,441 [main] INFO  org.quartz.impl.StdSchedulerFactory - Quartz scheduler version: 2.2.2
2021-11-16 21:12:36,441 [main] INFO  org.quartz.core.QuartzScheduler - JobFactory set to: org.springframework.scheduling.quartz.SpringBeanJobFactory@2aa5a02e
2021-11-16 21:12:37,015 [main] INFO  org.obiba.opal.core.runtime.EventBusConfiguration$EventBusSubscriberPostProcessor - Register bean appsServiceImpl (org.obiba.opal.core.service.AppsServiceImpl) containing method onAppRejected to EventBus
2021-11-16 21:12:37,016 [main] INFO  org.obiba.opal.core.runtime.EventBusConfiguration$EventBusSubscriberPostProcessor - Register bean rockServerDiscoveryService (org.obiba.opal.r.rock.RockServerDiscoveryService) containing method onAppUnregistered to EventBus
2021-11-16 21:12:37,110 [main] INFO  org.obiba.opal.core.runtime.EventBusConfiguration$EventBusSubscriberPostProcessor - Register bean opalCallbackFilter (org.obiba.opal.server.httpd.OpalCallbackFilter) containing method onOpalGeneralConfigUpdated to EventBus
2021-11-16 21:12:37,120 [main] INFO  org.obiba.opal.core.runtime.EventBusConfiguration$EventBusSubscriberPostProcessor - Register bean opalLoginFilter (org.obiba.opal.server.httpd.OpalLoginFilter) containing method onOpalGeneralConfigUpdated to EventBus
2021-11-16 21:12:37,139 [main] INFO  org.obiba.opal.core.runtime.EventBusConfiguration$EventBusSubscriberPostProcessor - Register bean projectPermissionsUpdateListener (org.obiba.opal.core.service.ProjectPermissionsUpdateListener) containing method onDatasourceDeleted to EventBus
2021-11-16 21:12:37,320 [main] INFO  org.obiba.opal.core.runtime.EventBusConfiguration$EventBusSubscriberPostProcessor - Register bean opalAnalysisServiceImpl (org.obiba.opal.core.service.OpalAnalysisServiceImpl) containing method onDatasourceDeleted to EventBus
2021-11-16 21:12:37,539 [main] INFO  org.obiba.opal.core.runtime.EventBusConfiguration$EventBusSubscriberPostProcessor - Register bean resourceReferenceServiceImpl (org.obiba.opal.core.service.ResourceReferenceServiceImpl) containing method onProjectDeleted to EventBus
2021-11-16 21:12:37,691 [main] INFO  org.obiba.opal.core.runtime.EventBusConfiguration$EventBusSubscriberPostProcessor - Register bean projectsServiceImpl (com.sun.proxy.$Proxy96) containing method onValueTableDeleted to EventBus
2021-11-16 21:12:37,843 [main] INFO  org.obiba.opal.core.runtime.EventBusConfiguration$EventBusSubscriberPostProcessor - Register bean VCFSamplesMappingServiceImpl (org.obiba.opal.core.service.VCFSamplesMappingServiceImpl) containing method onValueTableRenamed to EventBus
2021-11-16 21:12:38,526 [main] INFO  org.obiba.opal.core.service.QuartzTablesCreator - Don't Quartz tables as they already exist
2021-11-16 21:12:38,546 [main] INFO  org.springframework.beans.factory.config.PropertiesFactoryBean - Properties resource not found: /srv/conf/smtp.properties (No such file or directory)
2021-11-16 21:12:38,754 [main] INFO  org.springframework.context.support.DefaultLifecycleProcessor - Starting beans in phase 2147483647
2021-11-16 21:12:38,754 [main] INFO  org.springframework.scheduling.quartz.SchedulerFactoryBean - Starting Quartz Scheduler now
2021-11-16 21:12:38,815 [main] INFO  org.springframework.scheduling.quartz.LocalDataSourceJobStore - Freed 0 triggers from 'acquired' / 'blocked' state.
2021-11-16 21:12:38,817 [main] INFO  org.springframework.scheduling.quartz.LocalDataSourceJobStore - Recovering 0 jobs that were in-progress at the time of the last shut-down.
2021-11-16 21:12:38,817 [main] INFO  org.springframework.scheduling.quartz.LocalDataSourceJobStore - Recovery complete.
2021-11-16 21:12:38,817 [main] INFO  org.springframework.scheduling.quartz.LocalDataSourceJobStore - Removed 0 'complete' triggers.
2021-11-16 21:12:38,818 [main] INFO  org.springframework.scheduling.quartz.LocalDataSourceJobStore - Removed 0 stale fired job entries.
2021-11-16 21:12:38,818 [main] INFO  org.quartz.core.QuartzScheduler - Scheduler Opal Scheduler_$_NON_CLUSTERED started.
2021-11-16 21:12:38,991 [main] INFO  org.springframework.scheduling.annotation.ScheduledAnnotationBeanPostProcessor - No TaskScheduler/ScheduledExecutorService bean found for scheduled processing
2021-11-16 21:12:38,997 [main] INFO  org.springframework.web.context.ContextLoader - Root WebApplicationContext: initialization completed in 16370 ms
2021-11-16 21:12:38,997 [main] INFO  org.eclipse.jetty.server.handler.ContextHandler.ROOT - Initializing Shiro environment
2021-11-16 21:12:38,997 [main] INFO  org.apache.shiro.web.env.EnvironmentLoader - Starting Shiro environment initialization.
2021-11-16 21:12:39,001 [main] INFO  org.apache.shiro.web.env.EnvironmentLoader - Shiro environment initialized in 4 ms.
2021-11-16 21:12:39,016 [main] WARN  org.eclipse.jetty.util.DeprecationWarning - Using @Deprecated Class org.eclipse.jetty.servlets.GzipFilter
2021-11-16 21:12:39,016 [main] WARN  org.eclipse.jetty.servlets.GzipFilter - GzipFilter is deprecated. Use GzipHandler
2021-11-16 21:12:39,018 [main] INFO  org.eclipse.jetty.server.handler.ContextHandler - Started o.e.j.s.ServletContextHandler@5cc1bf20{/,null,AVAILABLE}
2021-11-16 21:12:39,026 [main] INFO  org.eclipse.jetty.server.AbstractConnector - Started ServerConnector@5bec3e0{HTTP/1.1,[http/1.1]}{0.0.0.0:8080}
2021-11-16 21:12:39,470 [main] INFO  org.eclipse.jetty.server.AbstractConnector - Started ServerConnector@2c47a053{SSL,[ssl, http/1.1]}{0.0.0.0:8443}
2021-11-16 21:12:39,470 [main] INFO  org.eclipse.jetty.server.Server - Started @39668ms
2021-11-16 21:12:39,470 [main] INFO  org.obiba.opal.server.OpalServer - Opal Server successfully started.
2021-11-16 21:12:42,404 [qtp888648783-137] INFO  org.eclipse.jetty.util.TypeUtil - JVM Runtime does not support Modules
2021-11-16 21:12:44,090 [qtp888648783-137] INFO  org.apache.shiro.session.mgt.AbstractValidatingSessionManager - Enabling session validation scheduler...
2021-11-16 21:12:44,094 [qtp888648783-137] INFO  org.apache.shiro.cache.ehcache.EhCacheManager - Using existing EHCache named [shiro-activeSessionCache]
2021-11-16 21:12:44,118 [qtp888648783-137] INFO  org.obiba.opal.core.service.SubjectProfileServiceImpl - Creating user home: /home/administrator
2021-11-16 21:12:44,140 [qtp888648783-137] INFO  org.obiba.opal.core.service.security.realm.SpatialRealm - Clear cache perms for USER:administrator
2021-11-16 21:12:44,151 [qtp888648783-137] INFO  org.obiba.opal.core.service.security.realm.SpatialRealm - Clear cache perms for USER:administrator
2021-11-16 21:17:44,092 [SessionValidationThread-1] INFO  org.apache.shiro.session.mgt.AbstractValidatingSessionManager - Validating all active sessions...
2021-11-16 21:17:44,095 [SessionValidationThread-1] INFO  org.apache.shiro.session.mgt.AbstractValidatingSessionManager - Finished session validation.  No sessions were stopped.
2021-11-16 21:22:44,091 [SessionValidationThread-1] INFO  org.apache.shiro.session.mgt.AbstractValidatingSessionManager - Validating all active sessions...
2021-11-16 21:22:44,091 [SessionValidationThread-1] INFO  org.apache.shiro.session.mgt.AbstractValidatingSessionManager - Finished session validation.  No sessions were stopped.
2021-11-16 21:27:44,091 [SessionValidationThread-1] INFO  org.apache.shiro.session.mgt.AbstractValidatingSessionManager - Validating all active sessions...
2021-11-16 21:27:44,091 [SessionValidationThread-1] INFO  org.apache.shiro.session.mgt.AbstractValidatingSessionManager - Finished session validation.  No sessions were stopped.
2021-11-16 21:32:44,091 [SessionValidationThread-1] INFO  org.apache.shiro.session.mgt.AbstractValidatingSessionManager - Validating all active sessions...
2021-11-16 21:32:44,092 [SessionValidationThread-1] INFO  org.apache.shiro.session.mgt.AbstractValidatingSessionManager - Finished session validation.  No sessions were stopped.
2021-11-16 21:37:44,091 [SessionValidationThread-1] INFO  org.apache.shiro.session.mgt.AbstractValidatingSessionManager - Validating all active sessions...
2021-11-16 21:37:44,091 [SessionValidationThread-1] INFO  org.apache.shiro.session.mgt.AbstractValidatingSessionManager - Finished session validation.  No sessions were stopped.
2021-11-16 21:42:44,091 [SessionValidationThread-1] INFO  org.apache.shiro.session.mgt.AbstractValidatingSessionManager - Validating all active sessions...
2021-11-16 21:42:44,091 [SessionValidationThread-1] INFO  org.apache.shiro.session.mgt.AbstractValidatingSessionManager - Finished session validation.  No sessions were stopped.
2021-11-16 21:47:44,091 [SessionValidationThread-1] INFO  org.apache.shiro.session.mgt.AbstractValidatingSessionManager - Validating all active sessions...
2021-11-16 21:47:44,101 [SessionValidationThread-1] INFO  org.apache.shiro.session.mgt.AbstractValidatingSessionManager - Finished session validation.  [3] sessions were stopped.
2021-11-16 21:52:44,091 [SessionValidationThread-1] INFO  org.apache.shiro.session.mgt.AbstractValidatingSessionManager - Validating all active sessions...
2021-11-16 21:52:44,092 [SessionValidationThread-1] INFO  org.apache.shiro.session.mgt.AbstractValidatingSessionManager - Finished session validation.  No sessions were stopped.
2021-11-16 21:57:44,091 [SessionValidationThread-1] INFO  org.apache.shiro.session.mgt.AbstractValidatingSessionManager - Validating all active sessions...
2021-11-16 21:57:44,092 [SessionValidationThread-1] INFO  org.apache.shiro.session.mgt.AbstractValidatingSessionManager - Finished session validation.  No sessions were stopped.
2021-11-16 22:02:44,091 [SessionValidationThread-1] INFO  org.apache.shiro.session.mgt.AbstractValidatingSessionManager - Validating all active sessions...
2021-11-16 22:02:44,091 [SessionValidationThread-1] INFO  org.apache.shiro.session.mgt.AbstractValidatingSessionManager - Finished session validation.  No sessions were stopped.
2021-11-16 22:07:44,091 [SessionValidationThread-1] INFO  org.apache.shiro.session.mgt.AbstractValidatingSessionManager - Validating all active sessions...
2021-11-16 22:07:44,091 [SessionValidationThread-1] INFO  org.apache.shiro.session.mgt.AbstractValidatingSessionManager - Finished session validation.  No sessions were stopped.
2021-11-16 22:12:44,091 [SessionValidationThread-1] INFO  org.apache.shiro.session.mgt.AbstractValidatingSessionManager - Validating all active sessions...
2021-11-16 22:12:44,091 [SessionValidationThread-1] INFO  org.apache.shiro.session.mgt.AbstractValidatingSessionManager - Finished session validation.  No sessions were stopped.
2021-11-16 22:17:44,091 [SessionValidationThread-1] INFO  org.apache.shiro.session.mgt.AbstractValidatingSessionManager - Validating all active sessions...
2021-11-16 22:17:44,091 [SessionValidationThread-1] INFO  org.apache.shiro.session.mgt.AbstractValidatingSessionManager - Finished session validation.  No sessions were stopped.
2021-11-16 22:22:44,091 [SessionValidationThread-1] INFO  org.apache.shiro.session.mgt.AbstractValidatingSessionManager - Validating all active sessions...
2021-11-16 22:22:44,091 [SessionValidationThread-1] INFO  org.apache.shiro.session.mgt.AbstractValidatingSessionManager - Finished session validation.  No sessions were stopped.
2021-11-16 22:27:44,091 [SessionValidationThread-1] INFO  org.apache.shiro.session.mgt.AbstractValidatingSessionManager - Validating all active sessions...
2021-11-16 22:27:44,092 [SessionValidationThread-1] INFO  org.apache.shiro.session.mgt.AbstractValidatingSessionManager - Finished session validation.  No sessions were stopped.
